
Gurobi 10.0.2 (win64) logging started Mon Jul 10 21:30:00 2023

Set parameter LogFile to value "Outputs/Logfiles/model_moo(Jul 10,2130).log"
Gurobi Optimizer version 10.0.2 build v10.0.2rc0 (win64)

CPU model: Intel(R) Core(TM) i5-8265U CPU @ 1.60GHz, instruction set [SSE2|AVX|AVX2]
Thread count: 4 physical cores, 8 logical processors, using up to 8 threads

Optimize a model with 3567 rows, 2824 columns and 8827 nonzeros
Model fingerprint: 0xe0174ae7
Variable types: 2103 continuous, 721 integer (721 binary)
Coefficient statistics:
  Matrix range     [1e+00, 2e+25]
  Objective range  [3e-02, 3e+02]
  Bounds range     [1e+00, 1e+00]
  RHS range        [1e+00, 1e+12]
Warning: Model contains large matrix coefficient range
Warning: Model contains large rhs
         Consider reformulating model or setting NumericFocus parameter
         to avoid numerical issues.

---------------------------------------------------------------------------
Multi-objectives: starting optimization with 2 objectives ... 
---------------------------------------------------------------------------

Multi-objectives: applying initial presolve ...
---------------------------------------------------------------------------

Presolve removed 2644 rows and 1402 columns
Presolve time: 0.03s
Presolved: 923 rows and 1422 columns
---------------------------------------------------------------------------

Multi-objectives: optimize objective 1 (objective_re_1) ...
---------------------------------------------------------------------------

Found heuristic solution: objective 0.0000000
Presolve removed 93 rows and 734 columns
Presolve time: 0.02s
Presolved: 830 rows, 688 columns, 2024 nonzeros
Variable types: 0 continuous, 688 integer (688 binary)
Found heuristic solution: objective -2212.968405

Root relaxation: objective -2.378357e+03, 158 iterations, 0.01 seconds (0.00 work units)

    Nodes    |    Current Node    |     Objective Bounds      |     Work
 Expl Unexpl |  Obj  Depth IntInf | Incumbent    BestBd   Gap | It/Node Time

*    0     0               0    -2378.356955 -2378.3570  0.00%     -    0s

Explored 1 nodes (158 simplex iterations) in 0.16 seconds (0.02 work units)
Thread count was 8 (of 8 available processors)

Solution count 2: -2378.36 -2212.97 
No other solutions better than -2378.36

Optimal solution found (tolerance 1.00e-04)
Best objective -2.378356955050e+03, best bound -2.378356955050e+03, gap 0.0000%
---------------------------------------------------------------------------

Multi-objectives: optimize objective 2 (objective_cost_2) ...
---------------------------------------------------------------------------


Loaded user MIP start with objective 1875

Presolve removed 197 rows and 818 columns
Presolve time: 0.05s
Presolved: 727 rows, 604 columns, 2363 nonzeros
Found heuristic solution: objective -18617.28403
Variable types: 0 continuous, 604 integer (604 binary)

Root relaxation: objective -2.318988e+04, 531 iterations, 0.03 seconds (0.01 work units)

    Nodes    |    Current Node    |     Objective Bounds      |     Work
 Expl Unexpl |  Obj  Depth IntInf | Incumbent    BestBd   Gap | It/Node Time

     0     0 -23189.880    0   33 -18617.284 -23189.880  24.6%     -    0s
H    0     0                    -22966.28150 -23189.880  0.97%     -    0s
     0     0 -23165.658    0   33 -22966.282 -23165.658  0.87%     -    0s
     0     0 -23098.610    0   10 -22966.282 -23098.610  0.58%     -    0s
     0     0 -23061.448    0   46 -22966.282 -23061.448  0.41%     -    0s
     0     0 -23059.721    0   14 -22966.282 -23059.721  0.41%     -    0s

Cutting planes:
  Gomory: 2
  MIR: 1
  StrongCG: 1
  RLT: 1

Explored 1 nodes (663 simplex iterations) in 0.57 seconds (0.06 work units)
Thread count was 8 (of 8 available processors)

Solution count 2: -22966.3 -18617.3 
No other solutions better than -22966.3

Optimal solution found (tolerance 1.00e-04)
Best objective -2.296628150000e+04, best bound -2.296628150000e+04, gap 0.0000%

---------------------------------------------------------------------------
Multi-objectives: solved in 0.61 seconds (0.06 work units), solution count 4


    Variable            X 
-------------------------
cover[o49,s15]            1 
cover[o156,s3]            1 
cover[o28,s1]            1 
cover[o120,s12]            1 
cover[o123,s12]            1 
cover[o114,s12]            1 
cover[o169,s2]            1 
cover[o18,s3]            1 
cover[o171,s2]            1 
cover[o224,s1]            1 
cover[o196,s1]            1 
cover[o130,s12]            1 
cover[o52,s16]            1 
cover[o153,s3]            1 
cover[o21,s4]            1 
cover[o180,s1]            1 
cover[o127,s16]            1 
cover[o208,s4]            1 
cover[o178,s2]            1 
cover[o177,s2]            1 
cover[o213,s4]            1 
cover[o186,s1]            1 
cover[o17,s12]            1 
cover[o13,s10]            1 
cover[o68,s10]            1 
cover[o188,s20]            1 
cover[o136,s10]            1 
cover[o163,s3]            1 
cover[o166,s2]            1 
cover[o111,s15]            1 
cover[o38,s2]            1 
cover[o147,s3]            1 
cover[o11,s12]            1 
cover[o82,s19]            1 
cover[o165,s2]            1 
cover[o16,s19]            1 
cover[o97,s15]            1 
cover[o176,s2]            1 
cover[o25,s1]            1 
cover[o134,s10]            1 
cover[o145,s6]            1 
cover[o100,s15]            1 
cover[o193,s4]            1 
cover[o101,s12]            1 
cover[o110,s15]            1 
cover[o204,s2]            1 
cover[o113,s12]            1 
cover[o63,s10]            1 
cover[o140,s6]            1 
cover[o202,s16]            1 
cover[o99,s15]            1 
cover[o191,s10]            1 
cover[o137,s6]            1 
cover[o222,s1]            1 
cover[o1,s10]            1 
cover[o91,s19]            1 
cover[o152,s3]            1 
cover[o112,s12]            1 
cover[o40,s2]            1 
cover[o85,s19]            1 
cover[o15,s19]            1 
cover[o179,s2]            1 
cover[o119,s12]            1 
cover[o212,s4]            1 
cover[o89,s19]            1 
cover[o198,s1]            1 
cover[o172,s2]            1 
cover[o174,s2]            1 
cover[o69,s16]            1 
cover[o117,s12]            1 
cover[o86,s19]            1 
cover[o20,s4]            1 
cover[o126,s16]            1 
cover[o43,s2]            1 
cover[o143,s6]            1 
cover[o190,s10]            1 
cover[o129,s16]            1 
cover[o155,s3]            1 
cover[o167,s2]            1 
cover[o121,s12]            1 
cover[o51,s12]            1 
cover[o148,s3]            1 
cover[o184,s1]            1 
cover[o159,s2]            1 
cover[o29,s1]            1 
cover[o181,s1]            1 
cover[o23,s1]            1 
cover[o105,s15]            1 
cover[o161,s3]            1 
cover[o94,s20]            1 
cover[o103,s12]            1 
cover[o80,s19]            1 
cover[o206,s4]            1 
cover[o118,s12]            1 
cover[o37,s2]            1 
cover[o209,s4]            1 
cover[o24,s1]            1 
cover[o154,s3]            1 
cover[o102,s12]            1 
cover[o162,s2]            1 
cover[o2,s10]            1 
cover[o197,s1]            1 
cover[o131,s10]            1 
cover[o150,s3]            1 
cover[o10,s18]            1 
cover[o142,s3]            1 
cover[o133,s10]            1 
cover[o77,s16]            1 
cover[o74,s16]            1 
cover[o132,s10]            1 
cover[o22,s1]            1 
cover[o182,s1]            1 
cover[o211,s4]            1 
cover[o72,s16]            1 
cover[o65,s10]            1 
cover[o4,s16]            1 
cover[o47,s12]            1 
cover[o46,s16]            1 
cover[o122,s12]            1 
cover[o81,s19]            1 
cover[o144,s3]            1 
cover[o221,s1]            1 
cover[o203,s20]            1 
cover[o187,s1]            1 
cover[o104,s15]            1 
cover[o219,s1]            1 
cover[o124,s12]            1 
cover[o210,s4]            1 
cover[o195,s1]            1 
cover[o194,s1]            1 
cover[o108,s12]            1 
cover[o59,s10]            1 
cover[o192,s1]            1 
cover[o220,s1]            1 
cover[o173,s2]            1 
cover[o216,s4]            1 
cover[o151,s3]            1 
cover[o64,s10]            1 
cover[o76,s16]            1 
cover[o44,s16]            1 
cover[o27,s1]            1 
cover[o214,s4]            1 
cover[o12,s15]            1 
cover[o164,s3]            1 
cover[o84,s19]            1 
cover[o7,s20]            1 
cover[o125,s12]            1 
cover[o56,s10]            1 
cover[o146,s3]            1 
cover[o109,s15]            1 
cover[o205,s4]            1 
cover[o139,s6]            1 
cover[o175,s2]            1 
cover[o78,s16]            1 
cover[o168,s2]            1 
cover[o158,s2]            1 
cover[o66,s10]            1 
cover[o57,s10]            1 
cover[o26,s1]            1 
cover[o61,s10]            1 
cover[o157,s3]            1 
cover[o115,s12]            1 
cover[o79,s16]            1 
cover[o73,s16]            1 
cover[o5,s19]            1 
cover[o87,s19]            1 
cover[o95,s20]            1 
cover[o14,s10]            1 
cover[o42,s2]            1 
cover[o19,s6]            1 
cover[o218,s4]            1 
cover[o53,s10]            1 
cover[o128,s16]            1 
cover[o9,s15]            1 
cover[o67,s10]            1 
cover[o8,s15]            1 
cover[o207,s4]            1 
cover[o60,s10]            1 
cover[o183,s1]            1 
cover[o55,s10]            1 
cover[o98,s15]            1 
cover[o160,s3]            1 
cover[o93,s20]            1 
cover[o96,s15]            1 
cover[o135,s10]            1 
cover[o149,s3]            1 
cover[o45,s10]            1 
cover[o189,s20]            1 
cover[o75,s16]            1 
cover[o90,s19]            1 
cover[o170,s2]            1 
cover[o141,s6]            1 
cover[o88,s19]            1 
cover[o223,s1]            1 
 select[s20]            1 
 select[s18]            1 
  select[s6]            1 
  select[s3]            1 
  select[s4]            1 
 select[s10]            1 
 select[s15]            1 
  select[s2]            1 
 select[s19]            1 
 select[s16]            1 
 select[s12]            1 
  select[s1]            1 
deploy[o49,s15,c]           31 
deploy[o49,s16,c]           31 
deploy[o49,s18,c]           31 
deploy[o156,s2,c]           31 
deploy[o156,s3,c]           31 
deploy[o156,s4,c]           31 
deploy[o156,s6,c]           31 
deploy[o28,s1,c]          110 
deploy[o120,s12,i]          157 
deploy[o123,s12,c]            5 
deploy[o114,s12,c]            5 
deploy[o169,s1,i]            7 
deploy[o18,s3,i]           37 
deploy[o18,s4,i]           37 
deploy[o171,s3,i]           37 
deploy[o130,s6,i]           37 
deploy[o130,s10,i]           37 
deploy[o130,s12,i]           37 
deploy[o52,s10,i]           37 
deploy[o52,s12,i]           37 
deploy[o52,s16,i]           37 
deploy[o153,s3,i]            7 
deploy[o153,s4,i]            7 
deploy[o153,s6,i]            7 
deploy[o21,s3,c]          110 
deploy[o21,s4,c]          110 
deploy[o127,s12,c]          110 
deploy[o127,s15,c]          110 
deploy[o127,s16,c]          110 
deploy[o208,s3,c]          110 
deploy[o208,s4,c]          110 
deploy[o178,s2,c]            5 
deploy[o177,s2,c]           31 
deploy[o213,s3,i]            7 
deploy[o213,s4,i]            7 
deploy[o17,s12,m]          100 
deploy[o17,s15,m]          100 
deploy[o13,s6,m]          100 
deploy[o13,s12,m]          100 
deploy[o68,s6,i]          157 
deploy[o68,s10,i]          157 
deploy[o188,s18,c]           31 
deploy[o188,s19,c]           31 
deploy[o188,s20,c]           31 
deploy[o136,s6,c]          110 
deploy[o136,s10,c]          110 
deploy[o136,s12,c]          110 
deploy[o163,s2,m]          100 
deploy[o163,s3,m]          100 
deploy[o163,s4,m]          100 
deploy[o166,s2,m]           20 
deploy[o166,s3,m]           20 
deploy[o166,s4,m]           20 
deploy[o111,s15,m]            2 
deploy[o111,s18,m]            2 
deploy[o111,s20,m]            2 
deploy[o147,s3,i]            7 
deploy[o147,s4,i]            7 
deploy[o147,s6,i]            7 
deploy[o11,s12,m]            2 
deploy[o11,s15,m]            2 
deploy[o82,s16,c]            5 
deploy[o82,s18,c]            5 
deploy[o82,s19,c]            5 
deploy[o82,s20,c]            5 
deploy[o165,s2,m]            2 
deploy[o16,s18,c]           31 
deploy[o16,s19,c]           31 
deploy[o16,s20,c]           31 
deploy[o97,s12,i]          157 
deploy[o97,s15,i]          157 
deploy[o97,s16,i]          157 
deploy[o25,s1,i]           37 
deploy[o134,s6,m]           20 
deploy[o134,s12,m]           20 
deploy[o145,s3,c]           31 
deploy[o145,s4,c]           31 
deploy[o145,s6,c]           31 
deploy[o100,s15,c]           31 
deploy[o100,s16,c]           31 
deploy[o100,s18,c]           31 
deploy[o193,s2,m]            2 
deploy[o193,s3,m]            2 
deploy[o193,s4,m]            2 
deploy[o101,s12,i]           37 
deploy[o110,s15,c]            5 
deploy[o110,s18,c]            5 
deploy[o110,s20,c]            5 
deploy[o204,s3,i]           37 
deploy[o204,s4,i]           37 
deploy[o113,s12,m]           20 
deploy[o63,s10,c]            5 
deploy[o140,s6,m]           20 
deploy[o202,s15,m]           20 
deploy[o202,s19,m]           20 
deploy[o99,s15,i]            7 
deploy[o99,s16,i]            7 
deploy[o99,s18,i]            7 
deploy[o191,s10,c]           31 
deploy[o137,s3,m]            2 
deploy[o137,s6,m]            2 
deploy[o222,s1,i]            7 
deploy[o91,s18,m]          100 
deploy[o91,s19,m]          100 
deploy[o91,s20,m]          100 
deploy[o152,s3,i]            7 
deploy[o152,s4,i]            7 
deploy[o152,s6,i]            7 
deploy[o112,s12,m]            2 
deploy[o40,s2,m]          100 
deploy[o40,s3,m]          100 
deploy[o85,s16,i]            7 
deploy[o85,s18,i]            7 
deploy[o85,s19,i]            7 
deploy[o85,s20,i]            7 
deploy[o15,s18,m]          100 
deploy[o15,s19,m]          100 
deploy[o15,s20,m]          100 
deploy[o179,s2,c]          110 
deploy[o119,s12,c]           31 
deploy[o212,s3,m]            2 
deploy[o212,s4,m]            2 
deploy[o89,s18,c]          110 
deploy[o89,s19,c]          110 
deploy[o89,s20,c]          110 
deploy[o198,s1,i]          157 
deploy[o172,s3,i]           37 
deploy[o174,s2,m]            2 
deploy[o174,s3,m]            2 
deploy[o69,s10,c]           31 
deploy[o69,s16,c]           31 
deploy[o117,s12,i]           37 
deploy[o86,s18,i]            7 
deploy[o86,s19,i]            7 
deploy[o86,s20,i]            7 
deploy[o20,s3,m]            2 
deploy[o20,s4,m]            2 
deploy[o126,s12,i]          157 
deploy[o126,s15,i]          157 
deploy[o126,s16,i]          157 
deploy[o43,s2,c]            5 
deploy[o43,s3,c]            5 
deploy[o143,s3,m]            2 
deploy[o143,s4,m]            2 
deploy[o143,s6,m]            2 
deploy[o129,s12,c]          110 
deploy[o129,s15,c]          110 
deploy[o129,s16,c]          110 
deploy[o155,s2,c]           31 
deploy[o155,s3,c]           31 
deploy[o155,s4,c]           31 
deploy[o155,s6,c]           31 
deploy[o167,s1,c]          110 
deploy[o167,s2,c]          110 
deploy[o121,s12,i]            7 
deploy[o51,s12,c]           31 
deploy[o51,s15,c]           31 
deploy[o51,s16,c]           31 
deploy[o148,s3,c]           31 
deploy[o148,s4,c]           31 
deploy[o148,s6,c]           31 
deploy[o159,s2,m]            2 
deploy[o159,s3,m]            2 
deploy[o159,s4,m]            2 
deploy[o29,s1,c]          110 
deploy[o181,s1,i]            7 
deploy[o23,s1,c]           31 
deploy[o23,s2,c]           31 
deploy[o105,s12,m]            2 
deploy[o105,s15,m]            2 
deploy[o161,s3,i]            7 
deploy[o161,s4,i]            7 
deploy[o94,s18,c]          110 
deploy[o94,s19,c]          110 
deploy[o94,s20,c]          110 
deploy[o103,s12,i]          157 
deploy[o103,s15,i]          157 
deploy[o80,s16,c]           31 
deploy[o80,s18,c]           31 
deploy[o80,s19,c]           31 
deploy[o80,s20,c]           31 
deploy[o206,s3,i]           37 
deploy[o206,s4,i]           37 
deploy[o118,s12,c]            5 
deploy[o37,s1,c]          110 
deploy[o37,s2,c]          110 
deploy[o209,s3,i]            7 
deploy[o209,s4,i]            7 
deploy[o24,s1,c]          110 
deploy[o24,s2,c]          110 
deploy[o154,s2,m]           20 
deploy[o154,s3,m]           20 
deploy[o154,s4,m]           20 
deploy[o102,s12,i]           37 
deploy[o102,s15,i]           37 
deploy[o102,s16,i]           37 
deploy[o162,s3,i]          157 
deploy[o162,s4,i]          157 
deploy[o2,s10,c]          110 
deploy[o197,s1,i]           37 
deploy[o131,s6,i]            7 
deploy[o131,s10,i]            7 
deploy[o131,s12,i]            7 
deploy[o150,s2,c]           31 
deploy[o150,s3,c]           31 
deploy[o150,s4,c]           31 
deploy[o10,s15,m]          100 
deploy[o10,s18,m]          100 
deploy[o10,s19,m]          100 
deploy[o10,s20,m]          100 
deploy[o142,s3,i]          157 
deploy[o142,s4,i]          157 
deploy[o142,s6,i]          157 
deploy[o133,s6,m]           20 
deploy[o133,s12,m]           20 
deploy[o77,s10,i]           37 
deploy[o77,s16,i]           37 
deploy[o74,s15,c]           31 
deploy[o74,s16,c]           31 
deploy[o74,s19,c]           31 
deploy[o132,s6,m]           20 
deploy[o132,s12,m]           20 
deploy[o22,s1,i]          157 
deploy[o182,s1,i]          157 
deploy[o211,s3,m]          100 
deploy[o211,s4,m]          100 
deploy[o72,s15,c]            5 
deploy[o72,s16,c]            5 
deploy[o65,s10,i]            7 
deploy[o4,s15,m]           20 
deploy[o4,s18,m]           20 
deploy[o4,s19,m]           20 
deploy[o47,s12,i]            7 
deploy[o46,s10,c]          110 
deploy[o46,s16,c]          110 
deploy[o122,s12,c]           31 
deploy[o81,s16,i]            7 
deploy[o81,s18,i]            7 
deploy[o81,s19,i]            7 
deploy[o81,s20,i]            7 
deploy[o144,s3,c]          110 
deploy[o144,s4,c]          110 
deploy[o144,s6,c]          110 
deploy[o221,s1,i]          157 
deploy[o203,s18,m]            2 
deploy[o203,s19,m]            2 
deploy[o203,s20,m]            2 
deploy[o187,s1,i]           37 
deploy[o104,s12,m]          100 
deploy[o104,s15,m]          100 
deploy[o219,s1,i]            7 
deploy[o124,s12,m]            2 
deploy[o210,s3,c]           31 
deploy[o210,s4,c]           31 
deploy[o195,s1,i]            7 
deploy[o194,s1,c]          110 
deploy[o108,s12,c]            5 
deploy[o59,s10,c]           31 
deploy[o192,s1,i]            7 
deploy[o220,s1,c]            5 
deploy[o173,s2,c]           31 
deploy[o173,s3,c]           31 
deploy[o216,s3,c]            5 
deploy[o216,s4,c]            5 
deploy[o151,s2,m]           20 
deploy[o151,s3,m]           20 
deploy[o151,s4,m]           20 
deploy[o64,s10,c]            5 
deploy[o76,s10,c]           31 
deploy[o76,s16,c]           31 
deploy[o44,s15,c]          110 
deploy[o44,s16,c]          110 
deploy[o44,s18,c]          110 
deploy[o44,s19,c]          110 
deploy[o27,s1,i]          157 
deploy[o214,s3,m]          100 
deploy[o214,s4,m]          100 
deploy[o214,s6,m]          100 
deploy[o12,s12,i]          157 
deploy[o12,s15,i]          157 
deploy[o12,s16,i]          157 
deploy[o164,s2,c]           31 
deploy[o164,s3,c]           31 
deploy[o164,s4,c]           31 
deploy[o84,s15,c]           31 
deploy[o84,s16,c]           31 
deploy[o84,s18,c]           31 
deploy[o84,s19,c]           31 
deploy[o84,s20,c]           31 
deploy[o7,s15,i]          157 
deploy[o7,s16,i]          157 
deploy[o7,s18,i]          157 
deploy[o7,s19,i]          157 
deploy[o7,s20,i]          157 
deploy[o125,s12,i]           37 
deploy[o56,s10,c]           31 
deploy[o146,s3,m]           20 
deploy[o146,s4,m]           20 
deploy[o146,s6,m]           20 
deploy[o109,s15,m]           20 
deploy[o109,s18,m]           20 
deploy[o205,s3,i]            7 
deploy[o205,s4,i]            7 
deploy[o139,s6,m]           20 
deploy[o139,s12,m]           20 
deploy[o175,s2,m]            2 
deploy[o78,s15,c]          110 
deploy[o78,s16,c]          110 
deploy[o78,s19,c]          110 
deploy[o168,s3,i]           37 
deploy[o158,s2,m]            2 
deploy[o158,s3,m]            2 
deploy[o158,s4,m]            2 
deploy[o66,s10,c]            5 
deploy[o26,s1,i]          157 
deploy[o61,s10,c]           31 
deploy[o157,s2,c]           31 
deploy[o157,s3,c]           31 
deploy[o157,s4,c]           31 
deploy[o157,s6,c]           31 
deploy[o115,s12,m]          100 
deploy[o79,s15,c]           31 
deploy[o79,s16,c]           31 
deploy[o79,s18,c]           31 
deploy[o79,s19,c]           31 
deploy[o73,s15,m]          100 
deploy[o73,s19,m]          100 
deploy[o5,s18,c]          110 
deploy[o5,s19,c]          110 
deploy[o5,s20,c]          110 
deploy[o87,s19,c]          110 
deploy[o87,s20,c]          110 
deploy[o95,s18,i]           37 
deploy[o95,s19,i]           37 
deploy[o95,s20,i]           37 
deploy[o42,s2,c]            5 
deploy[o19,s3,i]           37 
deploy[o19,s6,i]           37 
deploy[o218,s3,c]          110 
deploy[o218,s4,c]          110 
deploy[o218,s6,c]          110 
deploy[o53,s10,c]          110 
deploy[o128,s12,c]            5 
deploy[o128,s15,c]            5 
deploy[o128,s16,c]            5 
deploy[o9,s12,m]           20 
deploy[o9,s15,m]           20 
deploy[o67,s6,i]          157 
deploy[o67,s10,i]          157 
deploy[o8,s12,c]            5 
deploy[o8,s15,c]            5 
deploy[o8,s16,c]            5 
deploy[o207,s3,m]          100 
deploy[o207,s4,m]          100 
deploy[o183,s1,c]           31 
deploy[o55,s10,c]           31 
deploy[o98,s15,c]          110 
deploy[o98,s16,c]          110 
deploy[o98,s18,c]          110 
deploy[o160,s2,c]           31 
deploy[o160,s3,c]           31 
deploy[o160,s4,c]           31 
deploy[o93,s18,c]          110 
deploy[o93,s19,c]          110 
deploy[o93,s20,c]          110 
deploy[o96,s12,m]            2 
deploy[o96,s15,m]            2 
deploy[o135,s6,c]            5 
deploy[o135,s10,c]            5 
deploy[o135,s12,c]            5 
deploy[o149,s3,m]          100 
deploy[o149,s4,m]          100 
deploy[o149,s6,m]          100 
deploy[o45,s10,c]          110 
deploy[o189,s18,i]           37 
deploy[o189,s19,i]           37 
deploy[o189,s20,i]           37 
deploy[o75,s15,c]           31 
deploy[o75,s16,c]           31 
deploy[o75,s18,c]           31 
deploy[o75,s19,c]           31 
deploy[o90,s19,c]          110 
deploy[o90,s20,c]          110 
deploy[o170,s3,i]          157 
deploy[o141,s6,m]            2 
deploy[o88,s18,m]          100 
deploy[o88,s19,m]          100 
deploy[o88,s20,m]          100 
deploy[o223,s1,c]           31 

Gurobi 10.0.2 (win64) logging started Mon Jul 10 21:30:06 2023

Set parameter LogFile to value "Outputs/Logfiles/model_moo(Jul 10,2130).log"
Gurobi Optimizer version 10.0.2 build v10.0.2rc0 (win64)

CPU model: Intel(R) Core(TM) i5-8265U CPU @ 1.60GHz, instruction set [SSE2|AVX|AVX2]
Thread count: 4 physical cores, 8 logical processors, using up to 8 threads

Optimize a model with 3567 rows, 2824 columns and 8827 nonzeros
Model fingerprint: 0xf01a88bd
Variable types: 2103 continuous, 721 integer (721 binary)
Coefficient statistics:
  Matrix range     [1e+00, 2e+25]
  Objective range  [3e-02, 3e+02]
  Bounds range     [1e+00, 1e+00]
  RHS range        [1e+00, 1e+12]
Warning: Model contains large matrix coefficient range
Warning: Model contains large rhs
         Consider reformulating model or setting NumericFocus parameter
         to avoid numerical issues.

---------------------------------------------------------------------------
Multi-objectives: starting optimization with 2 objectives ... 
---------------------------------------------------------------------------

Multi-objectives: applying initial presolve ...
---------------------------------------------------------------------------

Presolve removed 2644 rows and 1402 columns
Presolve time: 0.03s
Presolved: 923 rows and 1422 columns
---------------------------------------------------------------------------

Multi-objectives: optimize objective 1 (objective_re_1) ...
---------------------------------------------------------------------------

Found heuristic solution: objective 0.0000000
Presolve removed 93 rows and 734 columns
Presolve time: 0.02s
Presolved: 830 rows, 688 columns, 2024 nonzeros
Variable types: 0 continuous, 688 integer (688 binary)
Found heuristic solution: objective -1862.563985

Root relaxation: objective -2.377947e+03, 356 iterations, 0.02 seconds (0.00 work units)

    Nodes    |    Current Node    |     Objective Bounds      |     Work
 Expl Unexpl |  Obj  Depth IntInf | Incumbent    BestBd   Gap | It/Node Time

*    0     0               0    -2377.946845 -2377.9468  0.00%     -    0s

Explored 1 nodes (356 simplex iterations) in 0.24 seconds (0.02 work units)
Thread count was 8 (of 8 available processors)

Solution count 2: -2377.95 -1862.56 
No other solutions better than -2377.95

Optimal solution found (tolerance 1.00e-04)
Best objective -2.377946844848e+03, best bound -2.377946844848e+03, gap 0.0000%
---------------------------------------------------------------------------

Multi-objectives: optimize objective 2 (objective_cost_2) ...
---------------------------------------------------------------------------


Loaded user MIP start with objective 1300

Presolve removed 197 rows and 818 columns
Presolve time: 0.05s
Presolved: 727 rows, 604 columns, 2363 nonzeros
Found heuristic solution: objective -11383.76581
Variable types: 0 continuous, 604 integer (604 binary)

Root relaxation: objective -1.554146e+04, 788 iterations, 0.04 seconds (0.01 work units)

    Nodes    |    Current Node    |     Objective Bounds      |     Work
 Expl Unexpl |  Obj  Depth IntInf | Incumbent    BestBd   Gap | It/Node Time

     0     0 -15541.459    0   94 -11383.766 -15541.459  36.5%     -    0s
H    0     0                    -15492.48383 -15541.459  0.32%     -    0s
     0     0 -15499.330    0   18 -15492.484 -15499.330  0.04%     -    0s

Explored 1 nodes (790 simplex iterations) in 0.58 seconds (0.07 work units)
Thread count was 8 (of 8 available processors)

Solution count 2: -15492.5 -11383.8 
No other solutions better than -15492.5

Optimal solution found (tolerance 1.00e-04)
Best objective -1.549248383333e+04, best bound -1.549248383333e+04, gap 0.0000%

---------------------------------------------------------------------------
Multi-objectives: solved in 0.62 seconds (0.07 work units), solution count 4


    Variable            X 
-------------------------
cover[o49,s16]            1 
cover[o156,s3]            1 
cover[o28,s1]            1 
cover[o120,s12]            1 
cover[o123,s12]            1 
cover[o114,s12]            1 
cover[o169,s2]            1 
cover[o18,s3]            1 
cover[o171,s2]            1 
cover[o224,s1]            1 
cover[o196,s1]            1 
cover[o130,s12]            1 
cover[o52,s16]            1 
cover[o153,s3]            1 
cover[o21,s3]            1 
cover[o180,s1]            1 
cover[o127,s16]            1 
cover[o208,s3]            1 
cover[o178,s2]            1 
cover[o177,s2]            1 
cover[o213,s3]            1 
cover[o186,s1]            1 
cover[o17,s12]            1 
cover[o13,s10]            1 
cover[o68,s10]            1 
cover[o188,s20]            1 
cover[o136,s10]            1 
cover[o163,s3]            1 
cover[o166,s2]            1 
cover[o111,s20]            1 
cover[o38,s2]            1 
cover[o147,s3]            1 
cover[o11,s12]            1 
cover[o82,s20]            1 
cover[o165,s2]            1 
cover[o16,s20]            1 
cover[o97,s16]            1 
cover[o176,s2]            1 
cover[o25,s1]            1 
cover[o134,s10]            1 
cover[o145,s3]            1 
cover[o100,s16]            1 
cover[o193,s2]            1 
cover[o101,s12]            1 
cover[o110,s20]            1 
cover[o204,s2]            1 
cover[o113,s12]            1 
cover[o63,s10]            1 
cover[o140,s7]            1 
cover[o202,s16]            1 
cover[o99,s16]            1 
cover[o191,s10]            1 
cover[o137,s7]            1 
cover[o222,s1]            1 
cover[o1,s10]            1 
cover[o91,s20]            1 
cover[o152,s3]            1 
cover[o112,s12]            1 
cover[o40,s2]            1 
cover[o85,s20]            1 
cover[o15,s20]            1 
cover[o179,s2]            1 
cover[o119,s12]            1 
cover[o212,s3]            1 
cover[o89,s20]            1 
cover[o198,s1]            1 
cover[o172,s2]            1 
cover[o174,s2]            1 
cover[o69,s16]            1 
cover[o117,s12]            1 
cover[o86,s20]            1 
cover[o20,s3]            1 
cover[o126,s16]            1 
cover[o43,s2]            1 
cover[o143,s3]            1 
cover[o190,s10]            1 
cover[o129,s16]            1 
cover[o155,s3]            1 
cover[o167,s2]            1 
cover[o121,s12]            1 
cover[o51,s12]            1 
cover[o148,s3]            1 
cover[o184,s1]            1 
cover[o159,s2]            1 
cover[o29,s1]            1 
cover[o181,s1]            1 
cover[o23,s1]            1 
cover[o105,s16]            1 
cover[o161,s3]            1 
cover[o94,s20]            1 
cover[o103,s12]            1 
cover[o80,s16]            1 
cover[o206,s3]            1 
cover[o118,s12]            1 
cover[o37,s2]            1 
cover[o209,s3]            1 
cover[o24,s1]            1 
cover[o154,s3]            1 
cover[o102,s12]            1 
cover[o162,s2]            1 
cover[o2,s10]            1 
cover[o197,s1]            1 
cover[o131,s10]            1 
cover[o150,s3]            1 
cover[o10,s20]            1 
cover[o142,s3]            1 
cover[o133,s10]            1 
cover[o77,s16]            1 
cover[o74,s16]            1 
cover[o132,s10]            1 
cover[o22,s1]            1 
cover[o182,s1]            1 
cover[o211,s3]            1 
cover[o72,s16]            1 
cover[o65,s10]            1 
cover[o4,s16]            1 
cover[o47,s12]            1 
cover[o46,s16]            1 
cover[o122,s12]            1 
cover[o81,s20]            1 
cover[o144,s3]            1 
cover[o221,s1]            1 
cover[o203,s20]            1 
cover[o187,s1]            1 
cover[o104,s12]            1 
cover[o219,s1]            1 
cover[o124,s12]            1 
cover[o210,s3]            1 
cover[o195,s1]            1 
cover[o194,s1]            1 
cover[o108,s12]            1 
cover[o59,s10]            1 
cover[o192,s1]            1 
cover[o220,s1]            1 
cover[o173,s2]            1 
cover[o216,s3]            1 
cover[o151,s3]            1 
cover[o64,s10]            1 
cover[o76,s16]            1 
cover[o44,s16]            1 
cover[o27,s1]            1 
cover[o214,s3]            1 
cover[o12,s16]            1 
cover[o164,s3]            1 
cover[o84,s16]            1 
cover[o7,s20]            1 
cover[o125,s12]            1 
cover[o56,s10]            1 
cover[o146,s3]            1 
cover[o109,s16]            1 
cover[o205,s3]            1 
cover[o139,s7]            1 
cover[o175,s2]            1 
cover[o78,s16]            1 
cover[o168,s2]            1 
cover[o158,s2]            1 
cover[o66,s10]            1 
cover[o57,s10]            1 
cover[o26,s1]            1 
cover[o61,s10]            1 
cover[o157,s3]            1 
cover[o115,s12]            1 
cover[o79,s16]            1 
cover[o73,s16]            1 
cover[o5,s20]            1 
cover[o87,s20]            1 
cover[o95,s20]            1 
cover[o14,s10]            1 
cover[o42,s2]            1 
cover[o19,s7]            1 
cover[o218,s3]            1 
cover[o53,s10]            1 
cover[o128,s16]            1 
cover[o9,s16]            1 
cover[o67,s10]            1 
cover[o8,s16]            1 
cover[o207,s3]            1 
cover[o60,s10]            1 
cover[o183,s1]            1 
cover[o55,s10]            1 
cover[o98,s16]            1 
cover[o160,s3]            1 
cover[o93,s20]            1 
cover[o96,s16]            1 
cover[o135,s10]            1 
cover[o149,s3]            1 
cover[o45,s10]            1 
cover[o189,s20]            1 
cover[o75,s16]            1 
cover[o90,s20]            1 
cover[o170,s2]            1 
cover[o141,s7]            1 
cover[o88,s20]            1 
cover[o223,s1]            1 
 select[s20]            1 
  select[s3]            1 
 select[s10]            1 
  select[s2]            1 
  select[s7]            1 
 select[s16]            1 
 select[s12]            1 
  select[s1]            1 
deploy[o49,s16,c]           31 
deploy[o156,s2,c]           31 
deploy[o156,s3,c]           31 
deploy[o28,s1,c]          110 
deploy[o120,s12,i]          157 
deploy[o123,s12,c]            5 
deploy[o114,s12,c]            5 
deploy[o169,s1,i]            7 
deploy[o18,s3,i]           37 
deploy[o171,s3,i]           37 
deploy[o130,s7,i]           37 
deploy[o130,s10,i]           37 
deploy[o130,s12,i]           37 
deploy[o52,s10,i]           37 
deploy[o52,s12,i]           37 
deploy[o52,s16,i]           37 
deploy[o153,s3,i]            7 
deploy[o21,s3,c]          110 
deploy[o127,s12,c]          110 
deploy[o127,s16,c]          110 
deploy[o208,s3,c]          110 
deploy[o178,s2,c]            5 
deploy[o177,s2,c]           31 
deploy[o213,s3,i]            7 
deploy[o17,s12,m]          100 
deploy[o13,s7,m]          100 
deploy[o13,s12,m]          100 
deploy[o68,s7,i]          157 
deploy[o68,s10,i]          157 
deploy[o188,s20,c]           31 
deploy[o136,s7,c]          110 
deploy[o136,s10,c]          110 
deploy[o136,s12,c]          110 
deploy[o163,s2,m]          100 
deploy[o163,s3,m]          100 
deploy[o166,s2,m]           20 
deploy[o166,s3,m]           20 
deploy[o111,s20,m]            2 
deploy[o147,s3,i]            7 
deploy[o147,s7,i]            7 
deploy[o11,s12,m]            2 
deploy[o82,s16,c]            5 
deploy[o82,s20,c]            5 
deploy[o165,s2,m]            2 
deploy[o16,s20,c]           31 
deploy[o97,s12,i]          157 
deploy[o97,s16,i]          157 
deploy[o25,s1,i]           37 
deploy[o134,s7,m]           20 
deploy[o134,s12,m]           20 
deploy[o145,s3,c]           31 
deploy[o145,s7,c]           31 
deploy[o100,s16,c]           31 
deploy[o193,s2,m]            2 
deploy[o193,s3,m]            2 
deploy[o101,s12,i]           37 
deploy[o110,s20,c]            5 
deploy[o204,s3,i]           37 
deploy[o113,s12,m]           20 
deploy[o63,s7,c]            5 
deploy[o63,s10,c]            5 
deploy[o140,s7,m]           20 
deploy[o99,s16,i]            7 
deploy[o191,s7,c]           31 
deploy[o191,s10,c]           31 
deploy[o137,s3,m]            2 
deploy[o137,s7,m]            2 
deploy[o222,s1,i]            7 
deploy[o91,s20,m]          100 
deploy[o152,s3,i]            7 
deploy[o152,s7,i]            7 
deploy[o112,s12,m]            2 
deploy[o40,s2,m]          100 
deploy[o40,s3,m]          100 
deploy[o85,s16,i]            7 
deploy[o85,s20,i]            7 
deploy[o15,s20,m]          100 
deploy[o179,s2,c]          110 
deploy[o119,s12,c]           31 
deploy[o212,s3,m]            2 
deploy[o212,s7,m]            2 
deploy[o89,s20,c]          110 
deploy[o198,s1,i]          157 
deploy[o172,s3,i]           37 
deploy[o174,s2,m]            2 
deploy[o174,s3,m]            2 
deploy[o69,s10,c]           31 
deploy[o69,s16,c]           31 
deploy[o117,s12,i]           37 
deploy[o86,s20,i]            7 
deploy[o20,s3,m]            2 
deploy[o126,s12,i]          157 
deploy[o126,s16,i]          157 
deploy[o43,s2,c]            5 
deploy[o43,s3,c]            5 
deploy[o143,s3,m]            2 
deploy[o143,s7,m]            2 
deploy[o190,s7,m]           20 
deploy[o129,s12,c]          110 
deploy[o129,s16,c]          110 
deploy[o155,s2,c]           31 
deploy[o155,s3,c]           31 
deploy[o167,s1,c]          110 
deploy[o167,s2,c]          110 
deploy[o121,s12,i]            7 
deploy[o51,s12,c]           31 
deploy[o51,s16,c]           31 
deploy[o148,s3,c]           31 
deploy[o148,s7,c]           31 
deploy[o159,s2,m]            2 
deploy[o159,s3,m]            2 
deploy[o29,s1,c]          110 
deploy[o181,s1,i]            7 
deploy[o23,s1,c]           31 
deploy[o23,s2,c]           31 
deploy[o105,s12,m]            2 
deploy[o161,s3,i]            7 
deploy[o94,s20,c]          110 
deploy[o103,s12,i]          157 
deploy[o80,s16,c]           31 
deploy[o80,s20,c]           31 
deploy[o206,s3,i]           37 
deploy[o118,s12,c]            5 
deploy[o37,s1,c]          110 
deploy[o37,s2,c]          110 
deploy[o209,s3,i]            7 
deploy[o24,s1,c]          110 
deploy[o24,s2,c]          110 
deploy[o154,s2,m]           20 
deploy[o154,s3,m]           20 
deploy[o102,s12,i]           37 
deploy[o102,s16,i]           37 
deploy[o162,s3,i]          157 
deploy[o2,s7,c]          110 
deploy[o2,s10,c]          110 
deploy[o197,s1,i]           37 
deploy[o131,s7,i]            7 
deploy[o131,s10,i]            7 
deploy[o131,s12,i]            7 
deploy[o150,s2,c]           31 
deploy[o150,s3,c]           31 
deploy[o10,s20,m]          100 
deploy[o142,s3,i]          157 
deploy[o142,s7,i]          157 
deploy[o133,s7,m]           20 
deploy[o133,s12,m]           20 
deploy[o77,s10,i]           37 
deploy[o77,s16,i]           37 
deploy[o74,s16,c]           31 
deploy[o132,s7,m]           20 
deploy[o132,s12,m]           20 
deploy[o22,s1,i]          157 
deploy[o182,s1,i]          157 
deploy[o211,s3,m]          100 
deploy[o72,s16,c]            5 
deploy[o65,s7,i]            7 
deploy[o65,s10,i]            7 
deploy[o47,s12,i]            7 
deploy[o46,s10,c]          110 
deploy[o46,s16,c]          110 
deploy[o122,s12,c]           31 
deploy[o81,s16,i]            7 
deploy[o81,s20,i]            7 
deploy[o144,s3,c]          110 
deploy[o144,s7,c]          110 
deploy[o221,s1,i]          157 
deploy[o203,s20,m]            2 
deploy[o187,s1,i]           37 
deploy[o104,s12,m]          100 
deploy[o219,s1,i]            7 
deploy[o124,s12,m]            2 
deploy[o210,s3,c]           31 
deploy[o195,s1,i]            7 
deploy[o194,s1,c]          110 
deploy[o108,s12,c]            5 
deploy[o59,s7,c]           31 
deploy[o59,s10,c]           31 
deploy[o192,s1,i]            7 
deploy[o220,s1,c]            5 
deploy[o173,s2,c]           31 
deploy[o173,s3,c]           31 
deploy[o216,s3,c]            5 
deploy[o151,s2,m]           20 
deploy[o151,s3,m]           20 
deploy[o64,s7,c]            5 
deploy[o64,s10,c]            5 
deploy[o76,s10,c]           31 
deploy[o76,s16,c]           31 
deploy[o44,s16,c]          110 
deploy[o27,s1,i]          157 
deploy[o214,s3,m]          100 
deploy[o214,s7,m]          100 
deploy[o12,s12,i]          157 
deploy[o12,s16,i]          157 
deploy[o164,s2,c]           31 
deploy[o164,s3,c]           31 
deploy[o84,s16,c]           31 
deploy[o84,s20,c]           31 
deploy[o7,s16,i]          157 
deploy[o7,s20,i]          157 
deploy[o125,s12,i]           37 
deploy[o56,s7,c]           31 
deploy[o56,s10,c]           31 
deploy[o146,s3,m]           20 
deploy[o146,s7,m]           20 
deploy[o205,s3,i]            7 
deploy[o139,s7,m]           20 
deploy[o139,s12,m]           20 
deploy[o175,s2,m]            2 
deploy[o78,s16,c]          110 
deploy[o168,s3,i]           37 
deploy[o158,s2,m]            2 
deploy[o158,s3,m]            2 
deploy[o66,s7,c]            5 
deploy[o66,s10,c]            5 
deploy[o57,s7,m]           20 
deploy[o26,s1,i]          157 
deploy[o61,s7,c]           31 
deploy[o61,s10,c]           31 
deploy[o157,s2,c]           31 
deploy[o157,s3,c]           31 
deploy[o115,s12,m]          100 
deploy[o79,s16,c]           31 
deploy[o5,s20,c]          110 
deploy[o87,s20,c]          110 
deploy[o95,s20,i]           37 
deploy[o42,s2,c]            5 
deploy[o19,s3,i]           37 
deploy[o19,s7,i]           37 
deploy[o218,s3,c]          110 
deploy[o218,s7,c]          110 
deploy[o53,s7,c]          110 
deploy[o53,s10,c]          110 
deploy[o128,s12,c]            5 
deploy[o128,s16,c]            5 
deploy[o9,s12,m]           20 
deploy[o67,s7,i]          157 
deploy[o67,s10,i]          157 
deploy[o8,s12,c]            5 
deploy[o8,s16,c]            5 
deploy[o207,s3,m]          100 
deploy[o183,s1,c]           31 
deploy[o55,s7,c]           31 
deploy[o55,s10,c]           31 
deploy[o98,s16,c]          110 
deploy[o160,s2,c]           31 
deploy[o160,s3,c]           31 
deploy[o93,s20,c]          110 
deploy[o96,s12,m]            2 
deploy[o135,s7,c]            5 
deploy[o135,s10,c]            5 
deploy[o135,s12,c]            5 
deploy[o149,s3,m]          100 
deploy[o149,s7,m]          100 
deploy[o45,s10,c]          110 
deploy[o189,s20,i]           37 
deploy[o75,s16,c]           31 
deploy[o90,s20,c]          110 
deploy[o170,s3,i]          157 
deploy[o141,s7,m]            2 
deploy[o88,s20,m]          100 
deploy[o223,s1,c]           31 

Gurobi 10.0.2 (win64) logging started Mon Jul 10 21:30:10 2023

Set parameter LogFile to value "Outputs/Logfiles/model_moo(Jul 10,2130).log"
Gurobi Optimizer version 10.0.2 build v10.0.2rc0 (win64)

CPU model: Intel(R) Core(TM) i5-8265U CPU @ 1.60GHz, instruction set [SSE2|AVX|AVX2]
Thread count: 4 physical cores, 8 logical processors, using up to 8 threads

Optimize a model with 3567 rows, 2824 columns and 8827 nonzeros
Model fingerprint: 0x588c7d3f
Variable types: 2103 continuous, 721 integer (721 binary)
Coefficient statistics:
  Matrix range     [1e+00, 2e+25]
  Objective range  [3e-02, 3e+02]
  Bounds range     [1e+00, 1e+00]
  RHS range        [1e+00, 1e+12]
Warning: Model contains large matrix coefficient range
Warning: Model contains large rhs
         Consider reformulating model or setting NumericFocus parameter
         to avoid numerical issues.

---------------------------------------------------------------------------
Multi-objectives: starting optimization with 2 objectives ... 
---------------------------------------------------------------------------

Multi-objectives: applying initial presolve ...
---------------------------------------------------------------------------

Presolve removed 2644 rows and 1402 columns
Presolve time: 0.03s
Presolved: 923 rows and 1422 columns
---------------------------------------------------------------------------

Multi-objectives: optimize objective 1 (objective_re_1) ...
---------------------------------------------------------------------------

Found heuristic solution: objective 0.0000000
Presolve removed 93 rows and 734 columns
Presolve time: 0.02s
Presolved: 830 rows, 688 columns, 2024 nonzeros
Variable types: 0 continuous, 688 integer (688 binary)
Found heuristic solution: objective -1656.140899

Root relaxation: objective -2.247848e+03, 629 iterations, 0.03 seconds (0.01 work units)

    Nodes    |    Current Node    |     Objective Bounds      |     Work
 Expl Unexpl |  Obj  Depth IntInf | Incumbent    BestBd   Gap | It/Node Time

*    0     0               0    -2247.847528 -2247.8475  0.00%     -    0s

Explored 1 nodes (629 simplex iterations) in 0.22 seconds (0.02 work units)
Thread count was 8 (of 8 available processors)

Solution count 2: -2247.85 -1656.14 
No other solutions better than -2247.85

Optimal solution found (tolerance 1.00e-04)
Best objective -2.247847528092e+03, best bound -2.247847528092e+03, gap 0.0000%
---------------------------------------------------------------------------

Multi-objectives: optimize objective 2 (objective_cost_2) ...
---------------------------------------------------------------------------


Loaded user MIP start with objective 825

Presolve removed 108 rows and 745 columns
Presolve time: 0.04s
Presolved: 816 rows, 677 columns, 2652 nonzeros
Found heuristic solution: objective -8922.541167
Variable types: 0 continuous, 677 integer (677 binary)

Root relaxation: objective -8.950873e+03, 941 iterations, 0.03 seconds (0.01 work units)

    Nodes    |    Current Node    |     Objective Bounds      |     Work
 Expl Unexpl |  Obj  Depth IntInf | Incumbent    BestBd   Gap | It/Node Time

     0     0 infeasible    0      -8922.5412 -8922.5412  0.00%     -    0s

Explored 1 nodes (941 simplex iterations) in 0.36 seconds (0.06 work units)
Thread count was 8 (of 8 available processors)

Solution count 1: -8922.54 
No other solutions better than -8922.54

Optimal solution found (tolerance 1.00e-04)
Best objective -8.922541166667e+03, best bound -8.922541166667e+03, gap 0.0000%

---------------------------------------------------------------------------
Multi-objectives: solved in 0.38 seconds (0.06 work units), solution count 3


    Variable            X 
-------------------------
cover[o49,s13]            1 
cover[o156,s3]            1 
cover[o28,s1]            1 
cover[o120,s13]            1 
cover[o114,s13]            1 
cover[o169,s1]            1 
cover[o18,s3]            1 
cover[o171,s3]            1 
cover[o224,s1]            1 
cover[o196,s1]            1 
cover[o130,s10]            1 
cover[o52,s13]            1 
cover[o153,s3]            1 
cover[o21,s3]            1 
cover[o180,s1]            1 
cover[o127,s13]            1 
cover[o208,s3]            1 
cover[o213,s3]            1 
cover[o186,s1]            1 
cover[o17,s13]            1 
cover[o13,s10]            1 
cover[o68,s10]            1 
cover[o188,s19]            1 
cover[o136,s10]            1 
cover[o163,s3]            1 
cover[o166,s3]            1 
cover[o147,s3]            1 
cover[o11,s13]            1 
cover[o82,s19]            1 
cover[o16,s19]            1 
cover[o97,s13]            1 
cover[o25,s1]            1 
cover[o134,s10]            1 
cover[o145,s3]            1 
cover[o100,s13]            1 
cover[o193,s3]            1 
cover[o101,s13]            1 
cover[o204,s3]            1 
cover[o113,s13]            1 
cover[o63,s10]            1 
cover[o202,s19]            1 
cover[o99,s13]            1 
cover[o191,s10]            1 
cover[o137,s3]            1 
cover[o222,s1]            1 
cover[o1,s10]            1 
cover[o91,s19]            1 
cover[o152,s3]            1 
cover[o112,s13]            1 
cover[o40,s3]            1 
cover[o85,s19]            1 
cover[o15,s19]            1 
cover[o119,s13]            1 
cover[o212,s3]            1 
cover[o89,s19]            1 
cover[o198,s1]            1 
cover[o172,s3]            1 
cover[o174,s3]            1 
cover[o69,s10]            1 
cover[o117,s13]            1 
cover[o86,s19]            1 
cover[o20,s3]            1 
cover[o126,s13]            1 
cover[o43,s3]            1 
cover[o143,s3]            1 
cover[o190,s10]            1 
cover[o129,s13]            1 
cover[o155,s3]            1 
cover[o167,s1]            1 
cover[o121,s13]            1 
cover[o51,s13]            1 
cover[o148,s3]            1 
cover[o184,s1]            1 
cover[o159,s3]            1 
cover[o29,s1]            1 
cover[o181,s1]            1 
cover[o23,s1]            1 
cover[o105,s13]            1 
cover[o161,s3]            1 
cover[o94,s19]            1 
cover[o103,s13]            1 
cover[o80,s19]            1 
cover[o206,s3]            1 
cover[o118,s13]            1 
cover[o37,s1]            1 
cover[o209,s3]            1 
cover[o24,s1]            1 
cover[o154,s3]            1 
cover[o102,s13]            1 
cover[o162,s3]            1 
cover[o2,s10]            1 
cover[o197,s1]            1 
cover[o131,s10]            1 
cover[o150,s3]            1 
cover[o10,s19]            1 
cover[o142,s3]            1 
cover[o133,s10]            1 
cover[o77,s10]            1 
cover[o74,s13]            1 
cover[o132,s10]            1 
cover[o22,s1]            1 
cover[o182,s1]            1 
cover[o211,s3]            1 
cover[o65,s10]            1 
cover[o4,s19]            1 
cover[o47,s13]            1 
cover[o46,s10]            1 
cover[o122,s13]            1 
cover[o81,s19]            1 
cover[o144,s3]            1 
cover[o221,s1]            1 
cover[o203,s19]            1 
cover[o187,s1]            1 
cover[o104,s13]            1 
cover[o219,s1]            1 
cover[o124,s13]            1 
cover[o210,s3]            1 
cover[o195,s1]            1 
cover[o194,s1]            1 
cover[o108,s13]            1 
cover[o59,s10]            1 
cover[o192,s1]            1 
cover[o220,s1]            1 
cover[o173,s3]            1 
cover[o216,s3]            1 
cover[o151,s3]            1 
cover[o64,s10]            1 
cover[o76,s10]            1 
cover[o44,s19]            1 
cover[o27,s1]            1 
cover[o214,s3]            1 
cover[o12,s13]            1 
cover[o164,s3]            1 
cover[o84,s19]            1 
cover[o7,s19]            1 
cover[o125,s13]            1 
cover[o56,s10]            1 
cover[o146,s3]            1 
cover[o109,s13]            1 
cover[o205,s3]            1 
cover[o139,s10]            1 
cover[o78,s19]            1 
cover[o168,s3]            1 
cover[o158,s3]            1 
cover[o66,s10]            1 
cover[o57,s10]            1 
cover[o26,s1]            1 
cover[o61,s10]            1 
cover[o157,s3]            1 
cover[o115,s13]            1 
cover[o79,s19]            1 
cover[o73,s19]            1 
cover[o5,s19]            1 
cover[o87,s19]            1 
cover[o95,s19]            1 
cover[o14,s10]            1 
cover[o19,s3]            1 
cover[o218,s3]            1 
cover[o53,s10]            1 
cover[o128,s13]            1 
cover[o9,s13]            1 
cover[o67,s10]            1 
cover[o8,s13]            1 
cover[o207,s3]            1 
cover[o60,s10]            1 
cover[o183,s1]            1 
cover[o55,s10]            1 
cover[o98,s13]            1 
cover[o160,s3]            1 
cover[o93,s19]            1 
cover[o96,s13]            1 
cover[o135,s10]            1 
cover[o149,s3]            1 
cover[o45,s10]            1 
cover[o189,s19]            1 
cover[o75,s19]            1 
cover[o90,s19]            1 
cover[o170,s3]            1 
cover[o141,s10]            1 
cover[o88,s19]            1 
cover[o223,s1]            1 
  select[s3]            1 
 select[s10]            1 
 select[s19]            1 
 select[s13]            1 
  select[s1]            1 
deploy[o156,s3,c]           31 
deploy[o28,s1,c]          110 
deploy[o120,s13,i]          157 
deploy[o169,s1,i]            7 
deploy[o18,s3,i]           37 
deploy[o171,s3,i]           37 
deploy[o130,s10,i]           37 
deploy[o52,s10,i]           37 
deploy[o52,s13,i]           37 
deploy[o153,s3,i]            7 
deploy[o21,s3,c]          110 
deploy[o208,s3,c]          110 
deploy[o213,s3,i]            7 
deploy[o17,s13,m]          100 
deploy[o68,s10,i]          157 
deploy[o188,s19,c]           31 
deploy[o136,s10,c]          110 
deploy[o163,s3,m]          100 
deploy[o166,s3,m]           20 
deploy[o147,s3,i]            7 
deploy[o11,s13,m]            2 
deploy[o82,s19,c]            5 
deploy[o16,s19,c]           31 
deploy[o97,s13,i]          157 
deploy[o25,s1,i]           37 
deploy[o145,s3,c]           31 
deploy[o193,s3,m]            2 
deploy[o101,s13,i]           37 
deploy[o204,s3,i]           37 
deploy[o113,s13,m]           20 
deploy[o63,s10,c]            5 
deploy[o202,s13,m]           20 
deploy[o202,s19,m]           20 
deploy[o99,s13,i]            7 
deploy[o191,s10,c]           31 
deploy[o137,s3,m]            2 
deploy[o222,s1,i]            7 
deploy[o91,s19,m]          100 
deploy[o152,s3,i]            7 
deploy[o112,s13,m]            2 
deploy[o40,s3,m]          100 
deploy[o85,s19,i]            7 
deploy[o15,s19,m]          100 
deploy[o212,s3,m]            2 
deploy[o89,s19,c]          110 
deploy[o198,s1,i]          157 
deploy[o172,s3,i]           37 
deploy[o174,s3,m]            2 
deploy[o69,s10,c]           31 
deploy[o117,s13,i]           37 
deploy[o86,s19,i]            7 
deploy[o20,s3,m]            2 
deploy[o126,s13,i]          157 
deploy[o43,s3,c]            5 
deploy[o143,s3,m]            2 
deploy[o155,s3,c]           31 
deploy[o167,s1,c]          110 
deploy[o121,s13,i]            7 
deploy[o148,s3,c]           31 
deploy[o159,s3,m]            2 
deploy[o29,s1,c]          110 
deploy[o181,s1,i]            7 
deploy[o23,s1,c]           31 
deploy[o105,s13,m]            2 
deploy[o161,s3,i]            7 
deploy[o94,s19,c]          110 
deploy[o103,s13,i]          157 
deploy[o80,s19,c]           31 
deploy[o206,s3,i]           37 
deploy[o37,s1,c]          110 
deploy[o209,s3,i]            7 
deploy[o24,s1,c]          110 
deploy[o154,s3,m]           20 
deploy[o102,s13,i]           37 
deploy[o162,s3,i]          157 
deploy[o2,s10,c]          110 
deploy[o197,s1,i]           37 
deploy[o131,s10,i]            7 
deploy[o150,s3,c]           31 
deploy[o10,s19,m]          100 
deploy[o142,s3,i]          157 
deploy[o77,s10,i]           37 
deploy[o77,s13,i]           37 
deploy[o74,s19,c]           31 
deploy[o22,s1,i]          157 
deploy[o182,s1,i]          157 
deploy[o211,s3,m]          100 
deploy[o65,s10,i]            7 
deploy[o4,s19,m]           20 
deploy[o47,s13,i]            7 
deploy[o46,s10,c]          110 
deploy[o81,s19,i]            7 
deploy[o144,s3,c]          110 
deploy[o221,s1,i]          157 
deploy[o203,s19,m]            2 
deploy[o187,s1,i]           37 
deploy[o104,s13,m]          100 
deploy[o219,s1,i]            7 
deploy[o124,s13,m]            2 
deploy[o210,s3,c]           31 
deploy[o195,s1,i]            7 
deploy[o194,s1,c]          110 
deploy[o59,s10,c]           31 
deploy[o192,s1,i]            7 
deploy[o220,s1,c]            5 
deploy[o173,s3,c]           31 
deploy[o216,s3,c]            5 
deploy[o151,s3,m]           20 
deploy[o64,s10,c]            5 
deploy[o76,s10,c]           31 
deploy[o44,s19,c]          110 
deploy[o27,s1,i]          157 
deploy[o214,s3,m]          100 
deploy[o12,s13,i]          157 
deploy[o164,s3,c]           31 
deploy[o84,s19,c]           31 
deploy[o7,s19,i]          157 
deploy[o125,s13,i]           37 
deploy[o56,s10,c]           31 
deploy[o146,s3,m]           20 
deploy[o109,s13,m]           20 
deploy[o205,s3,i]            7 
deploy[o78,s19,c]          110 
deploy[o168,s3,i]           37 
deploy[o158,s3,m]            2 
deploy[o66,s10,c]            5 
deploy[o26,s1,i]          157 
deploy[o61,s10,c]           31 
deploy[o157,s3,c]           31 
deploy[o115,s13,m]          100 
deploy[o79,s19,c]           31 
deploy[o73,s19,m]          100 
deploy[o5,s19,c]          110 
deploy[o87,s19,c]          110 
deploy[o95,s19,i]           37 
deploy[o19,s3,i]           37 
deploy[o218,s3,c]          110 
deploy[o53,s10,c]          110 
deploy[o9,s13,m]           20 
deploy[o67,s10,i]          157 
deploy[o207,s3,m]          100 
deploy[o183,s1,c]           31 
deploy[o55,s10,c]           31 
deploy[o160,s3,c]           31 
deploy[o93,s19,c]          110 
deploy[o96,s13,m]            2 
deploy[o135,s10,c]            5 
deploy[o149,s3,m]          100 
deploy[o45,s10,c]          110 
deploy[o189,s19,i]           37 
deploy[o75,s19,c]           31 
deploy[o90,s19,c]          110 
deploy[o170,s3,i]          157 
deploy[o88,s19,m]          100 
deploy[o223,s1,c]           31 

Gurobi 10.0.2 (win64) logging started Mon Jul 10 21:30:13 2023

Set parameter LogFile to value "Outputs/Logfiles/model_moo(Jul 10,2130).log"
Gurobi Optimizer version 10.0.2 build v10.0.2rc0 (win64)

CPU model: Intel(R) Core(TM) i5-8265U CPU @ 1.60GHz, instruction set [SSE2|AVX|AVX2]
Thread count: 4 physical cores, 8 logical processors, using up to 8 threads

Optimize a model with 3567 rows, 2824 columns and 8827 nonzeros
Model fingerprint: 0x28580cd8
Variable types: 2103 continuous, 721 integer (721 binary)
Coefficient statistics:
  Matrix range     [1e+00, 2e+25]
  Objective range  [3e-02, 3e+02]
  Bounds range     [1e+00, 1e+00]
  RHS range        [1e+00, 1e+12]
Warning: Model contains large matrix coefficient range
Warning: Model contains large rhs
         Consider reformulating model or setting NumericFocus parameter
         to avoid numerical issues.

---------------------------------------------------------------------------
Multi-objectives: starting optimization with 2 objectives ... 
---------------------------------------------------------------------------

Multi-objectives: applying initial presolve ...
---------------------------------------------------------------------------

Presolve removed 2644 rows and 1402 columns
Presolve time: 0.02s
Presolved: 923 rows and 1422 columns
---------------------------------------------------------------------------

Multi-objectives: optimize objective 1 (objective_re_1) ...
---------------------------------------------------------------------------

Found heuristic solution: objective 0.0000000
Presolve removed 93 rows and 734 columns
Presolve time: 0.01s
Presolved: 830 rows, 688 columns, 2024 nonzeros
Variable types: 0 continuous, 688 integer (688 binary)
Found heuristic solution: objective -1509.329760

Root relaxation: objective -2.037782e+03, 780 iterations, 0.02 seconds (0.01 work units)

    Nodes    |    Current Node    |     Objective Bounds      |     Work
 Expl Unexpl |  Obj  Depth IntInf | Incumbent    BestBd   Gap | It/Node Time

     0     0 -2037.7820    0  148 -1509.3298 -2037.7820  35.0%     -    0s
H    0     0                    -1781.439734 -2037.7820  14.4%     -    0s
H    0     0                    -2029.215791 -2037.7820  0.42%     -    0s

Cutting planes:
  Gomory: 1
  Zero half: 3

Explored 1 nodes (780 simplex iterations) in 0.20 seconds (0.03 work units)
Thread count was 8 (of 8 available processors)

Solution count 3: -2029.22 -1781.44 -1509.33 
No other solutions better than -2029.22

Optimal solution found (tolerance 1.00e-04)
Best objective -2.029215790719e+03, best bound -2.029215790719e+03, gap 0.0000%
---------------------------------------------------------------------------

Multi-objectives: optimize objective 2 (objective_cost_2) ...
---------------------------------------------------------------------------


Loaded user MIP start with objective 825

Presolve removed 108 rows and 745 columns
Presolve time: 0.06s
Presolved: 816 rows, 677 columns, 2652 nonzeros
Found heuristic solution: objective -7389.123806
Variable types: 0 continuous, 677 integer (677 binary)

Root relaxation: objective -8.936949e+03, 861 iterations, 0.03 seconds (0.01 work units)

    Nodes    |    Current Node    |     Objective Bounds      |     Work
 Expl Unexpl |  Obj  Depth IntInf | Incumbent    BestBd   Gap | It/Node Time

     0     0 -8936.9494    0  147 -7389.1238 -8936.9494  20.9%     -    0s
H    0     0                    -8125.672194 -8936.9494  10.0%     -    0s

Cutting planes:
  Gomory: 1
  Zero half: 1

Explored 1 nodes (861 simplex iterations) in 0.50 seconds (0.08 work units)
Thread count was 8 (of 8 available processors)

Solution count 2: -8125.67 -7389.12 

Optimal solution found (tolerance 1.00e-04)
Best objective -8.125672194444e+03, best bound -8.125937688717e+03, gap 0.0033%

---------------------------------------------------------------------------
Multi-objectives: solved in 0.53 seconds (0.08 work units), solution count 5


    Variable            X 
-------------------------
cover[o49,s16]            1 
cover[o156,s3]            1 
cover[o28,s1]            1 
cover[o169,s1]            1 
cover[o18,s3]            1 
cover[o171,s3]            1 
cover[o224,s1]            1 
cover[o196,s1]            1 
cover[o130,s8]            1 
cover[o52,s16]            1 
cover[o153,s3]            1 
cover[o21,s3]            1 
cover[o180,s1]            1 
cover[o127,s16]            1 
cover[o208,s3]            1 
cover[o213,s3]            1 
cover[o186,s1]            1 
cover[o17,s16]            1 
cover[o13,s8]            1 
cover[o68,s8]            1 
cover[o136,s8]            1 
cover[o163,s3]            1 
cover[o166,s3]            1 
cover[o147,s3]            1 
cover[o11,s16]            1 
cover[o82,s16]            1 
cover[o97,s16]            1 
cover[o25,s1]            1 
cover[o134,s8]            1 
cover[o145,s3]            1 
cover[o100,s16]            1 
cover[o193,s3]            1 
cover[o204,s3]            1 
cover[o63,s8]            1 
cover[o140,s8]            1 
cover[o202,s16]            1 
cover[o99,s16]            1 
cover[o191,s8]            1 
cover[o137,s3]            1 
cover[o222,s1]            1 
cover[o1,s8]            1 
cover[o152,s3]            1 
cover[o40,s3]            1 
cover[o85,s16]            1 
cover[o212,s3]            1 
cover[o198,s1]            1 
cover[o172,s3]            1 
cover[o174,s3]            1 
cover[o69,s16]            1 
cover[o20,s3]            1 
cover[o126,s16]            1 
cover[o43,s3]            1 
cover[o143,s3]            1 
cover[o190,s8]            1 
cover[o129,s16]            1 
cover[o155,s3]            1 
cover[o167,s1]            1 
cover[o51,s16]            1 
cover[o148,s3]            1 
cover[o184,s1]            1 
cover[o159,s3]            1 
cover[o29,s1]            1 
cover[o181,s1]            1 
cover[o23,s1]            1 
cover[o105,s16]            1 
cover[o161,s3]            1 
cover[o80,s16]            1 
cover[o206,s3]            1 
cover[o37,s1]            1 
cover[o209,s3]            1 
cover[o24,s1]            1 
cover[o154,s3]            1 
cover[o102,s16]            1 
cover[o162,s3]            1 
cover[o2,s8]            1 
cover[o197,s1]            1 
cover[o131,s8]            1 
cover[o150,s3]            1 
cover[o10,s16]            1 
cover[o142,s3]            1 
cover[o133,s8]            1 
cover[o77,s16]            1 
cover[o74,s16]            1 
cover[o132,s8]            1 
cover[o22,s1]            1 
cover[o182,s1]            1 
cover[o211,s3]            1 
cover[o72,s16]            1 
cover[o65,s8]            1 
cover[o4,s16]            1 
cover[o46,s16]            1 
cover[o81,s16]            1 
cover[o144,s3]            1 
cover[o221,s1]            1 
cover[o187,s1]            1 
cover[o104,s16]            1 
cover[o219,s1]            1 
cover[o210,s3]            1 
cover[o195,s1]            1 
cover[o194,s1]            1 
cover[o59,s8]            1 
cover[o192,s1]            1 
cover[o220,s1]            1 
cover[o173,s3]            1 
cover[o216,s3]            1 
cover[o151,s3]            1 
cover[o64,s8]            1 
cover[o76,s16]            1 
cover[o44,s16]            1 
cover[o27,s1]            1 
cover[o214,s3]            1 
cover[o12,s16]            1 
cover[o164,s3]            1 
cover[o84,s16]            1 
cover[o7,s16]            1 
cover[o56,s8]            1 
cover[o146,s3]            1 
cover[o109,s16]            1 
cover[o205,s3]            1 
cover[o139,s8]            1 
cover[o78,s16]            1 
cover[o168,s3]            1 
cover[o158,s3]            1 
cover[o66,s8]            1 
cover[o57,s8]            1 
cover[o26,s1]            1 
cover[o61,s8]            1 
cover[o157,s3]            1 
cover[o79,s16]            1 
cover[o73,s16]            1 
cover[o14,s8]            1 
cover[o19,s3]            1 
cover[o218,s3]            1 
cover[o53,s8]            1 
cover[o128,s16]            1 
cover[o9,s16]            1 
cover[o67,s8]            1 
cover[o8,s16]            1 
cover[o207,s3]            1 
cover[o60,s8]            1 
cover[o183,s1]            1 
cover[o55,s8]            1 
cover[o98,s16]            1 
cover[o160,s3]            1 
cover[o96,s16]            1 
cover[o135,s8]            1 
cover[o149,s3]            1 
cover[o45,s8]            1 
cover[o75,s16]            1 
cover[o170,s3]            1 
cover[o141,s8]            1 
cover[o223,s1]            1 
  select[s8]            1 
  select[s3]            1 
 select[s16]            1 
  select[s1]            1 
deploy[o49,s16,c]           31 
deploy[o156,s3,c]           31 
deploy[o28,s1,c]          110 
deploy[o169,s1,i]            7 
deploy[o18,s3,i]           37 
deploy[o171,s3,i]           37 
deploy[o130,s8,i]           37 
deploy[o52,s16,i]           37 
deploy[o153,s3,i]            7 
deploy[o21,s3,c]          110 
deploy[o127,s16,c]          110 
deploy[o208,s3,c]          110 
deploy[o213,s3,i]            7 
deploy[o13,s8,m]          100 
deploy[o68,s8,i]          157 
deploy[o136,s8,c]          110 
deploy[o163,s3,m]          100 
deploy[o166,s3,m]           20 
deploy[o147,s3,i]            7 
deploy[o82,s16,c]            5 
deploy[o97,s16,i]          157 
deploy[o25,s1,i]           37 
deploy[o134,s8,m]           20 
deploy[o145,s3,c]           31 
deploy[o100,s16,c]           31 
deploy[o193,s3,m]            2 
deploy[o204,s3,i]           37 
deploy[o63,s8,c]            5 
deploy[o140,s8,m]           20 
deploy[o99,s16,i]            7 
deploy[o191,s8,c]           31 
deploy[o137,s3,m]            2 
deploy[o222,s1,i]            7 
deploy[o1,s8,m]           20 
deploy[o152,s3,i]            7 
deploy[o40,s3,m]          100 
deploy[o85,s16,i]            7 
deploy[o212,s3,m]            2 
deploy[o198,s1,i]          157 
deploy[o172,s3,i]           37 
deploy[o174,s3,m]            2 
deploy[o69,s16,c]           31 
deploy[o20,s3,m]            2 
deploy[o126,s16,i]          157 
deploy[o43,s3,c]            5 
deploy[o143,s3,m]            2 
deploy[o190,s8,m]           20 
deploy[o129,s16,c]          110 
deploy[o155,s3,c]           31 
deploy[o167,s1,c]          110 
deploy[o51,s16,c]           31 
deploy[o148,s3,c]           31 
deploy[o159,s3,m]            2 
deploy[o29,s1,c]          110 
deploy[o181,s1,i]            7 
deploy[o23,s1,c]           31 
deploy[o161,s3,i]            7 
deploy[o80,s16,c]           31 
deploy[o206,s3,i]           37 
deploy[o37,s1,c]          110 
deploy[o209,s3,i]            7 
deploy[o24,s1,c]          110 
deploy[o154,s3,m]           20 
deploy[o102,s16,i]           37 
deploy[o162,s3,i]          157 
deploy[o2,s8,c]          110 
deploy[o197,s1,i]           37 
deploy[o131,s8,i]            7 
deploy[o150,s3,c]           31 
deploy[o142,s3,i]          157 
deploy[o133,s8,m]           20 
deploy[o77,s16,i]           37 
deploy[o74,s16,c]           31 
deploy[o132,s8,m]           20 
deploy[o22,s1,i]          157 
deploy[o182,s1,i]          157 
deploy[o211,s3,m]          100 
deploy[o72,s16,c]            5 
deploy[o65,s8,i]            7 
deploy[o46,s16,c]          110 
deploy[o81,s16,i]            7 
deploy[o144,s3,c]          110 
deploy[o221,s1,i]          157 
deploy[o187,s1,i]           37 
deploy[o219,s1,i]            7 
deploy[o210,s3,c]           31 
deploy[o195,s1,i]            7 
deploy[o194,s1,c]          110 
deploy[o59,s8,c]           31 
deploy[o192,s1,i]            7 
deploy[o220,s1,c]            5 
deploy[o173,s3,c]           31 
deploy[o216,s3,c]            5 
deploy[o151,s3,m]           20 
deploy[o64,s8,c]            5 
deploy[o76,s16,c]           31 
deploy[o44,s16,c]          110 
deploy[o27,s1,i]          157 
deploy[o214,s3,m]          100 
deploy[o12,s16,i]          157 
deploy[o164,s3,c]           31 
deploy[o84,s16,c]           31 
deploy[o7,s16,i]          157 
deploy[o56,s8,c]           31 
deploy[o146,s3,m]           20 
deploy[o205,s3,i]            7 
deploy[o139,s8,m]           20 
deploy[o78,s16,c]          110 
deploy[o168,s3,i]           37 
deploy[o158,s3,m]            2 
deploy[o66,s8,c]            5 
deploy[o57,s8,m]           20 
deploy[o26,s1,i]          157 
deploy[o61,s8,c]           31 
deploy[o157,s3,c]           31 
deploy[o79,s16,c]           31 
deploy[o14,s8,m]            2 
deploy[o19,s3,i]           37 
deploy[o218,s3,c]          110 
deploy[o53,s8,c]          110 
deploy[o128,s16,c]            5 
deploy[o67,s8,i]          157 
deploy[o8,s16,c]            5 
deploy[o207,s3,m]          100 
deploy[o60,s8,m]            2 
deploy[o183,s1,c]           31 
deploy[o55,s8,c]           31 
deploy[o98,s16,c]          110 
deploy[o160,s3,c]           31 
deploy[o135,s8,c]            5 
deploy[o149,s3,m]          100 
deploy[o45,s8,c]          110 
deploy[o75,s16,c]           31 
deploy[o170,s3,i]          157 
deploy[o141,s8,m]            2 
deploy[o223,s1,c]           31 

Gurobi 10.0.2 (win64) logging started Mon Jul 10 21:30:15 2023

Set parameter LogFile to value "Outputs/Logfiles/model_moo(Jul 10,2130).log"
Gurobi Optimizer version 10.0.2 build v10.0.2rc0 (win64)

CPU model: Intel(R) Core(TM) i5-8265U CPU @ 1.60GHz, instruction set [SSE2|AVX|AVX2]
Thread count: 4 physical cores, 8 logical processors, using up to 8 threads

Optimize a model with 3567 rows, 2824 columns and 8827 nonzeros
Model fingerprint: 0x216192ca
Variable types: 2103 continuous, 721 integer (721 binary)
Coefficient statistics:
  Matrix range     [1e+00, 2e+25]
  Objective range  [3e-02, 3e+02]
  Bounds range     [1e+00, 1e+00]
  RHS range        [1e+00, 1e+12]
Warning: Model contains large matrix coefficient range
Warning: Model contains large rhs
         Consider reformulating model or setting NumericFocus parameter
         to avoid numerical issues.

---------------------------------------------------------------------------
Multi-objectives: starting optimization with 2 objectives ... 
---------------------------------------------------------------------------

Multi-objectives: applying initial presolve ...
---------------------------------------------------------------------------

Presolve removed 2644 rows and 1402 columns
Presolve time: 0.01s
Presolved: 923 rows and 1422 columns
---------------------------------------------------------------------------

Multi-objectives: optimize objective 1 (objective_re_1) ...
---------------------------------------------------------------------------

Found heuristic solution: objective 0.0000000
Presolve removed 93 rows and 734 columns
Presolve time: 0.02s
Presolved: 830 rows, 688 columns, 2024 nonzeros
Variable types: 0 continuous, 688 integer (688 binary)
Found heuristic solution: objective -736.3244258

Root relaxation: objective -1.285629e+03, 744 iterations, 0.02 seconds (0.01 work units)

    Nodes    |    Current Node    |     Objective Bounds      |     Work
 Expl Unexpl |  Obj  Depth IntInf | Incumbent    BestBd   Gap | It/Node Time

*    0     0               0    -1285.629198 -1285.6292  0.00%     -    0s

Explored 1 nodes (744 simplex iterations) in 0.14 seconds (0.02 work units)
Thread count was 8 (of 8 available processors)

Solution count 2: -1285.63 -736.324 
No other solutions better than -1285.63

Optimal solution found (tolerance 1.00e-04)
Best objective -1.285629198105e+03, best bound -1.285629198105e+03, gap 0.0000%
---------------------------------------------------------------------------

Multi-objectives: optimize objective 2 (objective_cost_2) ...
---------------------------------------------------------------------------


Loaded user MIP start with objective 350

Presolve removed 93 rows and 734 columns
Presolve time: 0.03s
Presolved: 831 rows, 688 columns, 2694 nonzeros
Found heuristic solution: objective -3772.560333
Variable types: 0 continuous, 688 integer (688 binary)

Root relaxation: objective -3.774315e+03, 984 iterations, 0.03 seconds (0.01 work units)

    Nodes    |    Current Node    |     Objective Bounds      |     Work
 Expl Unexpl |  Obj  Depth IntInf | Incumbent    BestBd   Gap | It/Node Time

     0     0 infeasible    0      -3772.5603 -3772.5603  0.00%     -    0s

Explored 1 nodes (984 simplex iterations) in 0.27 seconds (0.05 work units)
Thread count was 8 (of 8 available processors)

Solution count 1: -3772.56 
No other solutions better than -3772.56

Optimal solution found (tolerance 1.00e-04)
Best objective -3.772560333333e+03, best bound -3.772560333333e+03, gap 0.0000%

---------------------------------------------------------------------------
Multi-objectives: solved in 0.30 seconds (0.05 work units), solution count 3


    Variable            X 
-------------------------
cover[o28,s1]            1 
cover[o169,s1]            1 
cover[o224,s1]            1 
cover[o196,s1]            1 
cover[o52,s14]            1 
cover[o180,s1]            1 
cover[o127,s14]            1 
cover[o186,s1]            1 
cover[o17,s14]            1 
cover[o11,s14]            1 
cover[o25,s1]            1 
cover[o101,s14]            1 
cover[o63,s14]            1 
cover[o202,s14]            1 
cover[o191,s14]            1 
cover[o222,s1]            1 
cover[o1,s14]            1 
cover[o198,s1]            1 
cover[o69,s14]            1 
cover[o126,s14]            1 
cover[o190,s14]            1 
cover[o129,s14]            1 
cover[o167,s1]            1 
cover[o51,s14]            1 
cover[o184,s1]            1 
cover[o29,s1]            1 
cover[o181,s1]            1 
cover[o23,s1]            1 
cover[o103,s14]            1 
cover[o37,s1]            1 
cover[o24,s1]            1 
cover[o102,s14]            1 
cover[o2,s14]            1 
cover[o197,s1]            1 
cover[o77,s14]            1 
cover[o74,s14]            1 
cover[o22,s1]            1 
cover[o182,s1]            1 
cover[o72,s14]            1 
cover[o65,s14]            1 
cover[o4,s14]            1 
cover[o47,s14]            1 
cover[o46,s14]            1 
cover[o221,s1]            1 
cover[o187,s1]            1 
cover[o219,s1]            1 
cover[o195,s1]            1 
cover[o194,s1]            1 
cover[o59,s14]            1 
cover[o192,s1]            1 
cover[o220,s1]            1 
cover[o64,s14]            1 
cover[o76,s14]            1 
cover[o44,s14]            1 
cover[o27,s1]            1 
cover[o56,s14]            1 
cover[o78,s14]            1 
cover[o66,s14]            1 
cover[o57,s14]            1 
cover[o26,s1]            1 
cover[o61,s14]            1 
cover[o79,s14]            1 
cover[o73,s14]            1 
cover[o14,s14]            1 
cover[o128,s14]            1 
cover[o60,s14]            1 
cover[o183,s1]            1 
cover[o45,s14]            1 
cover[o75,s14]            1 
cover[o223,s1]            1 
 select[s14]            1 
  select[s1]            1 
deploy[o28,s1,c]          110 
deploy[o169,s1,i]            7 
deploy[o52,s14,i]           37 
deploy[o127,s14,c]          110 
deploy[o17,s14,m]          100 
deploy[o11,s14,m]            2 
deploy[o25,s1,i]           37 
deploy[o101,s14,i]           37 
deploy[o63,s14,c]            5 
deploy[o202,s14,m]           20 
deploy[o191,s14,c]           31 
deploy[o222,s1,i]            7 
deploy[o1,s14,m]           20 
deploy[o198,s1,i]          157 
deploy[o69,s14,c]           31 
deploy[o126,s14,i]          157 
deploy[o190,s14,m]           20 
deploy[o129,s14,c]          110 
deploy[o167,s1,c]          110 
deploy[o51,s14,c]           31 
deploy[o29,s1,c]          110 
deploy[o181,s1,i]            7 
deploy[o23,s1,c]           31 
deploy[o103,s14,i]          157 
deploy[o37,s1,c]          110 
deploy[o24,s1,c]          110 
deploy[o102,s14,i]           37 
deploy[o2,s14,c]          110 
deploy[o197,s1,i]           37 
deploy[o77,s14,i]           37 
deploy[o74,s14,c]           31 
deploy[o22,s1,i]          157 
deploy[o182,s1,i]          157 
deploy[o72,s14,c]            5 
deploy[o65,s14,i]            7 
deploy[o4,s14,m]           20 
deploy[o47,s14,i]            7 
deploy[o46,s14,c]          110 
deploy[o221,s1,i]          157 
deploy[o187,s1,i]           37 
deploy[o219,s1,i]            7 
deploy[o195,s1,i]            7 
deploy[o194,s1,c]          110 
deploy[o59,s14,c]           31 
deploy[o192,s1,i]            7 
deploy[o220,s1,c]            5 
deploy[o64,s14,c]            5 
deploy[o76,s14,c]           31 
deploy[o44,s14,c]          110 
deploy[o27,s1,i]          157 
deploy[o56,s14,c]           31 
deploy[o78,s14,c]          110 
deploy[o66,s14,c]            5 
deploy[o57,s14,m]           20 
deploy[o26,s1,i]          157 
deploy[o61,s14,c]           31 
deploy[o79,s14,c]           31 
deploy[o73,s14,m]          100 
deploy[o14,s14,m]            2 
deploy[o128,s14,c]            5 
deploy[o60,s14,m]            2 
deploy[o183,s1,c]           31 
deploy[o45,s14,c]          110 
deploy[o75,s14,c]           31 
deploy[o223,s1,c]           31 
