
Gurobi 10.0.2 (win64) logging started Mon Jul 10 21:18:43 2023

Set parameter LogFile to value "Outputs/Logfiles/model_moo(Jul 10,2118).log"
Gurobi Optimizer version 10.0.2 build v10.0.2rc0 (win64)

CPU model: Intel(R) Core(TM) i5-8265U CPU @ 1.60GHz, instruction set [SSE2|AVX|AVX2]
Thread count: 4 physical cores, 8 logical processors, using up to 8 threads

Optimize a model with 1832 rows, 1436 columns and 4534 nonzeros
Model fingerprint: 0xb255eb3c
Variable types: 1062 continuous, 374 integer (374 binary)
Coefficient statistics:
  Matrix range     [1e+00, 2e+25]
  Objective range  [1e-02, 3e+02]
  Bounds range     [1e+00, 1e+00]
  RHS range        [1e+00, 1e+12]
Warning: Model contains large matrix coefficient range
Warning: Model contains large rhs
         Consider reformulating model or setting NumericFocus parameter
         to avoid numerical issues.

---------------------------------------------------------------------------
Multi-objectives: starting optimization with 2 objectives ... 
---------------------------------------------------------------------------

Multi-objectives: applying initial presolve ...
---------------------------------------------------------------------------

Presolve removed 1337 rows and 708 columns
Presolve time: 0.06s
Presolved: 495 rows and 728 columns
---------------------------------------------------------------------------

Multi-objectives: optimize objective 1 (objective_re_1) ...
---------------------------------------------------------------------------

Found heuristic solution: objective 0.0000000
Presolve removed 79 rows and 373 columns
Presolve time: 0.02s
Presolved: 416 rows, 355 columns, 1025 nonzeros
Variable types: 0 continuous, 355 integer (355 binary)
Found heuristic solution: objective -1149.010771

Root relaxation: objective -1.149476e+03, 24 iterations, 0.02 seconds (0.00 work units)

    Nodes    |    Current Node    |     Objective Bounds      |     Work
 Expl Unexpl |  Obj  Depth IntInf | Incumbent    BestBd   Gap | It/Node Time

*    0     0               0    -1149.476272 -1149.4763  0.00%     -    0s

Explored 1 nodes (24 simplex iterations) in 0.36 seconds (0.01 work units)
Thread count was 8 (of 8 available processors)

Solution count 2: -1149.48 -1149.01 
No other solutions better than -1149.48

Optimal solution found (tolerance 1.00e-04)
Best objective -1.149476272201e+03, best bound -1.149476272201e+03, gap 0.0000%
---------------------------------------------------------------------------

Multi-objectives: optimize objective 2 (objective_cost_2) ...
---------------------------------------------------------------------------


Loaded user MIP start with objective 2300

Presolve removed 140 rows and 422 columns
Presolve time: 0.06s
Presolved: 356 rows, 306 columns, 1171 nonzeros
Found heuristic solution: objective -10050.13786
Variable types: 0 continuous, 306 integer (306 binary)

Root relaxation: objective -1.113378e+04, 226 iterations, 0.04 seconds (0.00 work units)

    Nodes    |    Current Node    |     Objective Bounds      |     Work
 Expl Unexpl |  Obj  Depth IntInf | Incumbent    BestBd   Gap | It/Node Time

     0     0 -11133.778    0   32 -10050.138 -11133.778  10.8%     -    0s
H    0     0                    -10930.55731 -11133.778  1.86%     -    0s
     0     0 -11127.283    0   32 -10930.557 -11127.283  1.80%     -    0s
H    0     0                    -11032.23211 -11127.283  0.86%     -    0s
     0     0 -11118.493    0    4 -11032.232 -11118.493  0.78%     -    0s
H    0     0                    -11039.96228 -11118.493  0.71%     -    0s

Cutting planes:
  Gomory: 1

Explored 1 nodes (235 simplex iterations) in 0.70 seconds (0.02 work units)
Thread count was 8 (of 8 available processors)

Solution count 4: -11040 -11032.2 -10930.6 -10050.1 
No other solutions better than -11040

Optimal solution found (tolerance 1.00e-04)
Best objective -1.103996227778e+04, best bound -1.103996227778e+04, gap 0.0000%

---------------------------------------------------------------------------
Multi-objectives: solved in 0.73 seconds (0.02 work units), solution count 6


    Variable            X 
-------------------------
cover[o74,s17]            1 
cover[o98,s15]            1 
cover[o53,s8]            1 
cover[o178,s2]            1 
cover[o203,s20]            1 
cover[o127,s14]            1 
cover[o172,s2]            1 
cover[o51,s12]            1 
cover[o7,s20]            1 
cover[o30,s1]            1 
cover[o221,s1]            1 
cover[o64,s10]            1 
cover[o25,s1]            1 
cover[o94,s20]            1 
cover[o119,s12]            1 
cover[o148,s3]            1 
cover[o208,s4]            1 
cover[o86,s19]            1 
cover[o93,s20]            1 
cover[o108,s12]            1 
cover[o131,s10]            1 
cover[o6,s20]            1 
cover[o10,s18]            1 
cover[o41,s2]            1 
cover[o144,s3]            1 
cover[o169,s2]            1 
cover[o185,s1]            1 
cover[o87,s19]            1 
cover[o168,s2]            1 
cover[o24,s1]            1 
cover[o190,s10]            1 
cover[o97,s15]            1 
cover[o162,s2]            1 
cover[o106,s15]            1 
cover[o157,s3]            1 
cover[o175,s2]            1 
cover[o136,s10]            1 
cover[o145,s3]            1 
cover[o3,s10]            1 
cover[o28,s1]            1 
cover[o45,s14]            1 
cover[o27,s1]            1 
cover[o219,s1]            1 
cover[o9,s15]            1 
cover[o212,s4]            1 
cover[o139,s7]            1 
cover[o214,s4]            1 
cover[o113,s12]            1 
cover[o160,s3]            1 
cover[o191,s10]            1 
cover[o104,s15]            1 
cover[o184,s1]            1 
cover[o37,s2]            1 
cover[o165,s2]            1 
cover[o83,s19]            1 
cover[o114,s12]            1 
cover[o155,s3]            1 
cover[o91,s19]            1 
cover[o138,s7]            1 
cover[o183,s1]            1 
cover[o11,s12]            1 
cover[o181,s1]            1 
cover[o159,s2]            1 
cover[o48,s12]            1 
cover[o129,s16]            1 
cover[o158,s2]            1 
cover[o117,s12]            1 
cover[o153,s3]            1 
cover[o101,s12]            1 
cover[o44,s17]            1 
cover[o109,s15]            1 
cover[o59,s10]            1 
cover[o121,s12]            1 
cover[o13,s10]            1 
cover[o128,s16]            1 
cover[o90,s19]            1 
cover[o79,s17]            1 
cover[o161,s3]            1 
cover[o163,s3]            1 
cover[o130,s12]            1 
cover[o107,s12]            1 
cover[o42,s2]            1 
cover[o19,s7]            1 
cover[o22,s1]            1 
cover[o187,s1]            1 
cover[o84,s19]            1 
cover[o132,s10]            1 
cover[o198,s1]            1 
cover[o49,s15]            1 
cover[o116,s12]            1 
cover[o124,s12]            1 
cover[o134,s10]            1 
cover[o82,s19]            1 
cover[o220,s1]            1 
cover[o207,s4]            1 
cover[o43,s2]            1 
cover[o192,s1]            1 
cover[o174,s2]            1 
cover[o78,s17]            1 
 select[s20]            1 
 select[s18]            1 
  select[s8]            1 
 select[s17]            1 
  select[s3]            1 
  select[s4]            1 
 select[s10]            1 
 select[s15]            1 
 select[s14]            1 
  select[s2]            1 
  select[s7]            1 
 select[s19]            1 
 select[s16]            1 
 select[s12]            1 
  select[s1]            1 
deploy[o74,s14,c]           31 
deploy[o74,s15,c]           31 
deploy[o74,s16,c]           31 
deploy[o74,s17,c]           31 
deploy[o74,s19,c]           31 
deploy[o98,s15,c]           31 
deploy[o98,s16,c]           31 
deploy[o98,s17,c]           31 
deploy[o98,s18,c]           31 
deploy[o53,s7,c]          110 
deploy[o53,s8,c]          110 
deploy[o53,s10,c]          110 
deploy[o203,s18,c]            5 
deploy[o203,s19,c]            5 
deploy[o203,s20,c]            5 
deploy[o127,s12,c]            5 
deploy[o127,s14,c]            5 
deploy[o127,s15,c]            5 
deploy[o127,s16,c]            5 
deploy[o127,s17,c]            5 
deploy[o172,s3,i]            7 
deploy[o51,s12,i]           37 
deploy[o51,s14,i]           37 
deploy[o51,s15,i]           37 
deploy[o51,s16,i]           37 
deploy[o7,s15,i]           37 
deploy[o7,s16,i]           37 
deploy[o7,s18,i]           37 
deploy[o7,s19,i]           37 
deploy[o7,s20,i]           37 
deploy[o64,s7,i]           37 
deploy[o64,s8,i]           37 
deploy[o64,s10,i]           37 
deploy[o64,s14,i]           37 
deploy[o25,s1,i]           37 
deploy[o94,s18,i]            7 
deploy[o94,s19,i]            7 
deploy[o94,s20,i]            7 
deploy[o119,s12,c]          110 
deploy[o148,s3,m]            2 
deploy[o148,s4,m]            2 
deploy[o148,s7,m]            2 
deploy[o208,s3,c]          110 
deploy[o208,s4,c]          110 
deploy[o86,s18,c]          110 
deploy[o86,s19,c]          110 
deploy[o86,s20,c]          110 
deploy[o93,s18,c]            5 
deploy[o93,s19,c]            5 
deploy[o93,s20,c]            5 
deploy[o108,s12,c]           31 
deploy[o131,s7,i]            7 
deploy[o131,s8,i]            7 
deploy[o131,s10,i]            7 
deploy[o131,s12,i]            7 
deploy[o6,s18,m]          100 
deploy[o6,s19,m]          100 
deploy[o6,s20,m]          100 
deploy[o10,s15,m]          100 
deploy[o10,s18,m]          100 
deploy[o10,s19,m]          100 
deploy[o10,s20,m]          100 
deploy[o41,s2,m]          100 
deploy[o41,s3,m]          100 
deploy[o144,s3,i]          157 
deploy[o144,s4,i]          157 
deploy[o144,s7,i]          157 
deploy[o169,s1,c]           31 
deploy[o169,s2,c]           31 
deploy[o185,s1,c]          110 
deploy[o87,s19,m]          100 
deploy[o87,s20,m]          100 
deploy[o168,s2,m]           20 
deploy[o168,s3,m]           20 
deploy[o24,s2,m]            2 
deploy[o190,s7,i]           37 
deploy[o190,s8,i]           37 
deploy[o190,s10,i]           37 
deploy[o190,s14,i]           37 
deploy[o97,s12,i]            7 
deploy[o97,s15,i]            7 
deploy[o97,s16,i]            7 
deploy[o97,s17,i]            7 
deploy[o162,s2,m]            2 
deploy[o162,s3,m]            2 
deploy[o162,s4,m]            2 
deploy[o106,s15,c]            5 
deploy[o106,s16,c]            5 
deploy[o106,s17,c]            5 
deploy[o106,s18,c]            5 
deploy[o157,s2,m]            2 
deploy[o157,s3,m]            2 
deploy[o157,s4,m]            2 
deploy[o175,s2,c]           31 
deploy[o136,s7,i]          157 
deploy[o136,s8,i]          157 
deploy[o136,s10,i]          157 
deploy[o136,s12,i]          157 
deploy[o145,s3,i]           37 
deploy[o145,s4,i]           37 
deploy[o145,s7,i]           37 
deploy[o3,s7,i]           37 
deploy[o3,s8,i]           37 
deploy[o3,s10,i]           37 
deploy[o45,s8,c]           31 
deploy[o45,s10,c]           31 
deploy[o45,s14,c]           31 
deploy[o27,s1,c]           31 
deploy[o9,s12,i]           37 
deploy[o9,s15,i]           37 
deploy[o9,s16,i]           37 
deploy[o212,s3,c]            5 
deploy[o212,s4,c]            5 
deploy[o212,s7,c]            5 
deploy[o139,s7,i]           37 
deploy[o139,s8,i]           37 
deploy[o139,s10,i]           37 
deploy[o139,s12,i]           37 
deploy[o214,s3,m]           20 
deploy[o214,s4,m]           20 
deploy[o214,s7,m]           20 
deploy[o113,s12,c]            5 
deploy[o160,s2,m]           20 
deploy[o160,s3,m]           20 
deploy[o160,s4,m]           20 
deploy[o191,s7,m]           20 
deploy[o191,s8,m]           20 
deploy[o191,s14,m]           20 
deploy[o104,s12,i]            7 
deploy[o104,s15,i]            7 
deploy[o104,s16,i]            7 
deploy[o184,s1,c]           31 
deploy[o37,s2,m]            2 
deploy[o83,s17,m]           20 
deploy[o83,s18,m]           20 
deploy[o83,s19,m]           20 
deploy[o83,s20,m]           20 
deploy[o114,s12,m]          100 
deploy[o155,s3,i]            7 
deploy[o155,s4,i]            7 
deploy[o91,s18,m]            2 
deploy[o91,s19,m]            2 
deploy[o91,s20,m]            2 
deploy[o138,s7,m]          100 
deploy[o138,s8,m]          100 
deploy[o183,s1,i]            7 
deploy[o11,s12,m]          100 
deploy[o11,s14,m]          100 
deploy[o11,s15,m]          100 
deploy[o181,s1,c]          110 
deploy[o159,s2,c]           31 
deploy[o159,s3,c]           31 
deploy[o159,s4,c]           31 
deploy[o48,s12,m]            2 
deploy[o48,s14,m]            2 
deploy[o129,s12,c]          110 
deploy[o129,s14,c]          110 
deploy[o129,s15,c]          110 
deploy[o129,s16,c]          110 
deploy[o129,s17,c]          110 
deploy[o158,s3,i]          157 
deploy[o158,s4,i]          157 
deploy[o117,s12,i]           37 
deploy[o153,s2,m]            2 
deploy[o153,s3,m]            2 
deploy[o153,s4,m]            2 
deploy[o101,s12,c]           31 
deploy[o101,s14,c]           31 
deploy[o44,s14,i]           37 
deploy[o44,s15,i]           37 
deploy[o44,s16,i]           37 
deploy[o44,s17,i]           37 
deploy[o44,s18,i]           37 
deploy[o44,s19,i]           37 
deploy[o109,s15,i]            7 
deploy[o109,s16,i]            7 
deploy[o109,s18,i]            7 
deploy[o59,s7,m]            2 
deploy[o59,s8,m]            2 
deploy[o59,s14,m]            2 
deploy[o121,s12,i]          157 
deploy[o13,s7,c]            5 
deploy[o13,s8,c]            5 
deploy[o13,s10,c]            5 
deploy[o13,s12,c]            5 
deploy[o128,s12,m]            2 
deploy[o128,s14,m]            2 
deploy[o128,s15,m]            2 
deploy[o128,s17,m]            2 
deploy[o90,s19,m]           20 
deploy[o90,s20,m]           20 
deploy[o79,s14,c]          110 
deploy[o79,s15,c]          110 
deploy[o79,s16,c]          110 
deploy[o79,s17,c]          110 
deploy[o79,s18,c]          110 
deploy[o79,s19,c]          110 
deploy[o161,s2,c]           31 
deploy[o161,s3,c]           31 
deploy[o161,s4,c]           31 
deploy[o163,s2,c]          110 
deploy[o163,s3,c]          110 
deploy[o163,s4,c]          110 
deploy[o130,s7,i]            7 
deploy[o130,s8,i]            7 
deploy[o130,s10,i]            7 
deploy[o130,s12,i]            7 
deploy[o107,s12,c]           31 
deploy[o107,s14,c]           31 
deploy[o107,s15,c]           31 
deploy[o42,s2,c]           31 
deploy[o19,s3,m]            2 
deploy[o19,s7,m]            2 
deploy[o22,s1,c]          110 
deploy[o187,s1,i]            7 
deploy[o84,s15,c]           31 
deploy[o84,s16,c]           31 
deploy[o84,s17,c]           31 
deploy[o84,s18,c]           31 
deploy[o84,s19,c]           31 
deploy[o84,s20,c]           31 
deploy[o132,s7,m]            2 
deploy[o132,s8,m]            2 
deploy[o132,s12,m]            2 
deploy[o198,s1,i]            7 
deploy[o49,s15,c]          110 
deploy[o49,s16,c]          110 
deploy[o49,s17,c]          110 
deploy[o49,s18,c]          110 
deploy[o116,s12,c]           31 
deploy[o124,s12,i]          157 
deploy[o134,s7,i]          157 
deploy[o134,s8,i]          157 
deploy[o134,s10,i]          157 
deploy[o134,s12,i]          157 
deploy[o82,s16,c]           31 
deploy[o82,s17,c]           31 
deploy[o82,s18,c]           31 
deploy[o82,s19,c]           31 
deploy[o82,s20,c]           31 
deploy[o220,s1,i]           37 
deploy[o207,s3,c]            5 
deploy[o207,s4,c]            5 
deploy[o43,s2,c]          110 
deploy[o43,s3,c]          110 
deploy[o192,s1,i]            7 
deploy[o174,s2,c]          110 
deploy[o174,s3,c]          110 
deploy[o78,s14,m]           20 
deploy[o78,s15,m]           20 
deploy[o78,s17,m]           20 
deploy[o78,s19,m]           20 

Gurobi 10.0.2 (win64) logging started Mon Jul 10 21:18:48 2023

Set parameter LogFile to value "Outputs/Logfiles/model_moo(Jul 10,2118).log"
Gurobi Optimizer version 10.0.2 build v10.0.2rc0 (win64)

CPU model: Intel(R) Core(TM) i5-8265U CPU @ 1.60GHz, instruction set [SSE2|AVX|AVX2]
Thread count: 4 physical cores, 8 logical processors, using up to 8 threads

Optimize a model with 1832 rows, 1436 columns and 4534 nonzeros
Model fingerprint: 0xde038355
Variable types: 1062 continuous, 374 integer (374 binary)
Coefficient statistics:
  Matrix range     [1e+00, 2e+25]
  Objective range  [1e-02, 3e+02]
  Bounds range     [1e+00, 1e+00]
  RHS range        [1e+00, 1e+12]
Warning: Model contains large matrix coefficient range
Warning: Model contains large rhs
         Consider reformulating model or setting NumericFocus parameter
         to avoid numerical issues.

---------------------------------------------------------------------------
Multi-objectives: starting optimization with 2 objectives ... 
---------------------------------------------------------------------------

Multi-objectives: applying initial presolve ...
---------------------------------------------------------------------------

Presolve removed 1337 rows and 708 columns
Presolve time: 0.01s
Presolved: 495 rows and 728 columns
---------------------------------------------------------------------------

Multi-objectives: optimize objective 1 (objective_re_1) ...
---------------------------------------------------------------------------

Found heuristic solution: objective 0.0000000
Presolve removed 79 rows and 373 columns
Presolve time: 0.01s
Presolved: 416 rows, 355 columns, 1025 nonzeros
Variable types: 0 continuous, 355 integer (355 binary)
Found heuristic solution: objective -1148.839482

Root relaxation: objective -1.149446e+03, 72 iterations, 0.00 seconds (0.00 work units)

    Nodes    |    Current Node    |     Objective Bounds      |     Work
 Expl Unexpl |  Obj  Depth IntInf | Incumbent    BestBd   Gap | It/Node Time

*    0     0               0    -1149.446228 -1149.4462  0.00%     -    0s

Explored 1 nodes (72 simplex iterations) in 0.23 seconds (0.01 work units)
Thread count was 8 (of 8 available processors)

Solution count 2: -1149.45 -1148.84 
No other solutions better than -1149.45

Optimal solution found (tolerance 1.00e-04)
Best objective -1.149446227852e+03, best bound -1.149446227852e+03, gap 0.0000%
---------------------------------------------------------------------------

Multi-objectives: optimize objective 2 (objective_cost_2) ...
---------------------------------------------------------------------------


Loaded user MIP start with objective 1975

Presolve removed 140 rows and 422 columns
Presolve time: 0.01s
Presolved: 356 rows, 306 columns, 1171 nonzeros
Found heuristic solution: objective -8334.243417
Variable types: 0 continuous, 306 integer (306 binary)

Root relaxation: objective -9.887952e+03, 266 iterations, 0.01 seconds (0.00 work units)

    Nodes    |    Current Node    |     Objective Bounds      |     Work
 Expl Unexpl |  Obj  Depth IntInf | Incumbent    BestBd   Gap | It/Node Time

     0     0 -9887.9517    0   28 -8334.2434 -9887.9517  18.6%     -    0s
H    0     0                    -8837.184083 -9887.9517  11.9%     -    0s
H    0     0                    -9684.286333 -9874.2381  1.96%     -    0s
     0     0 -9871.5578    0   20 -9684.2863 -9871.5578  1.93%     -    0s
     0     0 -9837.2328    0   10 -9684.2863 -9837.2328  1.58%     -    0s
     0     0 -9834.0587    0   16 -9684.2863 -9834.0587  1.55%     -    0s
     0     0 -9757.5475    0   16 -9684.2863 -9757.5475  0.76%     -    0s
     0     0 -9692.0165    0    2 -9684.2863 -9692.0165  0.08%     -    0s
*    0     0               0    -9692.016500 -9692.0165  0.00%     -    0s

Explored 1 nodes (297 simplex iterations) in 0.41 seconds (0.02 work units)
Thread count was 8 (of 8 available processors)

Solution count 4: -9692.02 -9684.29 -8837.18 -8334.24 
No other solutions better than -9692.02

Optimal solution found (tolerance 1.00e-04)
Best objective -9.692016500000e+03, best bound -9.692016500000e+03, gap 0.0000%

---------------------------------------------------------------------------
Multi-objectives: solved in 0.43 seconds (0.02 work units), solution count 6


    Variable            X 
-------------------------
cover[o74,s17]            1 
cover[o98,s15]            1 
cover[o53,s10]            1 
cover[o178,s2]            1 
cover[o203,s20]            1 
cover[o127,s16]            1 
cover[o172,s2]            1 
cover[o51,s12]            1 
cover[o7,s20]            1 
cover[o30,s1]            1 
cover[o221,s1]            1 
cover[o64,s10]            1 
cover[o25,s1]            1 
cover[o94,s20]            1 
cover[o119,s12]            1 
cover[o148,s3]            1 
cover[o208,s4]            1 
cover[o86,s19]            1 
cover[o93,s20]            1 
cover[o108,s12]            1 
cover[o131,s10]            1 
cover[o6,s20]            1 
cover[o10,s18]            1 
cover[o41,s2]            1 
cover[o144,s3]            1 
cover[o169,s2]            1 
cover[o185,s1]            1 
cover[o87,s19]            1 
cover[o168,s2]            1 
cover[o24,s1]            1 
cover[o190,s10]            1 
cover[o97,s15]            1 
cover[o162,s2]            1 
cover[o106,s15]            1 
cover[o157,s3]            1 
cover[o175,s2]            1 
cover[o136,s10]            1 
cover[o145,s3]            1 
cover[o3,s10]            1 
cover[o28,s1]            1 
cover[o45,s10]            1 
cover[o27,s1]            1 
cover[o219,s1]            1 
cover[o9,s15]            1 
cover[o212,s4]            1 
cover[o139,s10]            1 
cover[o214,s4]            1 
cover[o113,s12]            1 
cover[o160,s3]            1 
cover[o191,s10]            1 
cover[o104,s15]            1 
cover[o184,s1]            1 
cover[o37,s2]            1 
cover[o165,s2]            1 
cover[o83,s19]            1 
cover[o114,s12]            1 
cover[o155,s3]            1 
cover[o91,s19]            1 
cover[o138,s10]            1 
cover[o183,s1]            1 
cover[o11,s12]            1 
cover[o181,s1]            1 
cover[o159,s2]            1 
cover[o48,s12]            1 
cover[o129,s16]            1 
cover[o158,s2]            1 
cover[o117,s12]            1 
cover[o153,s3]            1 
cover[o101,s12]            1 
cover[o44,s17]            1 
cover[o109,s15]            1 
cover[o59,s10]            1 
cover[o121,s12]            1 
cover[o13,s10]            1 
cover[o128,s16]            1 
cover[o90,s19]            1 
cover[o79,s17]            1 
cover[o161,s3]            1 
cover[o163,s3]            1 
cover[o130,s12]            1 
cover[o107,s12]            1 
cover[o42,s2]            1 
cover[o19,s3]            1 
cover[o22,s1]            1 
cover[o187,s1]            1 
cover[o84,s19]            1 
cover[o132,s10]            1 
cover[o198,s1]            1 
cover[o49,s15]            1 
cover[o116,s12]            1 
cover[o124,s12]            1 
cover[o134,s10]            1 
cover[o82,s19]            1 
cover[o220,s1]            1 
cover[o207,s4]            1 
cover[o43,s2]            1 
cover[o192,s1]            1 
cover[o174,s2]            1 
cover[o78,s17]            1 
 select[s20]            1 
 select[s18]            1 
 select[s17]            1 
  select[s3]            1 
  select[s4]            1 
 select[s10]            1 
 select[s15]            1 
  select[s2]            1 
 select[s19]            1 
 select[s16]            1 
 select[s12]            1 
  select[s1]            1 
deploy[o74,s15,c]           31 
deploy[o74,s16,c]           31 
deploy[o74,s17,c]           31 
deploy[o74,s19,c]           31 
deploy[o98,s15,c]           31 
deploy[o98,s16,c]           31 
deploy[o98,s17,c]           31 
deploy[o98,s18,c]           31 
deploy[o53,s10,c]          110 
deploy[o203,s18,c]            5 
deploy[o203,s19,c]            5 
deploy[o203,s20,c]            5 
deploy[o127,s12,c]            5 
deploy[o127,s15,c]            5 
deploy[o127,s16,c]            5 
deploy[o127,s17,c]            5 
deploy[o172,s3,i]            7 
deploy[o51,s12,i]           37 
deploy[o51,s15,i]           37 
deploy[o51,s16,i]           37 
deploy[o7,s15,i]           37 
deploy[o7,s16,i]           37 
deploy[o7,s18,i]           37 
deploy[o7,s19,i]           37 
deploy[o7,s20,i]           37 
deploy[o64,s10,i]           37 
deploy[o25,s1,i]           37 
deploy[o94,s18,i]            7 
deploy[o94,s19,i]            7 
deploy[o94,s20,i]            7 
deploy[o119,s12,c]          110 
deploy[o148,s3,m]            2 
deploy[o148,s4,m]            2 
deploy[o208,s3,c]          110 
deploy[o208,s4,c]          110 
deploy[o86,s18,c]          110 
deploy[o86,s19,c]          110 
deploy[o86,s20,c]          110 
deploy[o93,s18,c]            5 
deploy[o93,s19,c]            5 
deploy[o93,s20,c]            5 
deploy[o108,s12,c]           31 
deploy[o131,s10,i]            7 
deploy[o131,s12,i]            7 
deploy[o6,s18,m]          100 
deploy[o6,s19,m]          100 
deploy[o6,s20,m]          100 
deploy[o10,s15,m]          100 
deploy[o10,s18,m]          100 
deploy[o10,s19,m]          100 
deploy[o10,s20,m]          100 
deploy[o41,s2,m]          100 
deploy[o41,s3,m]          100 
deploy[o144,s3,i]          157 
deploy[o144,s4,i]          157 
deploy[o169,s1,c]           31 
deploy[o169,s2,c]           31 
deploy[o185,s1,c]          110 
deploy[o87,s19,m]          100 
deploy[o87,s20,m]          100 
deploy[o168,s2,m]           20 
deploy[o168,s3,m]           20 
deploy[o24,s2,m]            2 
deploy[o190,s10,i]           37 
deploy[o97,s12,i]            7 
deploy[o97,s15,i]            7 
deploy[o97,s16,i]            7 
deploy[o97,s17,i]            7 
deploy[o162,s2,m]            2 
deploy[o162,s3,m]            2 
deploy[o162,s4,m]            2 
deploy[o106,s15,c]            5 
deploy[o106,s16,c]            5 
deploy[o106,s17,c]            5 
deploy[o106,s18,c]            5 
deploy[o157,s2,m]            2 
deploy[o157,s3,m]            2 
deploy[o157,s4,m]            2 
deploy[o175,s2,c]           31 
deploy[o136,s10,i]          157 
deploy[o136,s12,i]          157 
deploy[o145,s3,i]           37 
deploy[o145,s4,i]           37 
deploy[o3,s10,i]           37 
deploy[o45,s10,c]           31 
deploy[o27,s1,c]           31 
deploy[o9,s12,i]           37 
deploy[o9,s15,i]           37 
deploy[o9,s16,i]           37 
deploy[o212,s3,c]            5 
deploy[o212,s4,c]            5 
deploy[o139,s10,i]           37 
deploy[o139,s12,i]           37 
deploy[o214,s3,m]           20 
deploy[o214,s4,m]           20 
deploy[o113,s12,c]            5 
deploy[o160,s2,m]           20 
deploy[o160,s3,m]           20 
deploy[o160,s4,m]           20 
deploy[o104,s12,i]            7 
deploy[o104,s15,i]            7 
deploy[o104,s16,i]            7 
deploy[o184,s1,c]           31 
deploy[o37,s2,m]            2 
deploy[o83,s17,m]           20 
deploy[o83,s18,m]           20 
deploy[o83,s19,m]           20 
deploy[o83,s20,m]           20 
deploy[o114,s12,m]          100 
deploy[o155,s3,i]            7 
deploy[o155,s4,i]            7 
deploy[o91,s18,m]            2 
deploy[o91,s19,m]            2 
deploy[o91,s20,m]            2 
deploy[o183,s1,i]            7 
deploy[o11,s12,m]          100 
deploy[o11,s15,m]          100 
deploy[o181,s1,c]          110 
deploy[o159,s2,c]           31 
deploy[o159,s3,c]           31 
deploy[o159,s4,c]           31 
deploy[o48,s12,m]            2 
deploy[o129,s12,c]          110 
deploy[o129,s15,c]          110 
deploy[o129,s16,c]          110 
deploy[o129,s17,c]          110 
deploy[o158,s3,i]          157 
deploy[o158,s4,i]          157 
deploy[o117,s12,i]           37 
deploy[o153,s2,m]            2 
deploy[o153,s3,m]            2 
deploy[o153,s4,m]            2 
deploy[o101,s12,c]           31 
deploy[o44,s15,i]           37 
deploy[o44,s16,i]           37 
deploy[o44,s17,i]           37 
deploy[o44,s18,i]           37 
deploy[o44,s19,i]           37 
deploy[o109,s15,i]            7 
deploy[o109,s16,i]            7 
deploy[o109,s18,i]            7 
deploy[o121,s12,i]          157 
deploy[o13,s10,c]            5 
deploy[o13,s12,c]            5 
deploy[o128,s12,m]            2 
deploy[o128,s15,m]            2 
deploy[o128,s17,m]            2 
deploy[o90,s19,m]           20 
deploy[o90,s20,m]           20 
deploy[o79,s15,c]          110 
deploy[o79,s16,c]          110 
deploy[o79,s17,c]          110 
deploy[o79,s18,c]          110 
deploy[o79,s19,c]          110 
deploy[o161,s2,c]           31 
deploy[o161,s3,c]           31 
deploy[o161,s4,c]           31 
deploy[o163,s2,c]          110 
deploy[o163,s3,c]          110 
deploy[o163,s4,c]          110 
deploy[o130,s10,i]            7 
deploy[o130,s12,i]            7 
deploy[o107,s12,c]           31 
deploy[o107,s15,c]           31 
deploy[o42,s2,c]           31 
deploy[o19,s3,m]            2 
deploy[o22,s1,c]          110 
deploy[o187,s1,i]            7 
deploy[o84,s15,c]           31 
deploy[o84,s16,c]           31 
deploy[o84,s17,c]           31 
deploy[o84,s18,c]           31 
deploy[o84,s19,c]           31 
deploy[o84,s20,c]           31 
deploy[o132,s12,m]            2 
deploy[o198,s1,i]            7 
deploy[o49,s15,c]          110 
deploy[o49,s16,c]          110 
deploy[o49,s17,c]          110 
deploy[o49,s18,c]          110 
deploy[o116,s12,c]           31 
deploy[o124,s12,i]          157 
deploy[o134,s10,i]          157 
deploy[o134,s12,i]          157 
deploy[o82,s16,c]           31 
deploy[o82,s17,c]           31 
deploy[o82,s18,c]           31 
deploy[o82,s19,c]           31 
deploy[o82,s20,c]           31 
deploy[o220,s1,i]           37 
deploy[o207,s3,c]            5 
deploy[o207,s4,c]            5 
deploy[o43,s2,c]          110 
deploy[o43,s3,c]          110 
deploy[o192,s1,i]            7 
deploy[o174,s2,c]          110 
deploy[o174,s3,c]          110 
deploy[o78,s15,m]           20 
deploy[o78,s17,m]           20 
deploy[o78,s19,m]           20 

Gurobi 10.0.2 (win64) logging started Mon Jul 10 21:18:52 2023

Set parameter LogFile to value "Outputs/Logfiles/model_moo(Jul 10,2118).log"
Gurobi Optimizer version 10.0.2 build v10.0.2rc0 (win64)

CPU model: Intel(R) Core(TM) i5-8265U CPU @ 1.60GHz, instruction set [SSE2|AVX|AVX2]
Thread count: 4 physical cores, 8 logical processors, using up to 8 threads

Optimize a model with 1832 rows, 1436 columns and 4534 nonzeros
Model fingerprint: 0x8f2fd113
Variable types: 1062 continuous, 374 integer (374 binary)
Coefficient statistics:
  Matrix range     [1e+00, 2e+25]
  Objective range  [1e-02, 3e+02]
  Bounds range     [1e+00, 1e+00]
  RHS range        [1e+00, 1e+12]
Warning: Model contains large matrix coefficient range
Warning: Model contains large rhs
         Consider reformulating model or setting NumericFocus parameter
         to avoid numerical issues.

---------------------------------------------------------------------------
Multi-objectives: starting optimization with 2 objectives ... 
---------------------------------------------------------------------------

Multi-objectives: applying initial presolve ...
---------------------------------------------------------------------------

Presolve removed 1337 rows and 708 columns
Presolve time: 0.19s
Presolved: 495 rows and 728 columns
---------------------------------------------------------------------------

Multi-objectives: optimize objective 1 (objective_re_1) ...
---------------------------------------------------------------------------

Found heuristic solution: objective 0.0000000
Presolve removed 79 rows and 373 columns
Presolve time: 0.01s
Presolved: 416 rows, 355 columns, 1025 nonzeros
Variable types: 0 continuous, 355 integer (355 binary)
Found heuristic solution: objective -1110.231430

Root relaxation: objective -1.149278e+03, 158 iterations, 0.00 seconds (0.00 work units)

    Nodes    |    Current Node    |     Objective Bounds      |     Work
 Expl Unexpl |  Obj  Depth IntInf | Incumbent    BestBd   Gap | It/Node Time

*    0     0               0    -1149.278387 -1149.2784  0.00%     -    0s

Explored 1 nodes (158 simplex iterations) in 0.46 seconds (0.01 work units)
Thread count was 8 (of 8 available processors)

Solution count 2: -1149.28 -1110.23 
No other solutions better than -1149.28

Optimal solution found (tolerance 1.00e-04)
Best objective -1.149278387075e+03, best bound -1.149278387075e+03, gap 0.0000%
---------------------------------------------------------------------------

Multi-objectives: optimize objective 2 (objective_cost_2) ...
---------------------------------------------------------------------------


Loaded user MIP start with objective 1325

Presolve removed 140 rows and 422 columns
Presolve time: 0.03s
Presolved: 356 rows, 306 columns, 1171 nonzeros
Found heuristic solution: objective -5959.718750
Variable types: 0 continuous, 306 integer (306 binary)

Root relaxation: objective -7.566062e+03, 305 iterations, 0.01 seconds (0.00 work units)

    Nodes    |    Current Node    |     Objective Bounds      |     Work
 Expl Unexpl |  Obj  Depth IntInf | Incumbent    BestBd   Gap | It/Node Time

     0     0 -7566.0616    0   30 -5959.7188 -7566.0616  27.0%     -    0s
H    0     0                    -7558.884389 -7566.0616  0.09%     -    0s

Explored 1 nodes (305 simplex iterations) in 0.95 seconds (0.02 work units)
Thread count was 8 (of 8 available processors)

Solution count 2: -7558.88 -5959.72 
No other solutions better than -7558.88

Optimal solution found (tolerance 1.00e-04)
Best objective -7.558884388889e+03, best bound -7.558884388889e+03, gap 0.0000%

---------------------------------------------------------------------------
Multi-objectives: solved in 1.09 seconds (0.02 work units), solution count 4


    Variable            X 
-------------------------
cover[o74,s15]            1 
cover[o98,s15]            1 
cover[o53,s10]            1 
cover[o178,s2]            1 
cover[o203,s19]            1 
cover[o127,s15]            1 
cover[o172,s2]            1 
cover[o51,s12]            1 
cover[o7,s18]            1 
cover[o30,s1]            1 
cover[o221,s1]            1 
cover[o64,s10]            1 
cover[o25,s1]            1 
cover[o94,s18]            1 
cover[o119,s12]            1 
cover[o148,s3]            1 
cover[o208,s3]            1 
cover[o86,s19]            1 
cover[o93,s19]            1 
cover[o108,s12]            1 
cover[o131,s10]            1 
cover[o6,s18]            1 
cover[o10,s18]            1 
cover[o41,s2]            1 
cover[o144,s3]            1 
cover[o169,s2]            1 
cover[o185,s1]            1 
cover[o87,s19]            1 
cover[o168,s2]            1 
cover[o24,s1]            1 
cover[o190,s10]            1 
cover[o97,s15]            1 
cover[o162,s2]            1 
cover[o106,s15]            1 
cover[o157,s3]            1 
cover[o175,s2]            1 
cover[o136,s10]            1 
cover[o145,s3]            1 
cover[o3,s10]            1 
cover[o28,s1]            1 
cover[o45,s10]            1 
cover[o27,s1]            1 
cover[o219,s1]            1 
cover[o9,s15]            1 
cover[o212,s3]            1 
cover[o139,s10]            1 
cover[o214,s3]            1 
cover[o113,s12]            1 
cover[o160,s3]            1 
cover[o191,s10]            1 
cover[o104,s15]            1 
cover[o184,s1]            1 
cover[o37,s2]            1 
cover[o165,s2]            1 
cover[o83,s19]            1 
cover[o114,s12]            1 
cover[o155,s3]            1 
cover[o91,s19]            1 
cover[o138,s10]            1 
cover[o183,s1]            1 
cover[o11,s12]            1 
cover[o181,s1]            1 
cover[o159,s2]            1 
cover[o48,s12]            1 
cover[o129,s15]            1 
cover[o158,s2]            1 
cover[o117,s12]            1 
cover[o153,s3]            1 
cover[o101,s12]            1 
cover[o44,s19]            1 
cover[o109,s15]            1 
cover[o59,s10]            1 
cover[o121,s12]            1 
cover[o13,s10]            1 
cover[o128,s15]            1 
cover[o90,s19]            1 
cover[o79,s19]            1 
cover[o161,s3]            1 
cover[o163,s3]            1 
cover[o130,s12]            1 
cover[o107,s12]            1 
cover[o42,s2]            1 
cover[o19,s3]            1 
cover[o22,s1]            1 
cover[o187,s1]            1 
cover[o84,s19]            1 
cover[o132,s10]            1 
cover[o198,s1]            1 
cover[o49,s15]            1 
cover[o116,s12]            1 
cover[o124,s12]            1 
cover[o134,s10]            1 
cover[o82,s19]            1 
cover[o220,s1]            1 
cover[o207,s3]            1 
cover[o43,s2]            1 
cover[o192,s1]            1 
cover[o174,s2]            1 
cover[o78,s15]            1 
 select[s18]            1 
  select[s3]            1 
 select[s10]            1 
 select[s15]            1 
  select[s2]            1 
 select[s19]            1 
 select[s12]            1 
  select[s1]            1 
deploy[o74,s15,c]           31 
deploy[o74,s19,c]           31 
deploy[o98,s15,c]           31 
deploy[o98,s18,c]           31 
deploy[o53,s10,c]          110 
deploy[o203,s18,c]            5 
deploy[o203,s19,c]            5 
deploy[o127,s12,c]            5 
deploy[o127,s15,c]            5 
deploy[o172,s3,i]            7 
deploy[o51,s12,i]           37 
deploy[o51,s15,i]           37 
deploy[o7,s15,i]           37 
deploy[o7,s18,i]           37 
deploy[o7,s19,i]           37 
deploy[o64,s10,i]           37 
deploy[o25,s1,i]           37 
deploy[o94,s18,i]            7 
deploy[o94,s19,i]            7 
deploy[o119,s12,c]          110 
deploy[o148,s3,m]            2 
deploy[o208,s3,c]          110 
deploy[o86,s18,c]          110 
deploy[o86,s19,c]          110 
deploy[o93,s18,c]            5 
deploy[o93,s19,c]            5 
deploy[o108,s12,c]           31 
deploy[o131,s10,i]            7 
deploy[o131,s12,i]            7 
deploy[o6,s18,m]          100 
deploy[o6,s19,m]          100 
deploy[o10,s15,m]          100 
deploy[o10,s18,m]          100 
deploy[o10,s19,m]          100 
deploy[o41,s2,m]          100 
deploy[o41,s3,m]          100 
deploy[o144,s3,i]          157 
deploy[o169,s1,c]           31 
deploy[o169,s2,c]           31 
deploy[o185,s1,c]          110 
deploy[o87,s19,m]          100 
deploy[o168,s2,m]           20 
deploy[o168,s3,m]           20 
deploy[o24,s2,m]            2 
deploy[o190,s10,i]           37 
deploy[o97,s12,i]            7 
deploy[o97,s15,i]            7 
deploy[o162,s2,m]            2 
deploy[o162,s3,m]            2 
deploy[o106,s15,c]            5 
deploy[o106,s18,c]            5 
deploy[o157,s2,m]            2 
deploy[o157,s3,m]            2 
deploy[o175,s2,c]           31 
deploy[o136,s10,i]          157 
deploy[o136,s12,i]          157 
deploy[o145,s3,i]           37 
deploy[o3,s10,i]           37 
deploy[o45,s10,c]           31 
deploy[o27,s1,c]           31 
deploy[o9,s12,i]           37 
deploy[o9,s15,i]           37 
deploy[o212,s3,c]            5 
deploy[o139,s10,i]           37 
deploy[o139,s12,i]           37 
deploy[o214,s3,m]           20 
deploy[o113,s12,c]            5 
deploy[o160,s2,m]           20 
deploy[o160,s3,m]           20 
deploy[o104,s12,i]            7 
deploy[o104,s15,i]            7 
deploy[o184,s1,c]           31 
deploy[o37,s2,m]            2 
deploy[o83,s18,m]           20 
deploy[o83,s19,m]           20 
deploy[o114,s12,m]          100 
deploy[o155,s3,i]            7 
deploy[o91,s18,m]            2 
deploy[o91,s19,m]            2 
deploy[o183,s1,i]            7 
deploy[o11,s12,m]          100 
deploy[o11,s15,m]          100 
deploy[o181,s1,c]          110 
deploy[o159,s2,c]           31 
deploy[o159,s3,c]           31 
deploy[o48,s12,m]            2 
deploy[o129,s12,c]          110 
deploy[o129,s15,c]          110 
deploy[o158,s3,i]          157 
deploy[o117,s12,i]           37 
deploy[o153,s2,m]            2 
deploy[o153,s3,m]            2 
deploy[o101,s12,c]           31 
deploy[o44,s15,i]           37 
deploy[o44,s18,i]           37 
deploy[o44,s19,i]           37 
deploy[o109,s15,i]            7 
deploy[o109,s18,i]            7 
deploy[o121,s12,i]          157 
deploy[o13,s10,c]            5 
deploy[o13,s12,c]            5 
deploy[o128,s12,m]            2 
deploy[o128,s15,m]            2 
deploy[o90,s19,m]           20 
deploy[o79,s15,c]          110 
deploy[o79,s18,c]          110 
deploy[o79,s19,c]          110 
deploy[o161,s2,c]           31 
deploy[o161,s3,c]           31 
deploy[o163,s2,c]          110 
deploy[o163,s3,c]          110 
deploy[o130,s10,i]            7 
deploy[o130,s12,i]            7 
deploy[o107,s12,c]           31 
deploy[o107,s15,c]           31 
deploy[o42,s2,c]           31 
deploy[o19,s3,m]            2 
deploy[o22,s1,c]          110 
deploy[o187,s1,i]            7 
deploy[o84,s15,c]           31 
deploy[o84,s18,c]           31 
deploy[o84,s19,c]           31 
deploy[o132,s12,m]            2 
deploy[o198,s1,i]            7 
deploy[o49,s15,c]          110 
deploy[o49,s18,c]          110 
deploy[o116,s12,c]           31 
deploy[o124,s12,i]          157 
deploy[o134,s10,i]          157 
deploy[o134,s12,i]          157 
deploy[o82,s18,c]           31 
deploy[o82,s19,c]           31 
deploy[o220,s1,i]           37 
deploy[o207,s3,c]            5 
deploy[o43,s2,c]          110 
deploy[o43,s3,c]          110 
deploy[o192,s1,i]            7 
deploy[o174,s2,c]          110 
deploy[o174,s3,c]          110 
deploy[o78,s15,m]           20 
deploy[o78,s19,m]           20 

Gurobi 10.0.2 (win64) logging started Mon Jul 10 21:18:59 2023

Set parameter LogFile to value "Outputs/Logfiles/model_moo(Jul 10,2118).log"
Gurobi Optimizer version 10.0.2 build v10.0.2rc0 (win64)

CPU model: Intel(R) Core(TM) i5-8265U CPU @ 1.60GHz, instruction set [SSE2|AVX|AVX2]
Thread count: 4 physical cores, 8 logical processors, using up to 8 threads

Optimize a model with 1832 rows, 1436 columns and 4534 nonzeros
Model fingerprint: 0x18747427
Variable types: 1062 continuous, 374 integer (374 binary)
Coefficient statistics:
  Matrix range     [1e+00, 2e+25]
  Objective range  [1e-02, 3e+02]
  Bounds range     [1e+00, 1e+00]
  RHS range        [1e+00, 1e+12]
Warning: Model contains large matrix coefficient range
Warning: Model contains large rhs
         Consider reformulating model or setting NumericFocus parameter
         to avoid numerical issues.

---------------------------------------------------------------------------
Multi-objectives: starting optimization with 2 objectives ... 
---------------------------------------------------------------------------

Multi-objectives: applying initial presolve ...
---------------------------------------------------------------------------

Presolve removed 1337 rows and 708 columns
Presolve time: 0.01s
Presolved: 495 rows and 728 columns
---------------------------------------------------------------------------

Multi-objectives: optimize objective 1 (objective_re_1) ...
---------------------------------------------------------------------------

Found heuristic solution: objective 0.0000000
Presolve removed 79 rows and 373 columns
Presolve time: 0.01s
Presolved: 416 rows, 355 columns, 1025 nonzeros
Variable types: 0 continuous, 355 integer (355 binary)
Found heuristic solution: objective -898.2544191

Root relaxation: objective -1.127227e+03, 264 iterations, 0.00 seconds (0.00 work units)

    Nodes    |    Current Node    |     Objective Bounds      |     Work
 Expl Unexpl |  Obj  Depth IntInf | Incumbent    BestBd   Gap | It/Node Time

*    0     0               0    -1127.227354 -1127.2274  0.00%     -    0s

Explored 1 nodes (264 simplex iterations) in 0.15 seconds (0.01 work units)
Thread count was 8 (of 8 available processors)

Solution count 2: -1127.23 -898.254 
No other solutions better than -1127.23

Optimal solution found (tolerance 1.00e-04)
Best objective -1.127227353674e+03, best bound -1.127227353674e+03, gap 0.0000%
---------------------------------------------------------------------------

Multi-objectives: optimize objective 2 (objective_cost_2) ...
---------------------------------------------------------------------------


Loaded user MIP start with objective 600

Presolve removed 140 rows and 422 columns
Presolve time: 0.02s
Presolved: 356 rows, 306 columns, 1171 nonzeros
Found heuristic solution: objective -1783.830944
Variable types: 0 continuous, 306 integer (306 binary)

Root relaxation: objective -1.798119e+03, 422 iterations, 0.01 seconds (0.00 work units)

    Nodes    |    Current Node    |     Objective Bounds      |     Work
 Expl Unexpl |  Obj  Depth IntInf | Incumbent    BestBd   Gap | It/Node Time

     0     0 infeasible    0      -1783.8309 -1783.8309  0.00%     -    0s

Explored 1 nodes (422 simplex iterations) in 0.27 seconds (0.02 work units)
Thread count was 8 (of 8 available processors)

Solution count 1: -1783.83 
No other solutions better than -1783.83

Optimal solution found (tolerance 1.00e-04)
Best objective -1.783830944444e+03, best bound -1.783830944444e+03, gap 0.0000%

---------------------------------------------------------------------------
Multi-objectives: solved in 0.29 seconds (0.02 work units), solution count 3


    Variable            X 
-------------------------
cover[o74,s13]            1 
cover[o98,s13]            1 
cover[o53,s7]            1 
cover[o178,s2]            1 
cover[o203,s19]            1 
cover[o127,s13]            1 
cover[o172,s2]            1 
cover[o51,s13]            1 
cover[o7,s19]            1 
cover[o30,s1]            1 
cover[o221,s1]            1 
cover[o64,s7]            1 
cover[o25,s1]            1 
cover[o94,s19]            1 
cover[o119,s13]            1 
cover[o148,s7]            1 
cover[o86,s19]            1 
cover[o93,s19]            1 
cover[o108,s13]            1 
cover[o131,s7]            1 
cover[o6,s19]            1 
cover[o10,s19]            1 
cover[o41,s2]            1 
cover[o144,s7]            1 
cover[o169,s2]            1 
cover[o185,s1]            1 
cover[o87,s19]            1 
cover[o168,s2]            1 
cover[o24,s1]            1 
cover[o190,s7]            1 
cover[o97,s13]            1 
cover[o162,s2]            1 
cover[o106,s13]            1 
cover[o157,s2]            1 
cover[o175,s2]            1 
cover[o136,s7]            1 
cover[o145,s7]            1 
cover[o3,s7]            1 
cover[o28,s1]            1 
cover[o27,s1]            1 
cover[o219,s1]            1 
cover[o9,s13]            1 
cover[o212,s7]            1 
cover[o139,s7]            1 
cover[o214,s7]            1 
cover[o113,s13]            1 
cover[o160,s2]            1 
cover[o191,s7]            1 
cover[o104,s13]            1 
cover[o184,s1]            1 
cover[o37,s2]            1 
cover[o165,s2]            1 
cover[o83,s19]            1 
cover[o114,s13]            1 
cover[o155,s2]            1 
cover[o91,s19]            1 
cover[o138,s7]            1 
cover[o183,s1]            1 
cover[o11,s13]            1 
cover[o181,s1]            1 
cover[o159,s2]            1 
cover[o48,s13]            1 
cover[o129,s13]            1 
cover[o158,s2]            1 
cover[o117,s13]            1 
cover[o153,s2]            1 
cover[o101,s13]            1 
cover[o44,s19]            1 
cover[o109,s13]            1 
cover[o59,s7]            1 
cover[o121,s13]            1 
cover[o13,s7]            1 
cover[o128,s13]            1 
cover[o90,s19]            1 
cover[o79,s19]            1 
cover[o161,s2]            1 
cover[o163,s2]            1 
cover[o130,s7]            1 
cover[o107,s13]            1 
cover[o42,s2]            1 
cover[o19,s7]            1 
cover[o22,s1]            1 
cover[o187,s1]            1 
cover[o84,s19]            1 
cover[o132,s7]            1 
cover[o198,s1]            1 
cover[o49,s13]            1 
cover[o116,s13]            1 
cover[o124,s13]            1 
cover[o134,s7]            1 
cover[o82,s19]            1 
cover[o220,s1]            1 
cover[o43,s2]            1 
cover[o192,s1]            1 
cover[o174,s2]            1 
cover[o78,s19]            1 
  select[s2]            1 
  select[s7]            1 
 select[s19]            1 
 select[s13]            1 
  select[s1]            1 
deploy[o74,s19,c]           31 
deploy[o53,s7,c]          110 
deploy[o203,s19,c]            5 
deploy[o51,s13,i]           37 
deploy[o7,s19,i]           37 
deploy[o64,s7,i]           37 
deploy[o25,s1,i]           37 
deploy[o94,s19,i]            7 
deploy[o148,s7,m]            2 
deploy[o86,s19,c]          110 
deploy[o93,s19,c]            5 
deploy[o131,s7,i]            7 
deploy[o6,s19,m]          100 
deploy[o10,s19,m]          100 
deploy[o41,s2,m]          100 
deploy[o144,s7,i]          157 
deploy[o169,s1,c]           31 
deploy[o169,s2,c]           31 
deploy[o185,s1,c]          110 
deploy[o87,s19,m]          100 
deploy[o168,s2,m]           20 
deploy[o24,s2,m]            2 
deploy[o190,s7,i]           37 
deploy[o97,s13,i]            7 
deploy[o162,s2,m]            2 
deploy[o157,s2,m]            2 
deploy[o175,s2,c]           31 
deploy[o136,s7,i]          157 
deploy[o145,s7,i]           37 
deploy[o3,s7,i]           37 
deploy[o27,s1,c]           31 
deploy[o9,s13,i]           37 
deploy[o212,s7,c]            5 
deploy[o139,s7,i]           37 
deploy[o214,s7,m]           20 
deploy[o160,s2,m]           20 
deploy[o191,s7,m]           20 
deploy[o104,s13,i]            7 
deploy[o184,s1,c]           31 
deploy[o37,s2,m]            2 
deploy[o83,s19,m]           20 
deploy[o114,s13,m]          100 
deploy[o91,s19,m]            2 
deploy[o138,s7,m]          100 
deploy[o183,s1,i]            7 
deploy[o11,s13,m]          100 
deploy[o181,s1,c]          110 
deploy[o159,s2,c]           31 
deploy[o48,s13,m]            2 
deploy[o117,s13,i]           37 
deploy[o153,s2,m]            2 
deploy[o44,s19,i]           37 
deploy[o109,s13,i]            7 
deploy[o59,s7,m]            2 
deploy[o121,s13,i]          157 
deploy[o13,s7,c]            5 
deploy[o128,s13,m]            2 
deploy[o90,s19,m]           20 
deploy[o79,s19,c]          110 
deploy[o161,s2,c]           31 
deploy[o163,s2,c]          110 
deploy[o130,s7,i]            7 
deploy[o42,s2,c]           31 
deploy[o19,s7,m]            2 
deploy[o22,s1,c]          110 
deploy[o187,s1,i]            7 
deploy[o84,s19,c]           31 
deploy[o132,s7,m]            2 
deploy[o198,s1,i]            7 
deploy[o124,s13,i]          157 
deploy[o134,s7,i]          157 
deploy[o82,s19,c]           31 
deploy[o220,s1,i]           37 
deploy[o43,s2,c]          110 
deploy[o192,s1,i]            7 
deploy[o174,s2,c]          110 
deploy[o78,s19,m]           20 
