
Gurobi 11.0.1 (mac64[arm]) logging started Fri May  3 01:20:02 2024

Set parameter LogFile to value "../models/model_moo(May 03,0120).log"
Gurobi Optimizer version 11.0.1 build v11.0.1rc0 (mac64[arm] - Darwin 23.2.0 23C71)

CPU model: Apple M2
Thread count: 8 physical cores, 8 logical processors, using up to 8 threads

Optimize a model with 475 rows, 370 columns and 883 nonzeros
Model fingerprint: 0x95a8352d
Variable types: 273 continuous, 97 integer (97 binary)
Coefficient statistics:
  Matrix range     [1e+00, 2e+25]
  Objective range  [3e-02, 2e+02]
  Bounds range     [1e+00, 1e+00]
  RHS range        [1e+00, 1e+12]
Warning: Model contains large matrix coefficient range
Warning: Model contains large rhs
         Consider reformulating model or setting NumericFocus parameter
         to avoid numerical issues.

---------------------------------------------------------------------------
Multi-objectives: starting optimization with 2 objectives ... 
---------------------------------------------------------------------------

Multi-objectives: applying initial presolve ...
---------------------------------------------------------------------------

Presolve removed 354 rows and 182 columns
Presolve time: 0.00s
Presolved: 121 rows, 188 columns, 322 nonzeros
---------------------------------------------------------------------------

Multi-objectives: optimize objective 1 (objective_re_1) ...
---------------------------------------------------------------------------

Found heuristic solution: objective 0.0000000
Presolve removed 96 rows and 169 columns
Presolve time: 0.00s
Presolved: 25 rows, 19 columns, 51 nonzeros
Found heuristic solution: objective -1030.080611
Variable types: 0 continuous, 19 integer (19 binary)

Root relaxation: cutoff, 0 iterations, 0.00 seconds (0.00 work units)

Explored 1 nodes (0 simplex iterations) in 0.01 seconds (0.00 work units)
Thread count was 8 (of 8 available processors)

Solution count 1: -1030.08 
No other solutions better than -1030.08

Optimal solution found (tolerance 1.00e-04)
Best objective -1.030080610622e+03, best bound -1.030080610622e+03, gap 0.0000%
---------------------------------------------------------------------------

Multi-objectives: optimize objective 2 (objective_cost_2) ...
---------------------------------------------------------------------------


Loaded user MIP start with objective 750

Presolve removed 122 rows and 188 columns
Presolve time: 0.00s
Presolve: All rows and columns removed

Explored 0 nodes (0 simplex iterations) in 0.01 seconds (0.00 work units)
Thread count was 1 (of 8 available processors)

Solution count 1: -3065.66 
No other solutions better than -3065.66

Optimal solution found (tolerance 1.00e-04)
Best objective -3.065658916667e+03, best bound -3.065658916667e+03, gap 0.0000%

---------------------------------------------------------------------------
Multi-objectives: solved in 0.01 seconds (0.00 work units), solution count 2


    Variable            X 
-------------------------
cover[o198,s1]            1 
cover[o121,s12]            1 
cover[o202,s19]            1 
cover[o207,s5]            1 
cover[o185,s1]            1 
cover[o102,s12]            1 
cover[o127,s12]            1 
cover[o96,s12]            1 
cover[o94,s19]            1 
cover[o61,s11]            1 
cover[o151,s5]            1 
cover[o193,s5]            1 
cover[o197,s1]            1 
cover[o138,s11]            1 
cover[o69,s11]            1 
cover[o70,s11]            1 
cover[o222,s1]            1 
cover[o135,s12]            1 
cover[o59,s11]            1 
cover[o150,s5]            1 
cover[o21,s5]            1 
cover[o220,s1]            1 
cover[o191,s11]            1 
cover[o48,s12]            1 
cover[o217,s5]            1 
cover[o105,s12]            1 
cover[o112,s12]            1 
cover[o136,s12]            1 
cover[o158,s5]            1 
cover[o15,s19]            1 
cover[o30,s1]            1 
cover[o71,s11]            1 
cover[o157,s5]            1 
cover[o146,s5]            1 
cover[o125,s12]            1 
cover[o103,s12]            1 
cover[o82,s19]            1 
cover[o223,s1]            1 
cover[o205,s5]            1 
cover[o114,s12]            1 
cover[o192,s1]            1 
cover[o162,s5]            1 
cover[o10,s19]            1 
cover[o184,s1]            1 
cover[o4,s19]            1 
cover[o153,s5]            1 
cover[o115,s12]            1 
cover[o26,s1]            1 
cover[o101,s12]            1 
cover[o92,s19]            1 
cover[o212,s5]            1 
cover[o219,s1]            1 
cover[o161,s5]            1 
cover[o128,s12]            1 
cover[o75,s19]            1 
cover[o131,s11]            1 
cover[o89,s19]            1 
cover[o63,s11]            1 
cover[o88,s19]            1 
cover[o85,s19]            1 
cover[o28,s1]            1 
cover[o81,s19]            1 
cover[o95,s19]            1 
cover[o16,s19]            1 
cover[o183,s1]            1 
cover[o93,s19]            1 
cover[o2,s11]            1 
cover[o54,s11]            1 
cover[o169,s1]            1 
cover[o154,s5]            1 
cover[o24,s1]            1 
cover[o215,s5]            1 
cover[o44,s19]            1 
cover[o107,s12]            1 
cover[o64,s11]            1 
cover[o211,s5]            1 
cover[o180,s1]            1 
  select[s1]            1 
 select[s12]            1 
 select[s11]            1 
 select[s19]            1 
  select[s5]            1 
deploy[o198,s1,m]           20 
deploy[o121,s12,c]           31 
deploy[o202,s19,c]          110 
deploy[o207,s5,c]            5 
deploy[o185,s1,m]            2 
deploy[o102,s12,i]           37 
deploy[o127,s12,m]           20 
deploy[o96,s12,i]          157 
deploy[o94,s19,m]          100 
deploy[o61,s11,m]           20 
deploy[o197,s1,m]          100 
deploy[o138,s11,i]          157 
deploy[o69,s11,m]            2 
deploy[o70,s11,c]           31 
deploy[o222,s1,i]            7 
deploy[o135,s11,m]          100 
deploy[o135,s12,m]          100 
deploy[o59,s11,c]          110 
deploy[o150,s5,i]           37 
deploy[o21,s5,i]          157 
deploy[o220,s1,i]           37 
deploy[o191,s11,c]            5 
deploy[o48,s12,i]            7 
deploy[o105,s12,m]            2 
deploy[o112,s12,i]          157 
deploy[o136,s11,m]           20 
deploy[o136,s12,m]           20 
deploy[o158,s5,c]           31 
deploy[o15,s19,m]           20 
deploy[o30,s1,i]           37 
deploy[o71,s11,c]            5 
deploy[o125,s12,c]           31 
deploy[o103,s12,m]           20 
deploy[o223,s1,m]           20 
deploy[o205,s5,i]            7 
deploy[o114,s12,i]           37 
deploy[o192,s1,i]            7 
deploy[o184,s1,c]            5 
deploy[o4,s19,c]            5 
deploy[o115,s12,i]           37 
deploy[o26,s1,c]            5 
deploy[o101,s12,i]          157 
deploy[o92,s19,c]          110 
deploy[o219,s1,c]            5 
deploy[o128,s12,c]           31 
deploy[o131,s11,m]            2 
deploy[o131,s12,m]            2 
deploy[o63,s11,i]            7 
deploy[o88,s19,c]           31 
deploy[o85,s19,m]           20 
deploy[o28,s1,c]            5 
deploy[o81,s19,m]            2 
deploy[o95,s19,c]          110 
deploy[o183,s1,m]            2 
deploy[o93,s19,c]            5 
deploy[o2,s11,c]          110 
deploy[o54,s11,i]           37 
deploy[o169,s1,m]          100 
deploy[o24,s1,c]           31 
deploy[o44,s19,m]            2 
deploy[o107,s12,i]          157 
deploy[o64,s11,c]            5 
deploy[o211,s5,i]          157 
deploy[o180,s1,c]           31 

Gurobi 11.0.1 (mac64[arm]) logging started Fri May  3 01:20:09 2024

Set parameter LogFile to value "../models/model_moo(May 03,0120).log"
Gurobi Optimizer version 11.0.1 build v11.0.1rc0 (mac64[arm] - Darwin 23.2.0 23C71)

CPU model: Apple M2
Thread count: 8 physical cores, 8 logical processors, using up to 8 threads

Optimize a model with 505 rows, 394 columns and 947 nonzeros
Model fingerprint: 0xcfce0988
Variable types: 291 continuous, 103 integer (103 binary)
Coefficient statistics:
  Matrix range     [1e+00, 2e+25]
  Objective range  [1e-03, 2e+02]
  Bounds range     [1e+00, 1e+00]
  RHS range        [1e+00, 1e+12]
Warning: Model contains large matrix coefficient range
Warning: Model contains large rhs
         Consider reformulating model or setting NumericFocus parameter
         to avoid numerical issues.

---------------------------------------------------------------------------
Multi-objectives: starting optimization with 2 objectives ... 
---------------------------------------------------------------------------

Multi-objectives: applying initial presolve ...
---------------------------------------------------------------------------

Presolve removed 373 rows and 194 columns
Presolve time: 0.00s
Presolved: 132 rows, 200 columns, 350 nonzeros
---------------------------------------------------------------------------

Multi-objectives: optimize objective 1 (objective_re_1) ...
---------------------------------------------------------------------------

Found heuristic solution: objective 0.0000000
Presolve removed 92 rows and 171 columns
Presolve time: 0.00s
Presolved: 40 rows, 29 columns, 81 nonzeros
Found heuristic solution: objective -857.3974810
Variable types: 0 continuous, 29 integer (29 binary)

Root relaxation: cutoff, 0 iterations, 0.00 seconds (0.00 work units)

Explored 1 nodes (0 simplex iterations) in 0.01 seconds (0.00 work units)
Thread count was 8 (of 8 available processors)

Solution count 1: -857.397 
No other solutions better than -857.397

Optimal solution found (tolerance 1.00e-04)
Best objective -8.573974809737e+02, best bound -8.573974809737e+02, gap 0.0000%
---------------------------------------------------------------------------

Multi-objectives: optimize objective 2 (objective_cost_2) ...
---------------------------------------------------------------------------


Loaded user MIP start with objective 750

Presolve removed 133 rows and 200 columns
Presolve time: 0.00s
Presolve: All rows and columns removed

Explored 0 nodes (0 simplex iterations) in 0.01 seconds (0.00 work units)
Thread count was 1 (of 8 available processors)

Solution count 1: -3614.75 
No other solutions better than -3614.75

Optimal solution found (tolerance 1.00e-04)
Best objective -3.614749527778e+03, best bound -3.614749527778e+03, gap 0.0000%

---------------------------------------------------------------------------
Multi-objectives: solved in 0.01 seconds (0.00 work units), solution count 2


    Variable            X 
-------------------------
cover[o186,s1]            1 
cover[o69,s11]            1 
cover[o129,s12]            1 
cover[o93,s19]            1 
cover[o63,s11]            1 
cover[o73,s19]            1 
cover[o161,s5]            1 
cover[o125,s12]            1 
cover[o12,s12]            1 
cover[o120,s12]            1 
cover[o27,s1]            1 
cover[o147,s5]            1 
cover[o1,s11]            1 
cover[o204,s5]            1 
cover[o65,s11]            1 
cover[o18,s5]            1 
cover[o2,s11]            1 
cover[o8,s12]            1 
cover[o104,s12]            1 
cover[o105,s12]            1 
cover[o67,s11]            1 
cover[o131,s12]            1 
cover[o181,s1]            1 
cover[o30,s1]            1 
cover[o136,s12]            1 
cover[o155,s5]            1 
cover[o76,s11]            1 
cover[o28,s1]            1 
cover[o149,s5]            1 
cover[o219,s1]            1 
cover[o208,s5]            1 
cover[o103,s12]            1 
cover[o140,s11]            1 
cover[o214,s5]            1 
cover[o189,s19]            1 
cover[o62,s11]            1 
cover[o79,s19]            1 
cover[o153,s5]            1 
cover[o194,s1]            1 
cover[o21,s5]            1 
cover[o203,s19]            1 
cover[o61,s11]            1 
cover[o191,s11]            1 
cover[o220,s1]            1 
cover[o74,s19]            1 
cover[o85,s19]            1 
cover[o138,s11]            1 
cover[o127,s12]            1 
cover[o53,s11]            1 
cover[o24,s1]            1 
cover[o16,s19]            1 
cover[o126,s12]            1 
cover[o188,s19]            1 
cover[o215,s5]            1 
cover[o187,s1]            1 
cover[o192,s1]            1 
cover[o22,s1]            1 
cover[o160,s5]            1 
cover[o6,s19]            1 
cover[o196,s1]            1 
cover[o56,s11]            1 
cover[o10,s19]            1 
cover[o20,s5]            1 
cover[o87,s19]            1 
cover[o55,s11]            1 
cover[o132,s12]            1 
cover[o217,s5]            1 
cover[o197,s1]            1 
cover[o213,s5]            1 
cover[o89,s19]            1 
cover[o88,s19]            1 
cover[o51,s12]            1 
cover[o113,s12]            1 
cover[o112,s12]            1 
cover[o152,s5]            1 
  select[s1]            1 
 select[s12]            1 
 select[s11]            1 
 select[s19]            1 
  select[s5]            1 
deploy[o186,s1,c]           31 
deploy[o69,s11,c]          110 
deploy[o129,s12,c]          110 
deploy[o93,s19,m]            2 
deploy[o63,s11,m]            2 
deploy[o125,s12,i]          157 
deploy[o12,s12,m]          100 
deploy[o120,s12,m]           20 
deploy[o27,s1,m]           20 
deploy[o1,s11,m]          100 
deploy[o204,s5,c]            5 
deploy[o65,s11,c]          110 
deploy[o18,s5,i]          157 
deploy[o2,s11,m]            2 
deploy[o209,s5,c]           31 
deploy[o8,s12,i]            7 
deploy[o104,s12,c]          110 
deploy[o105,s12,m]          100 
deploy[o67,s11,i]           37 
deploy[o131,s11,i]          157 
deploy[o131,s12,i]          157 
deploy[o216,s5,i]          157 
deploy[o181,s1,m]           20 
deploy[o30,s1,i]            7 
deploy[o136,s11,i]           37 
deploy[o136,s12,i]           37 
deploy[o155,s5,c]            5 
deploy[o76,s11,i]            7 
deploy[o28,s1,m]            2 
deploy[o219,s1,i]          157 
deploy[o103,s12,m]           20 
deploy[o140,s11,i]           37 
deploy[o214,s5,c]            5 
deploy[o189,s19,m]           20 
deploy[o62,s11,m]            2 
deploy[o79,s19,c]           31 
deploy[o194,s1,i]           37 
deploy[o21,s5,i]           37 
deploy[o61,s11,c]           31 
deploy[o191,s11,m]          100 
deploy[o220,s1,i]            7 
deploy[o74,s19,c]            5 
deploy[o85,s19,c]          110 
deploy[o138,s11,c]            5 
deploy[o127,s12,m]          100 
deploy[o53,s11,m]          100 
deploy[o24,s1,i]           37 
deploy[o126,s12,c]          110 
deploy[o188,s19,m]           20 
deploy[o187,s1,c]            5 
deploy[o192,s1,i]          157 
deploy[o22,s1,m]            2 
deploy[o160,s5,c]            5 
deploy[o6,s19,m]          100 
deploy[o196,s1,i]           37 
deploy[o56,s11,c]          110 
deploy[o10,s19,c]           31 
deploy[o20,s5,c]            5 
deploy[o87,s19,m]            2 
deploy[o55,s11,i]            7 
deploy[o132,s11,i]           37 
deploy[o132,s12,i]           37 
deploy[o197,s1,c]            5 
deploy[o213,s5,i]           37 
deploy[o89,s19,m]          100 
deploy[o88,s19,c]           31 
deploy[o51,s12,m]            2 
deploy[o113,s12,i]          157 
deploy[o112,s12,c]            5 
deploy[o152,s5,c]           31 

Gurobi 11.0.1 (mac64[arm]) logging started Fri May  3 01:20:15 2024

Set parameter LogFile to value "../models/model_moo(May 03,0120).log"
Gurobi Optimizer version 11.0.1 build v11.0.1rc0 (mac64[arm] - Darwin 23.2.0 23C71)

CPU model: Apple M2
Thread count: 8 physical cores, 8 logical processors, using up to 8 threads

Optimize a model with 495 rows, 386 columns and 931 nonzeros
Model fingerprint: 0xb1952c57
Variable types: 285 continuous, 101 integer (101 binary)
Coefficient statistics:
  Matrix range     [1e+00, 2e+25]
  Objective range  [3e-02, 2e+02]
  Bounds range     [1e+00, 1e+00]
  RHS range        [1e+00, 1e+12]
Warning: Model contains large matrix coefficient range
Warning: Model contains large rhs
         Consider reformulating model or setting NumericFocus parameter
         to avoid numerical issues.

---------------------------------------------------------------------------
Multi-objectives: starting optimization with 2 objectives ... 
---------------------------------------------------------------------------

Multi-objectives: applying initial presolve ...
---------------------------------------------------------------------------

Presolve removed 366 rows and 190 columns
Presolve time: 0.00s
Presolved: 129 rows, 196 columns, 343 nonzeros
---------------------------------------------------------------------------

Multi-objectives: optimize objective 1 (objective_re_1) ...
---------------------------------------------------------------------------

Found heuristic solution: objective 0.0000000
Presolve removed 92 rows and 169 columns
Presolve time: 0.00s
Presolved: 37 rows, 27 columns, 75 nonzeros
Found heuristic solution: objective -964.4438155
Variable types: 0 continuous, 27 integer (27 binary)

Root relaxation: cutoff, 0 iterations, 0.00 seconds (0.00 work units)

Explored 1 nodes (0 simplex iterations) in 0.01 seconds (0.00 work units)
Thread count was 8 (of 8 available processors)

Solution count 1: -964.444 
No other solutions better than -964.444

Optimal solution found (tolerance 1.00e-04)
Best objective -9.644438154837e+02, best bound -9.644438154837e+02, gap 0.0000%
---------------------------------------------------------------------------

Multi-objectives: optimize objective 2 (objective_cost_2) ...
---------------------------------------------------------------------------


Loaded user MIP start with objective 750

Presolve removed 130 rows and 196 columns
Presolve time: 0.00s
Presolve: All rows and columns removed

Explored 0 nodes (0 simplex iterations) in 0.01 seconds (0.00 work units)
Thread count was 1 (of 8 available processors)

Solution count 1: -2670.78 
No other solutions better than -2670.78

Optimal solution found (tolerance 1.00e-04)
Best objective -2.670781777778e+03, best bound -2.670781777778e+03, gap 0.0000%

---------------------------------------------------------------------------
Multi-objectives: solved in 0.01 seconds (0.00 work units), solution count 2


    Variable            X 
-------------------------
cover[o74,s19]            1 
cover[o219,s1]            1 
cover[o11,s12]            1 
cover[o161,s5]            1 
cover[o209,s5]            1 
cover[o130,s12]            1 
cover[o223,s1]            1 
cover[o56,s11]            1 
cover[o62,s11]            1 
cover[o114,s12]            1 
cover[o115,s12]            1 
cover[o103,s12]            1 
cover[o80,s19]            1 
cover[o83,s19]            1 
cover[o21,s5]            1 
cover[o118,s12]            1 
cover[o55,s11]            1 
cover[o47,s12]            1 
cover[o9,s12]            1 
cover[o185,s1]            1 
cover[o94,s19]            1 
cover[o28,s1]            1 
cover[o107,s12]            1 
cover[o108,s12]            1 
cover[o121,s12]            1 
cover[o77,s11]            1 
cover[o215,s5]            1 
cover[o160,s5]            1 
cover[o187,s1]            1 
cover[o25,s1]            1 
cover[o105,s12]            1 
cover[o13,s11]            1 
cover[o125,s12]            1 
cover[o197,s1]            1 
cover[o68,s11]            1 
cover[o135,s11]            1 
cover[o59,s11]            1 
cover[o192,s1]            1 
cover[o127,s12]            1 
cover[o216,s5]            1 
cover[o91,s19]            1 
cover[o205,s5]            1 
cover[o218,s5]            1 
cover[o131,s11]            1 
cover[o203,s19]            1 
cover[o124,s12]            1 
cover[o102,s12]            1 
cover[o154,s5]            1 
cover[o37,s1]            1 
cover[o122,s12]            1 
cover[o67,s11]            1 
cover[o2,s11]            1 
cover[o152,s5]            1 
cover[o60,s11]            1 
cover[o70,s11]            1 
cover[o206,s5]            1 
cover[o123,s12]            1 
cover[o87,s19]            1 
cover[o119,s12]            1 
cover[o10,s19]            1 
cover[o54,s11]            1 
cover[o140,s11]            1 
cover[o3,s11]            1 
cover[o15,s19]            1 
cover[o193,s5]            1 
cover[o24,s1]            1 
cover[o221,s1]            1 
cover[o73,s19]            1 
cover[o217,s5]            1 
cover[o30,s1]            1 
cover[o16,s19]            1 
cover[o189,s19]            1 
cover[o210,s5]            1 
cover[o220,s1]            1 
cover[o182,s1]            1 
cover[o224,s1]            1 
  select[s1]            1 
 select[s12]            1 
 select[s11]            1 
 select[s19]            1 
  select[s5]            1 
deploy[o74,s19,m]           20 
deploy[o219,s1,c]          110 
deploy[o11,s12,c]          110 
deploy[o161,s5,c]            5 
deploy[o130,s11,m]            2 
deploy[o130,s12,m]            2 
deploy[o223,s1,i]           37 
deploy[o56,s11,m]           20 
deploy[o62,s11,i]          157 
deploy[o114,s12,m]          100 
deploy[o115,s12,m]            2 
deploy[o103,s12,m]          100 
deploy[o80,s19,c]            5 
deploy[o83,s19,c]          110 
deploy[o21,s5,i]          157 
deploy[o118,s12,i]            7 
deploy[o55,s11,m]          100 
deploy[o47,s12,c]          110 
deploy[o9,s12,i]           37 
deploy[o185,s1,i]          157 
deploy[o28,s1,i]            7 
deploy[o107,s12,i]           37 
deploy[o108,s12,c]            5 
deploy[o121,s12,i]            7 
deploy[o77,s11,m]            2 
deploy[o160,s5,i]          157 
deploy[o187,s1,m]           20 
deploy[o25,s1,m]           20 
deploy[o105,s12,c]           31 
deploy[o13,s11,m]           20 
deploy[o13,s12,m]           20 
deploy[o125,s12,i]           37 
deploy[o197,s1,c]            5 
deploy[o68,s11,m]           20 
deploy[o135,s11,m]            2 
deploy[o135,s12,m]            2 
deploy[o59,s11,i]            7 
deploy[o192,s1,i]           37 
deploy[o127,s12,i]            7 
deploy[o216,s5,i]           37 
deploy[o218,s5,i]            7 
deploy[o131,s11,c]            5 
deploy[o131,s12,c]            5 
deploy[o203,s19,c]            5 
deploy[o124,s12,m]          100 
deploy[o102,s12,i]           37 
deploy[o154,s5,c]            5 
deploy[o37,s1,i]          157 
deploy[o122,s12,c]          110 
deploy[o67,s11,m]           20 
deploy[o2,s11,c]            5 
deploy[o60,s11,c]            5 
deploy[o70,s11,c]            5 
deploy[o206,s5,i]          157 
deploy[o123,s12,m]            2 
deploy[o87,s19,c]            5 
deploy[o119,s12,m]           20 
deploy[o10,s19,m]          100 
deploy[o54,s11,i]           37 
deploy[o140,s11,c]           31 
deploy[o3,s11,m]           20 
deploy[o15,s19,m]            2 
deploy[o193,s5,c]          110 
deploy[o24,s1,i]           37 
deploy[o221,s1,m]            2 
deploy[o73,s19,c]            5 
deploy[o217,s5,i]           37 
deploy[o30,s1,m]          100 
deploy[o16,s19,m]          100 
deploy[o189,s19,c]           31 
deploy[o220,s1,c]            5 
deploy[o182,s1,i]          157 
deploy[o224,s1,c]           31 

Gurobi 11.0.1 (mac64[arm]) logging started Fri May  3 01:20:23 2024

Set parameter LogFile to value "../models/model_moo(May 03,0120).log"
Gurobi Optimizer version 11.0.1 build v11.0.1rc0 (mac64[arm] - Darwin 23.2.0 23C71)

CPU model: Apple M2
Thread count: 8 physical cores, 8 logical processors, using up to 8 threads

Optimize a model with 550 rows, 430 columns and 1046 nonzeros
Model fingerprint: 0x3bf502c5
Variable types: 318 continuous, 112 integer (112 binary)
Coefficient statistics:
  Matrix range     [1e+00, 2e+25]
  Objective range  [3e-02, 2e+02]
  Bounds range     [1e+00, 1e+00]
  RHS range        [1e+00, 1e+12]
Warning: Model contains large matrix coefficient range
Warning: Model contains large rhs
         Consider reformulating model or setting NumericFocus parameter
         to avoid numerical issues.

---------------------------------------------------------------------------
Multi-objectives: starting optimization with 2 objectives ... 
---------------------------------------------------------------------------

Multi-objectives: applying initial presolve ...
---------------------------------------------------------------------------

Presolve removed 405 rows and 212 columns
Presolve time: 0.00s
Presolved: 145 rows, 218 columns, 388 nonzeros
---------------------------------------------------------------------------

Multi-objectives: optimize objective 1 (objective_re_1) ...
---------------------------------------------------------------------------

Found heuristic solution: objective 0.0000000
Presolve removed 90 rows and 179 columns
Presolve time: 0.00s
Presolved: 55 rows, 39 columns, 111 nonzeros
Found heuristic solution: objective -1014.304253
Variable types: 0 continuous, 39 integer (39 binary)

Root relaxation: cutoff, 0 iterations, 0.00 seconds (0.00 work units)

Explored 1 nodes (0 simplex iterations) in 0.01 seconds (0.00 work units)
Thread count was 8 (of 8 available processors)

Solution count 1: -1014.3 
No other solutions better than -1014.3

Optimal solution found (tolerance 1.00e-04)
Best objective -1.014304252784e+03, best bound -1.014304252784e+03, gap 0.0000%
---------------------------------------------------------------------------

Multi-objectives: optimize objective 2 (objective_cost_2) ...
---------------------------------------------------------------------------


Loaded user MIP start with objective 750

Presolve removed 146 rows and 218 columns
Presolve time: 0.00s
Presolve: All rows and columns removed

Explored 0 nodes (0 simplex iterations) in 0.01 seconds (0.00 work units)
Thread count was 1 (of 8 available processors)

Solution count 1: -3846.34 
No other solutions better than -3846.34

Optimal solution found (tolerance 1.00e-04)
Best objective -3.846336944444e+03, best bound -3.846336944444e+03, gap 0.0000%

---------------------------------------------------------------------------
Multi-objectives: solved in 0.01 seconds (0.00 work units), solution count 2


    Variable            X 
-------------------------
cover[o89,s19]            1 
cover[o159,s5]            1 
cover[o220,s1]            1 
cover[o5,s19]            1 
cover[o155,s5]            1 
cover[o195,s1]            1 
cover[o66,s11]            1 
cover[o91,s19]            1 
cover[o74,s19]            1 
cover[o103,s12]            1 
cover[o17,s12]            1 
cover[o54,s11]            1 
cover[o61,s11]            1 
cover[o130,s11]            1 
cover[o20,s5]            1 
cover[o189,s19]            1 
cover[o136,s12]            1 
cover[o139,s12]            1 
cover[o59,s11]            1 
cover[o65,s11]            1 
cover[o90,s19]            1 
cover[o154,s5]            1 
cover[o214,s5]            1 
cover[o58,s11]            1 
cover[o210,s5]            1 
cover[o77,s11]            1 
cover[o8,s12]            1 
cover[o27,s1]            1 
cover[o120,s12]            1 
cover[o151,s5]            1 
cover[o2,s11]            1 
cover[o56,s11]            1 
cover[o135,s12]            1 
cover[o79,s19]            1 
cover[o23,s1]            1 
cover[o119,s12]            1 
cover[o138,s11]            1 
cover[o10,s19]            1 
cover[o53,s11]            1 
cover[o101,s12]            1 
cover[o140,s11]            1 
cover[o24,s1]            1 
cover[o95,s19]            1 
cover[o147,s5]            1 
cover[o126,s12]            1 
cover[o182,s1]            1 
cover[o124,s12]            1 
cover[o13,s12]            1 
cover[o22,s1]            1 
cover[o194,s1]            1 
cover[o1,s11]            1 
cover[o150,s5]            1 
cover[o186,s1]            1 
cover[o47,s12]            1 
cover[o68,s11]            1 
cover[o18,s5]            1 
cover[o45,s11]            1 
cover[o29,s1]            1 
cover[o73,s19]            1 
cover[o121,s12]            1 
cover[o127,s12]            1 
cover[o129,s12]            1 
cover[o184,s1]            1 
cover[o193,s5]            1 
cover[o223,s1]            1 
cover[o183,s1]            1 
cover[o93,s19]            1 
cover[o92,s19]            1 
cover[o158,s5]            1 
cover[o63,s11]            1 
cover[o55,s11]            1 
cover[o83,s19]            1 
cover[o196,s1]            1 
cover[o146,s5]            1 
cover[o217,s5]            1 
cover[o113,s12]            1 
cover[o162,s5]            1 
cover[o187,s1]            1 
cover[o30,s1]            1 
cover[o167,s1]            1 
  select[s1]            1 
 select[s12]            1 
 select[s11]            1 
 select[s19]            1 
  select[s5]            1 
deploy[o89,s19,m]           20 
deploy[o159,s5,c]           31 
deploy[o220,s1,c]          110 
deploy[o5,s19,c]          110 
deploy[o195,s1,i]           37 
deploy[o66,s11,i]          157 
deploy[o91,s19,m]          100 
deploy[o74,s19,m]           20 
deploy[o103,s12,m]           20 
deploy[o17,s12,m]            2 
deploy[o54,s11,m]          100 
deploy[o61,s11,c]            5 
deploy[o130,s11,c]          110 
deploy[o130,s12,c]          110 
deploy[o20,s5,i]          157 
deploy[o189,s19,m]            2 
deploy[o136,s11,c]           31 
deploy[o136,s12,c]           31 
deploy[o139,s11,i]            7 
deploy[o139,s12,i]            7 
deploy[o59,s11,m]          100 
deploy[o65,s11,c]          110 
deploy[o90,s19,m]          100 
deploy[o154,s5,c]          110 
deploy[o214,s5,i]           37 
deploy[o58,s11,i]          157 
deploy[o77,s11,i]            7 
deploy[o8,s12,c]            5 
deploy[o27,s1,i]            7 
deploy[o120,s12,m]            2 
deploy[o2,s11,m]           20 
deploy[o56,s11,i]          157 
deploy[o135,s11,m]           20 
deploy[o135,s12,m]           20 
deploy[o79,s19,m]           20 
deploy[o23,s1,c]           31 
deploy[o119,s12,m]           20 
deploy[o138,s11,c]            5 
deploy[o10,s19,m]           20 
deploy[o53,s11,m]            2 
deploy[o101,s12,c]           31 
deploy[o140,s11,m]           20 
deploy[o24,s1,i]            7 
deploy[o95,s19,m]           20 
deploy[o147,s5,i]           37 
deploy[o126,s12,i]            7 
deploy[o182,s1,i]           37 
deploy[o124,s12,i]            7 
deploy[o13,s11,m]          100 
deploy[o13,s12,m]          100 
deploy[o22,s1,i]            7 
deploy[o194,s1,c]            5 
deploy[o1,s11,c]            5 
deploy[o186,s1,m]          100 
deploy[o47,s12,i]           37 
deploy[o68,s11,i]          157 
deploy[o18,s5,c]          110 
deploy[o45,s11,c]           31 
deploy[o29,s1,c]            5 
deploy[o73,s19,c]            5 
deploy[o121,s12,i]          157 
deploy[o127,s12,m]            2 
deploy[o129,s12,c]            5 
deploy[o184,s1,m]           20 
deploy[o193,s5,c]          110 
deploy[o223,s1,c]           31 
deploy[o183,s1,m]           20 
deploy[o93,s19,c]            5 
deploy[o92,s19,m]            2 
deploy[o158,s5,c]          110 
deploy[o63,s11,i]            7 
deploy[o55,s11,m]            2 
deploy[o83,s19,c]            5 
deploy[o196,s1,i]           37 
deploy[o113,s12,m]           20 
deploy[o187,s1,i]          157 
deploy[o30,s1,c]            5 
deploy[o167,s1,i]          157 

Gurobi 11.0.1 (mac64[arm]) logging started Fri May  3 01:20:30 2024

Set parameter LogFile to value "../models/model_moo(May 03,0120).log"
Gurobi Optimizer version 11.0.1 build v11.0.1rc0 (mac64[arm] - Darwin 23.2.0 23C71)

CPU model: Apple M2
Thread count: 8 physical cores, 8 logical processors, using up to 8 threads

Optimize a model with 515 rows, 402 columns and 969 nonzeros
Model fingerprint: 0x369fee99
Variable types: 297 continuous, 105 integer (105 binary)
Coefficient statistics:
  Matrix range     [1e+00, 2e+25]
  Objective range  [1e-03, 2e+02]
  Bounds range     [1e+00, 1e+00]
  RHS range        [1e+00, 1e+12]
Warning: Model contains large matrix coefficient range
Warning: Model contains large rhs
         Consider reformulating model or setting NumericFocus parameter
         to avoid numerical issues.

---------------------------------------------------------------------------
Multi-objectives: starting optimization with 2 objectives ... 
---------------------------------------------------------------------------

Multi-objectives: applying initial presolve ...
---------------------------------------------------------------------------

Presolve removed 379 rows and 198 columns
Presolve time: 0.00s
Presolved: 136 rows, 204 columns, 360 nonzeros
---------------------------------------------------------------------------

Multi-objectives: optimize objective 1 (objective_re_1) ...
---------------------------------------------------------------------------

Found heuristic solution: objective 0.0000000
Presolve removed 87 rows and 169 columns
Presolve time: 0.00s
Presolved: 49 rows, 35 columns, 99 nonzeros
Found heuristic solution: objective -957.4264645
Variable types: 0 continuous, 35 integer (35 binary)

Root relaxation: cutoff, 0 iterations, 0.00 seconds (0.00 work units)

Explored 1 nodes (0 simplex iterations) in 0.01 seconds (0.00 work units)
Thread count was 8 (of 8 available processors)

Solution count 1: -957.426 
No other solutions better than -957.426

Optimal solution found (tolerance 1.00e-04)
Best objective -9.574264645494e+02, best bound -9.574264645494e+02, gap 0.0000%
---------------------------------------------------------------------------

Multi-objectives: optimize objective 2 (objective_cost_2) ...
---------------------------------------------------------------------------


Loaded user MIP start with objective 750

Presolve removed 137 rows and 204 columns
Presolve time: 0.00s
Presolve: All rows and columns removed

Explored 0 nodes (0 simplex iterations) in 0.01 seconds (0.00 work units)
Thread count was 1 (of 8 available processors)

Solution count 1: -4142.84 
No other solutions better than -4142.84

Optimal solution found (tolerance 1.00e-04)
Best objective -4.142844055556e+03, best bound -4.142844055556e+03, gap 0.0000%

---------------------------------------------------------------------------
Multi-objectives: solved in 0.01 seconds (0.00 work units), solution count 2


    Variable            X 
-------------------------
cover[o182,s1]            1 
cover[o113,s12]            1 
cover[o148,s5]            1 
cover[o181,s1]            1 
cover[o184,s1]            1 
cover[o77,s11]            1 
cover[o45,s11]            1 
cover[o198,s1]            1 
cover[o27,s1]            1 
cover[o127,s12]            1 
cover[o9,s12]            1 
cover[o59,s11]            1 
cover[o159,s5]            1 
cover[o6,s19]            1 
cover[o30,s1]            1 
cover[o26,s1]            1 
cover[o86,s19]            1 
cover[o180,s1]            1 
cover[o129,s12]            1 
cover[o140,s11]            1 
cover[o85,s19]            1 
cover[o92,s19]            1 
cover[o5,s19]            1 
cover[o190,s11]            1 
cover[o124,s12]            1 
cover[o162,s5]            1 
cover[o29,s1]            1 
cover[o95,s19]            1 
cover[o89,s19]            1 
cover[o68,s11]            1 
cover[o90,s19]            1 
cover[o87,s19]            1 
cover[o120,s12]            1 
cover[o47,s12]            1 
cover[o10,s19]            1 
cover[o88,s19]            1 
cover[o66,s11]            1 
cover[o61,s11]            1 
cover[o96,s12]            1 
cover[o215,s5]            1 
cover[o60,s11]            1 
cover[o93,s19]            1 
cover[o147,s5]            1 
cover[o55,s11]            1 
cover[o94,s19]            1 
cover[o151,s5]            1 
cover[o63,s11]            1 
cover[o52,s12]            1 
cover[o163,s5]            1 
cover[o161,s5]            1 
cover[o84,s19]            1 
cover[o117,s12]            1 
cover[o214,s5]            1 
cover[o8,s12]            1 
cover[o131,s12]            1 
cover[o25,s1]            1 
cover[o169,s1]            1 
cover[o104,s12]            1 
cover[o69,s11]            1 
cover[o223,s1]            1 
cover[o48,s12]            1 
cover[o189,s19]            1 
cover[o62,s11]            1 
cover[o210,s5]            1 
cover[o24,s1]            1 
cover[o122,s12]            1 
cover[o83,s19]            1 
cover[o138,s11]            1 
cover[o128,s12]            1 
cover[o56,s11]            1 
cover[o197,s1]            1 
cover[o139,s11]            1 
cover[o81,s19]            1 
cover[o65,s11]            1 
cover[o13,s11]            1 
cover[o160,s5]            1 
cover[o212,s5]            1 
  select[s1]            1 
 select[s12]            1 
 select[s11]            1 
 select[s19]            1 
  select[s5]            1 
deploy[o182,s1,m]           20 
deploy[o113,s12,c]           31 
deploy[o148,s5,c]          110 
deploy[o181,s1,m]            2 
deploy[o184,s1,i]           37 
deploy[o77,s11,i]          157 
deploy[o45,s11,m]          100 
deploy[o198,s1,m]           20 
deploy[o27,s1,m]            2 
deploy[o127,s12,m]          100 
deploy[o9,s12,c]            5 
deploy[o59,s11,c]          110 
deploy[o159,s5,i]          157 
deploy[o6,s19,m]            2 
deploy[o30,s1,c]           31 
deploy[o26,s1,i]            7 
deploy[o86,s19,c]          110 
deploy[o180,s1,m]          100 
deploy[o129,s12,i]          157 
deploy[o140,s11,i]          157 
deploy[o5,s19,m]            2 
deploy[o190,s11,m]            2 
deploy[o124,s12,m]           20 
deploy[o162,s5,i]          157 
deploy[o29,s1,m]           20 
deploy[o89,s19,c]            5 
deploy[o68,s11,m]           20 
deploy[o90,s19,m]            2 
deploy[o87,s19,c]           31 
deploy[o120,s12,m]           20 
deploy[o47,s12,i]            7 
deploy[o10,s19,m]           20 
deploy[o66,s11,i]           37 
deploy[o61,s11,i]            7 
deploy[o96,s12,i]            7 
deploy[o60,s11,i]            7 
deploy[o93,s19,c]          110 
deploy[o147,s5,c]            5 
deploy[o55,s11,m]          100 
deploy[o151,s5,c]            5 
deploy[o63,s11,m]           20 
deploy[o52,s11,c]            5 
deploy[o52,s12,c]            5 
deploy[o161,s5,c]           31 
deploy[o84,s19,c]            5 
deploy[o117,s12,c]            5 
deploy[o214,s5,i]          157 
deploy[o8,s12,m]            2 
deploy[o131,s11,c]            5 
deploy[o131,s12,c]            5 
deploy[o25,s1,m]           20 
deploy[o169,s1,m]          100 
deploy[o104,s12,c]          110 
deploy[o69,s11,i]            7 
deploy[o223,s1,c]           31 
deploy[o48,s12,m]           20 
deploy[o189,s19,c]            5 
deploy[o62,s11,m]            2 
deploy[o210,s5,c]          110 
deploy[o24,s1,i]            7 
deploy[o122,s12,i]           37 
deploy[o83,s19,m]            2 
deploy[o138,s11,c]            5 
deploy[o128,s12,c]          110 
deploy[o56,s11,i]           37 
deploy[o197,s1,m]          100 
deploy[o139,s11,c]           31 
deploy[o139,s12,c]           31 
deploy[o81,s19,m]           20 
deploy[o65,s11,m]            2 
deploy[o13,s11,i]          157 
deploy[o13,s12,i]          157 
deploy[o160,s5,i]          157 
deploy[o212,s5,c]           31 

Gurobi 11.0.1 (mac64[arm]) logging started Fri May  3 01:20:38 2024

Set parameter LogFile to value "../models/model_moo(May 03,0120).log"
Gurobi Optimizer version 11.0.1 build v11.0.1rc0 (mac64[arm] - Darwin 23.2.0 23C71)

CPU model: Apple M2
Thread count: 8 physical cores, 8 logical processors, using up to 8 threads

Optimize a model with 570 rows, 446 columns and 1092 nonzeros
Model fingerprint: 0xb731abb7
Variable types: 330 continuous, 116 integer (116 binary)
Coefficient statistics:
  Matrix range     [1e+00, 2e+25]
  Objective range  [3e-02, 2e+02]
  Bounds range     [1e+00, 1e+00]
  RHS range        [1e+00, 1e+12]
Warning: Model contains large matrix coefficient range
Warning: Model contains large rhs
         Consider reformulating model or setting NumericFocus parameter
         to avoid numerical issues.

---------------------------------------------------------------------------
Multi-objectives: starting optimization with 2 objectives ... 
---------------------------------------------------------------------------

Multi-objectives: applying initial presolve ...
---------------------------------------------------------------------------

Presolve removed 419 rows and 220 columns
Presolve time: 0.00s
Presolved: 151 rows, 226 columns, 405 nonzeros
---------------------------------------------------------------------------

Multi-objectives: optimize objective 1 (objective_re_1) ...
---------------------------------------------------------------------------

Found heuristic solution: objective 0.0000000
Presolve removed 102 rows and 191 columns
Presolve time: 0.00s
Presolved: 49 rows, 35 columns, 99 nonzeros
Found heuristic solution: objective -1057.697751
Variable types: 0 continuous, 35 integer (35 binary)

Root relaxation: cutoff, 0 iterations, 0.00 seconds (0.00 work units)

Explored 1 nodes (0 simplex iterations) in 0.01 seconds (0.00 work units)
Thread count was 8 (of 8 available processors)

Solution count 1: -1057.7 
No other solutions better than -1057.7

Optimal solution found (tolerance 1.00e-04)
Best objective -1.057697751451e+03, best bound -1.057697751451e+03, gap 0.0000%
---------------------------------------------------------------------------

Multi-objectives: optimize objective 2 (objective_cost_2) ...
---------------------------------------------------------------------------


Loaded user MIP start with objective 750

Presolve removed 152 rows and 226 columns
Presolve time: 0.00s
Presolve: All rows and columns removed

Explored 0 nodes (0 simplex iterations) in 0.01 seconds (0.00 work units)
Thread count was 1 (of 8 available processors)

Solution count 1: -3962.52 
No other solutions better than -3962.52

Optimal solution found (tolerance 1.00e-04)
Best objective -3.962523444444e+03, best bound -3.962523444444e+03, gap 0.0000%

---------------------------------------------------------------------------
Multi-objectives: solved in 0.01 seconds (0.00 work units), solution count 2


    Variable            X 
-------------------------
cover[o17,s12]            1 
cover[o216,s5]            1 
cover[o222,s1]            1 
cover[o20,s5]            1 
cover[o4,s19]            1 
cover[o203,s19]            1 
cover[o135,s11]            1 
cover[o186,s1]            1 
cover[o211,s5]            1 
cover[o51,s12]            1 
cover[o28,s1]            1 
cover[o152,s5]            1 
cover[o2,s11]            1 
cover[o138,s11]            1 
cover[o58,s11]            1 
cover[o108,s12]            1 
cover[o97,s12]            1 
cover[o103,s12]            1 
cover[o87,s19]            1 
cover[o205,s5]            1 
cover[o93,s19]            1 
cover[o8,s12]            1 
cover[o5,s19]            1 
cover[o129,s12]            1 
cover[o18,s5]            1 
cover[o185,s1]            1 
cover[o155,s5]            1 
cover[o182,s1]            1 
cover[o66,s11]            1 
cover[o131,s11]            1 
cover[o77,s11]            1 
cover[o70,s11]            1 
cover[o214,s5]            1 
cover[o139,s11]            1 
cover[o198,s1]            1 
cover[o195,s1]            1 
cover[o56,s11]            1 
cover[o119,s12]            1 
cover[o163,s5]            1 
cover[o217,s5]            1 
cover[o130,s12]            1 
cover[o7,s19]            1 
cover[o151,s5]            1 
cover[o206,s5]            1 
cover[o64,s11]            1 
cover[o118,s12]            1 
cover[o193,s5]            1 
cover[o81,s19]            1 
cover[o132,s11]            1 
cover[o204,s5]            1 
cover[o220,s1]            1 
cover[o68,s11]            1 
cover[o27,s1]            1 
cover[o67,s11]            1 
cover[o3,s11]            1 
cover[o107,s12]            1 
cover[o191,s11]            1 
cover[o187,s1]            1 
cover[o210,s5]            1 
cover[o71,s11]            1 
cover[o1,s11]            1 
cover[o134,s11]            1 
cover[o89,s19]            1 
cover[o158,s5]            1 
cover[o209,s5]            1 
cover[o133,s11]            1 
cover[o101,s12]            1 
cover[o125,s12]            1 
cover[o154,s5]            1 
cover[o153,s5]            1 
cover[o149,s5]            1 
cover[o190,s11]            1 
cover[o114,s12]            1 
cover[o196,s1]            1 
cover[o141,s11]            1 
cover[o167,s1]            1 
cover[o47,s12]            1 
cover[o62,s11]            1 
cover[o57,s11]            1 
cover[o219,s1]            1 
cover[o169,s1]            1 
  select[s1]            1 
 select[s12]            1 
 select[s11]            1 
 select[s19]            1 
  select[s5]            1 
deploy[o17,s12,m]           20 
deploy[o216,s5,c]           31 
deploy[o222,s1,c]          110 
deploy[o20,s5,c]          110 
deploy[o4,s19,m]            2 
deploy[o203,s19,m]            2 
deploy[o135,s11,i]           37 
deploy[o135,s12,i]           37 
deploy[o186,s1,m]           20 
deploy[o211,s5,i]          157 
deploy[o51,s12,m]          100 
deploy[o28,s1,m]           20 
deploy[o2,s11,m]          100 
deploy[o138,s11,c]            5 
deploy[o58,s11,c]          110 
deploy[o108,s12,i]          157 
deploy[o97,s12,m]            2 
deploy[o103,s12,c]           31 
deploy[o93,s19,c]          110 
deploy[o8,s12,c]          110 
deploy[o129,s12,i]          157 
deploy[o18,s5,i]          157 
deploy[o185,s1,m]           20 
deploy[o155,s5,i]            7 
deploy[o182,s1,i]           37 
deploy[o66,s11,c]            5 
deploy[o131,s11,i]            7 
deploy[o131,s12,i]            7 
deploy[o77,s11,m]            2 
deploy[o70,s11,m]            2 
deploy[o214,s5,i]          157 
deploy[o139,s11,m]           20 
deploy[o139,s12,m]           20 
deploy[o198,s1,m]           20 
deploy[o195,s1,c]           31 
deploy[o56,s11,i]           37 
deploy[o119,s12,c]            5 
deploy[o130,s11,c]           31 
deploy[o130,s12,c]           31 
deploy[o7,s19,m]           20 
deploy[o151,s5,i]            7 
deploy[o64,s11,i]           37 
deploy[o118,s12,i]            7 
deploy[o193,s5,i]           37 
deploy[o132,s11,i]            7 
deploy[o132,s12,i]            7 
deploy[o220,s1,i]            7 
deploy[o68,s11,c]            5 
deploy[o27,s1,m]          100 
deploy[o67,s11,m]          100 
deploy[o3,s11,i]          157 
deploy[o107,s12,c]          110 
deploy[o191,s11,m]           20 
deploy[o187,s1,c]            5 
deploy[o71,s11,c]           31 
deploy[o1,s11,c]            5 
deploy[o134,s11,c]            5 
deploy[o134,s12,c]            5 
deploy[o209,s5,c]            5 
deploy[o133,s11,m]          100 
deploy[o133,s12,m]          100 
deploy[o101,s12,i]           37 
deploy[o125,s12,c]          110 
deploy[o154,s5,i]            7 
deploy[o153,s5,c]            5 
deploy[o149,s5,c]          110 
deploy[o190,s11,i]           37 
deploy[o114,s12,m]            2 
deploy[o196,s1,m]          100 
deploy[o141,s11,c]           31 
deploy[o167,s1,m]           20 
deploy[o47,s12,m]            2 
deploy[o62,s11,i]          157 
deploy[o57,s11,c]            5 
deploy[o219,s1,i]          157 
deploy[o169,s1,c]           31 

Gurobi 11.0.1 (mac64[arm]) logging started Fri May  3 01:20:45 2024

Set parameter LogFile to value "../models/model_moo(May 03,0120).log"
Gurobi Optimizer version 11.0.1 build v11.0.1rc0 (mac64[arm] - Darwin 23.2.0 23C71)

CPU model: Apple M2
Thread count: 8 physical cores, 8 logical processors, using up to 8 threads

Optimize a model with 550 rows, 430 columns and 1050 nonzeros
Model fingerprint: 0xb91238ad
Variable types: 318 continuous, 112 integer (112 binary)
Coefficient statistics:
  Matrix range     [1e+00, 2e+25]
  Objective range  [3e-02, 2e+02]
  Bounds range     [1e+00, 1e+00]
  RHS range        [1e+00, 1e+12]
Warning: Model contains large matrix coefficient range
Warning: Model contains large rhs
         Consider reformulating model or setting NumericFocus parameter
         to avoid numerical issues.

---------------------------------------------------------------------------
Multi-objectives: starting optimization with 2 objectives ... 
---------------------------------------------------------------------------

Multi-objectives: applying initial presolve ...
---------------------------------------------------------------------------

Presolve removed 408 rows and 212 columns
Presolve time: 0.00s
Presolved: 142 rows, 218 columns, 384 nonzeros
---------------------------------------------------------------------------

Multi-objectives: optimize objective 1 (objective_re_1) ...
---------------------------------------------------------------------------

Found heuristic solution: objective 0.0000000
Presolve removed 114 rows and 197 columns
Presolve time: 0.00s
Presolved: 28 rows, 21 columns, 57 nonzeros
Found heuristic solution: objective -1040.434376
Variable types: 0 continuous, 21 integer (21 binary)

Root relaxation: cutoff, 0 iterations, 0.00 seconds (0.00 work units)

Explored 1 nodes (0 simplex iterations) in 0.01 seconds (0.00 work units)
Thread count was 8 (of 8 available processors)

Solution count 1: -1040.43 
No other solutions better than -1040.43

Optimal solution found (tolerance 1.00e-04)
Best objective -1.040434376099e+03, best bound -1.040434376099e+03, gap 0.0000%
---------------------------------------------------------------------------

Multi-objectives: optimize objective 2 (objective_cost_2) ...
---------------------------------------------------------------------------


Loaded user MIP start with objective 750

Presolve removed 143 rows and 218 columns
Presolve time: 0.00s
Presolve: All rows and columns removed

Explored 0 nodes (0 simplex iterations) in 0.01 seconds (0.00 work units)
Thread count was 1 (of 8 available processors)

Solution count 1: -4026.42 
No other solutions better than -4026.42

Optimal solution found (tolerance 1.00e-04)
Best objective -4.026422000000e+03, best bound -4.026422000000e+03, gap 0.0000%

---------------------------------------------------------------------------
Multi-objectives: solved in 0.01 seconds (0.00 work units), solution count 2


    Variable            X 
-------------------------
cover[o21,s5]            1 
cover[o8,s12]            1 
cover[o67,s11]            1 
cover[o94,s19]            1 
cover[o108,s12]            1 
cover[o52,s12]            1 
cover[o135,s11]            1 
cover[o193,s5]            1 
cover[o101,s12]            1 
cover[o133,s11]            1 
cover[o129,s12]            1 
cover[o1,s11]            1 
cover[o162,s5]            1 
cover[o25,s1]            1 
cover[o136,s11]            1 
cover[o118,s12]            1 
cover[o122,s12]            1 
cover[o9,s12]            1 
cover[o68,s11]            1 
cover[o203,s19]            1 
cover[o187,s1]            1 
cover[o149,s5]            1 
cover[o58,s11]            1 
cover[o51,s12]            1 
cover[o127,s12]            1 
cover[o202,s19]            1 
cover[o4,s19]            1 
cover[o15,s19]            1 
cover[o212,s5]            1 
cover[o205,s5]            1 
cover[o12,s12]            1 
cover[o91,s19]            1 
cover[o30,s1]            1 
cover[o69,s11]            1 
cover[o148,s5]            1 
cover[o130,s12]            1 
cover[o128,s12]            1 
cover[o64,s11]            1 
cover[o82,s19]            1 
cover[o105,s12]            1 
cover[o207,s5]            1 
cover[o78,s19]            1 
cover[o18,s5]            1 
cover[o102,s12]            1 
cover[o132,s11]            1 
cover[o183,s1]            1 
cover[o208,s5]            1 
cover[o123,s12]            1 
cover[o159,s5]            1 
cover[o37,s1]            1 
cover[o85,s19]            1 
cover[o75,s19]            1 
cover[o26,s1]            1 
cover[o103,s12]            1 
cover[o213,s5]            1 
cover[o134,s11]            1 
cover[o14,s11]            1 
cover[o131,s11]            1 
cover[o223,s1]            1 
cover[o139,s11]            1 
cover[o24,s1]            1 
cover[o211,s5]            1 
cover[o53,s11]            1 
cover[o22,s1]            1 
cover[o210,s5]            1 
cover[o66,s11]            1 
cover[o116,s12]            1 
cover[o114,s12]            1 
cover[o29,s1]            1 
cover[o215,s5]            1 
cover[o79,s19]            1 
cover[o218,s5]            1 
cover[o151,s5]            1 
cover[o126,s12]            1 
cover[o158,s5]            1 
cover[o182,s1]            1 
cover[o192,s1]            1 
cover[o16,s19]            1 
cover[o198,s1]            1 
cover[o163,s5]            1 
cover[o20,s5]            1 
  select[s1]            1 
 select[s12]            1 
 select[s11]            1 
 select[s19]            1 
  select[s5]            1 
deploy[o8,s12,c]           31 
deploy[o67,s11,c]          110 
deploy[o94,s19,c]          110 
deploy[o108,s12,c]            5 
deploy[o52,s11,m]            2 
deploy[o52,s12,m]            2 
deploy[o135,s11,m]            2 
deploy[o135,s12,m]            2 
deploy[o193,s5,i]           37 
deploy[o101,s12,m]           20 
deploy[o133,s11,i]          157 
deploy[o133,s12,i]          157 
deploy[o129,s12,m]          100 
deploy[o1,s11,m]           20 
deploy[o25,s1,m]          100 
deploy[o136,s11,c]            5 
deploy[o136,s12,c]            5 
deploy[o118,s12,c]          110 
deploy[o122,s12,c]           31 
deploy[o9,s12,i]            7 
deploy[o68,s11,m]          100 
deploy[o203,s19,c]          110 
deploy[o187,s1,m]          100 
deploy[o149,s5,c]          110 
deploy[o58,s11,i]           37 
deploy[o51,s12,i]          157 
deploy[o127,s12,i]          157 
deploy[o202,s19,m]           20 
deploy[o15,s19,c]            5 
deploy[o212,s5,i]            7 
deploy[o12,s12,m]            2 
deploy[o91,s19,m]           20 
deploy[o30,s1,i]          157 
deploy[o69,s11,m]           20 
deploy[o130,s11,c]           31 
deploy[o130,s12,c]           31 
deploy[o128,s12,m]           20 
deploy[o64,s11,c]            5 
deploy[o82,s19,m]           20 
deploy[o105,s12,m]            2 
deploy[o18,s5,i]           37 
deploy[o102,s12,i]            7 
deploy[o132,s11,i]           37 
deploy[o132,s12,i]           37 
deploy[o183,s1,i]            7 
deploy[o123,s12,c]            5 
deploy[o159,s5,c]          110 
deploy[o37,s1,c]            5 
deploy[o85,s19,m]          100 
deploy[o75,s19,m]          100 
deploy[o26,s1,i]           37 
deploy[o103,s12,c]            5 
deploy[o213,s5,c]          110 
deploy[o134,s11,m]           20 
deploy[o134,s12,m]           20 
deploy[o14,s11,c]            5 
deploy[o131,s11,c]           31 
deploy[o131,s12,c]           31 
deploy[o223,s1,c]            5 
deploy[o139,s11,i]          157 
deploy[o139,s12,i]          157 
deploy[o24,s1,m]            2 
deploy[o211,s5,c]            5 
deploy[o53,s11,m]           20 
deploy[o22,s1,m]          100 
deploy[o210,s5,i]           37 
deploy[o66,s11,c]           31 
deploy[o116,s12,m]           20 
deploy[o114,s12,i]            7 
deploy[o29,s1,i]           37 
deploy[o79,s19,c]          110 
deploy[o218,s5,i]           37 
deploy[o126,s12,m]          100 
deploy[o158,s5,c]           31 
deploy[o182,s1,m]           20 
deploy[o192,s1,m]            2 
deploy[o198,s1,c]            5 
deploy[o163,s5,i]          157 
deploy[o20,s5,c]           31 
