
Gurobi 11.0.1 (mac64[arm]) logging started Sat May  4 00:20:15 2024

Set parameter LogFile to value "../models/model_moo(May 04,0020).log"
Gurobi Optimizer version 11.0.1 build v11.0.1rc0 (mac64[arm] - Darwin 23.2.0 23C71)

CPU model: Apple M2
Thread count: 8 physical cores, 8 logical processors, using up to 8 threads

Optimize a model with 1832 rows, 1436 columns and 4534 nonzeros
Model fingerprint: 0x261e7138
Variable types: 1062 continuous, 374 integer (374 binary)
Coefficient statistics:
  Matrix range     [1e+00, 2e+25]
  Objective range  [1e-02, 2e+02]
  Bounds range     [1e+00, 1e+00]
  RHS range        [1e+00, 1e+12]
Warning: Model contains large matrix coefficient range
Warning: Model contains large rhs
         Consider reformulating model or setting NumericFocus parameter
         to avoid numerical issues.

---------------------------------------------------------------------------
Multi-objectives: starting optimization with 2 objectives ... 
---------------------------------------------------------------------------

Multi-objectives: applying initial presolve ...
---------------------------------------------------------------------------

Presolve removed 1337 rows and 708 columns
Presolve time: 0.00s
Presolved: 495 rows, 728 columns, 1477 nonzeros
---------------------------------------------------------------------------

Multi-objectives: optimize objective 1 (objective_re_1) ...
---------------------------------------------------------------------------

Found heuristic solution: objective 0.0000000
Presolve removed 79 rows and 373 columns
Presolve time: 0.00s
Presolved: 416 rows, 355 columns, 1025 nonzeros
Variable types: 0 continuous, 355 integer (355 binary)
Found heuristic solution: objective -1149.010771

Root relaxation: objective -1.149476e+03, 24 iterations, 0.00 seconds (0.00 work units)

    Nodes    |    Current Node    |     Objective Bounds      |     Work
 Expl Unexpl |  Obj  Depth IntInf | Incumbent    BestBd   Gap | It/Node Time

*    0     0               0    -1149.476272 -1149.4763  0.00%     -    0s

Explored 1 nodes (24 simplex iterations) in 0.01 seconds (0.01 work units)
Thread count was 8 (of 8 available processors)

Solution count 2: -1149.48 -1149.01 
No other solutions better than -1149.48

Optimal solution found (tolerance 1.00e-04)
Best objective -1.149476272201e+03, best bound -1.149476272201e+03, gap 0.0000%
---------------------------------------------------------------------------

Multi-objectives: optimize objective 2 (objective_cost_2) ...
---------------------------------------------------------------------------


Loaded user MIP start with objective 2425

Presolve removed 140 rows and 422 columns
Presolve time: 0.00s
Presolved: 356 rows, 306 columns, 1171 nonzeros
Found heuristic solution: objective -8818.076028
Variable types: 0 continuous, 306 integer (306 binary)

Root relaxation: objective -1.062197e+04, 243 iterations, 0.00 seconds (0.00 work units)

    Nodes    |    Current Node    |     Objective Bounds      |     Work
 Expl Unexpl |  Obj  Depth IntInf | Incumbent    BestBd   Gap | It/Node Time

     0     0 -10621.971    0   26 -8818.0760 -10621.971  20.5%     -    0s
H    0     0                    -9929.690556 -10621.971  6.97%     -    0s
H    0     0                    -10254.34211 -10621.971  3.59%     -    0s
     0     0 -10620.429    0   30 -10254.342 -10620.429  3.57%     -    0s
H    0     0                    -10611.18428 -10620.429  0.09%     -    0s

Cutting planes:
  Gomory: 1
  GUB cover: 1
  Inf proof: 1

Explored 1 nodes (248 simplex iterations) in 0.03 seconds (0.02 work units)
Thread count was 8 (of 8 available processors)

Solution count 4: -10611.2 -10254.3 -9929.69 -8818.08 
No other solutions better than -10611.2

Optimal solution found (tolerance 1.00e-04)
Best objective -1.061118427778e+04, best bound -1.061118427778e+04, gap 0.0000%

---------------------------------------------------------------------------
Multi-objectives: solved in 0.04 seconds (0.02 work units), solution count 6


Gurobi 11.0.1 (mac64[arm]) logging started Sat May  4 00:20:15 2024

Set parameter LogFile to value "../models/model_moo(May 04,0020).log"
Gurobi Optimizer version 11.0.1 build v11.0.1rc0 (mac64[arm] - Darwin 23.2.0 23C71)

CPU model: Apple M2
Thread count: 8 physical cores, 8 logical processors, using up to 8 threads

Optimize a model with 1832 rows, 1436 columns and 4534 nonzeros
Model fingerprint: 0x69815406
Variable types: 1062 continuous, 374 integer (374 binary)
Coefficient statistics:
  Matrix range     [1e+00, 2e+25]
  Objective range  [1e-02, 2e+02]
  Bounds range     [1e+00, 1e+00]
  RHS range        [1e+00, 1e+12]
Warning: Model contains large matrix coefficient range
Warning: Model contains large rhs
         Consider reformulating model or setting NumericFocus parameter
         to avoid numerical issues.

---------------------------------------------------------------------------
Multi-objectives: starting optimization with 2 objectives ... 
---------------------------------------------------------------------------

Multi-objectives: applying initial presolve ...
---------------------------------------------------------------------------

Presolve removed 1337 rows and 708 columns
Presolve time: 0.00s
Presolved: 495 rows, 728 columns, 1477 nonzeros
---------------------------------------------------------------------------

Multi-objectives: optimize objective 1 (objective_re_1) ...
---------------------------------------------------------------------------

Found heuristic solution: objective 0.0000000
Presolve removed 79 rows and 373 columns
Presolve time: 0.00s
Presolved: 416 rows, 355 columns, 1025 nonzeros
Variable types: 0 continuous, 355 integer (355 binary)
Found heuristic solution: objective -1148.839482

Root relaxation: objective -1.149446e+03, 72 iterations, 0.00 seconds (0.00 work units)

    Nodes    |    Current Node    |     Objective Bounds      |     Work
 Expl Unexpl |  Obj  Depth IntInf | Incumbent    BestBd   Gap | It/Node Time

*    0     0               0    -1149.446228 -1149.4462  0.00%     -    0s

Explored 1 nodes (72 simplex iterations) in 0.01 seconds (0.01 work units)
Thread count was 8 (of 8 available processors)

Solution count 2: -1149.45 -1148.84 
No other solutions better than -1149.45

Optimal solution found (tolerance 1.00e-04)
Best objective -1.149446227852e+03, best bound -1.149446227852e+03, gap 0.0000%
---------------------------------------------------------------------------

Multi-objectives: optimize objective 2 (objective_cost_2) ...
---------------------------------------------------------------------------


Loaded user MIP start with objective 1950

Presolve removed 140 rows and 422 columns
Presolve time: 0.00s
Presolved: 356 rows, 306 columns, 1171 nonzeros
Found heuristic solution: objective -7391.099028
Variable types: 0 continuous, 306 integer (306 binary)

Root relaxation: objective -9.286616e+03, 247 iterations, 0.00 seconds (0.00 work units)

    Nodes    |    Current Node    |     Objective Bounds      |     Work
 Expl Unexpl |  Obj  Depth IntInf | Incumbent    BestBd   Gap | It/Node Time

     0     0 -9286.6156    0   18 -7391.0990 -9286.6156  25.6%     -    0s
H    0     0                    -8502.713556 -9286.6156  9.22%     -    0s
H    0     0                    -8991.741361 -9286.6156  3.28%     -    0s
H    0     0                    -9197.352806 -9286.6156  0.97%     -    0s
     0     0 -9233.0563    0   18 -9197.3528 -9233.0563  0.39%     -    0s
     0     0 -9233.0563    0   12 -9197.3528 -9233.0563  0.39%     -    0s
     0     0 -9233.0563    0   20 -9197.3528 -9233.0563  0.39%     -    0s
H    0     0                    -9204.389389 -9233.0563  0.31%     -    0s

Cutting planes:
  Gomory: 1
  RLT: 1

Explored 1 nodes (286 simplex iterations) in 0.03 seconds (0.02 work units)
Thread count was 8 (of 8 available processors)

Solution count 7: -9204.39 -9197.35 -9095.18 ... -7391.1
No other solutions better than -9204.39

Optimal solution found (tolerance 1.00e-04)
Best objective -9.204389388889e+03, best bound -9.204389388889e+03, gap 0.0000%

---------------------------------------------------------------------------
Multi-objectives: solved in 0.04 seconds (0.02 work units), solution count 9


Gurobi 11.0.1 (mac64[arm]) logging started Sat May  4 00:20:15 2024

Set parameter LogFile to value "../models/model_moo(May 04,0020).log"
Gurobi Optimizer version 11.0.1 build v11.0.1rc0 (mac64[arm] - Darwin 23.2.0 23C71)

CPU model: Apple M2
Thread count: 8 physical cores, 8 logical processors, using up to 8 threads

Optimize a model with 1832 rows, 1436 columns and 4534 nonzeros
Model fingerprint: 0xab6a17ca
Variable types: 1062 continuous, 374 integer (374 binary)
Coefficient statistics:
  Matrix range     [1e+00, 2e+25]
  Objective range  [1e-02, 2e+02]
  Bounds range     [1e+00, 1e+00]
  RHS range        [1e+00, 1e+12]
Warning: Model contains large matrix coefficient range
Warning: Model contains large rhs
         Consider reformulating model or setting NumericFocus parameter
         to avoid numerical issues.

---------------------------------------------------------------------------
Multi-objectives: starting optimization with 2 objectives ... 
---------------------------------------------------------------------------

Multi-objectives: applying initial presolve ...
---------------------------------------------------------------------------

Presolve removed 1337 rows and 708 columns
Presolve time: 0.00s
Presolved: 495 rows, 728 columns, 1477 nonzeros
---------------------------------------------------------------------------

Multi-objectives: optimize objective 1 (objective_re_1) ...
---------------------------------------------------------------------------

Found heuristic solution: objective 0.0000000
Presolve removed 79 rows and 373 columns
Presolve time: 0.00s
Presolved: 416 rows, 355 columns, 1025 nonzeros
Variable types: 0 continuous, 355 integer (355 binary)
Found heuristic solution: objective -1110.231430

Root relaxation: objective -1.149278e+03, 158 iterations, 0.00 seconds (0.00 work units)

    Nodes    |    Current Node    |     Objective Bounds      |     Work
 Expl Unexpl |  Obj  Depth IntInf | Incumbent    BestBd   Gap | It/Node Time

*    0     0               0    -1149.278387 -1149.2784  0.00%     -    0s

Explored 1 nodes (158 simplex iterations) in 0.02 seconds (0.01 work units)
Thread count was 8 (of 8 available processors)

Solution count 2: -1149.28 -1110.23 
No other solutions better than -1149.28

Optimal solution found (tolerance 1.00e-04)
Best objective -1.149278387075e+03, best bound -1.149278387075e+03, gap 0.0000%
---------------------------------------------------------------------------

Multi-objectives: optimize objective 2 (objective_cost_2) ...
---------------------------------------------------------------------------


Loaded user MIP start with objective 1400

Presolve removed 140 rows and 422 columns
Presolve time: 0.00s
Presolved: 356 rows, 306 columns, 1171 nonzeros
Found heuristic solution: objective -5592.989139
Variable types: 0 continuous, 306 integer (306 binary)

Root relaxation: objective -6.811992e+03, 409 iterations, 0.00 seconds (0.00 work units)

    Nodes    |    Current Node    |     Objective Bounds      |     Work
 Expl Unexpl |  Obj  Depth IntInf | Incumbent    BestBd   Gap | It/Node Time

     0     0 -6811.9919    0   30 -5592.9891 -6811.9919  21.8%     -    0s
H    0     0                    -6810.967528 -6811.9919  0.02%     -    0s

Explored 1 nodes (409 simplex iterations) in 0.03 seconds (0.02 work units)
Thread count was 8 (of 8 available processors)

Solution count 2: -6810.97 -5592.99 
No other solutions better than -6810.97

Optimal solution found (tolerance 1.00e-04)
Best objective -6.810967527778e+03, best bound -6.810967527778e+03, gap 0.0000%

---------------------------------------------------------------------------
Multi-objectives: solved in 0.03 seconds (0.02 work units), solution count 4


Gurobi 11.0.1 (mac64[arm]) logging started Sat May  4 00:20:15 2024

Set parameter LogFile to value "../models/model_moo(May 04,0020).log"
Gurobi Optimizer version 11.0.1 build v11.0.1rc0 (mac64[arm] - Darwin 23.2.0 23C71)

CPU model: Apple M2
Thread count: 8 physical cores, 8 logical processors, using up to 8 threads

Optimize a model with 1832 rows, 1436 columns and 4534 nonzeros
Model fingerprint: 0x54c1152a
Variable types: 1062 continuous, 374 integer (374 binary)
Coefficient statistics:
  Matrix range     [1e+00, 2e+25]
  Objective range  [1e-02, 2e+02]
  Bounds range     [1e+00, 1e+00]
  RHS range        [1e+00, 1e+12]
Warning: Model contains large matrix coefficient range
Warning: Model contains large rhs
         Consider reformulating model or setting NumericFocus parameter
         to avoid numerical issues.

---------------------------------------------------------------------------
Multi-objectives: starting optimization with 2 objectives ... 
---------------------------------------------------------------------------

Multi-objectives: applying initial presolve ...
---------------------------------------------------------------------------

Presolve removed 1337 rows and 708 columns
Presolve time: 0.00s
Presolved: 495 rows, 728 columns, 1477 nonzeros
---------------------------------------------------------------------------

Multi-objectives: optimize objective 1 (objective_re_1) ...
---------------------------------------------------------------------------

Found heuristic solution: objective 0.0000000
Presolve removed 79 rows and 373 columns
Presolve time: 0.00s
Presolved: 416 rows, 355 columns, 1025 nonzeros
Variable types: 0 continuous, 355 integer (355 binary)
Found heuristic solution: objective -898.2544191

Root relaxation: objective -1.127227e+03, 263 iterations, 0.00 seconds (0.00 work units)

    Nodes    |    Current Node    |     Objective Bounds      |     Work
 Expl Unexpl |  Obj  Depth IntInf | Incumbent    BestBd   Gap | It/Node Time

*    0     0               0    -1127.227354 -1127.2274  0.00%     -    0s

Explored 1 nodes (263 simplex iterations) in 0.02 seconds (0.01 work units)
Thread count was 8 (of 8 available processors)

Solution count 2: -1127.23 -898.254 
No other solutions better than -1127.23

Optimal solution found (tolerance 1.00e-04)
Best objective -1.127227353674e+03, best bound -1.127227353674e+03, gap 0.0000%
---------------------------------------------------------------------------

Multi-objectives: optimize objective 2 (objective_cost_2) ...
---------------------------------------------------------------------------


Loaded user MIP start with objective 625

Presolve removed 140 rows and 422 columns
Presolve time: 0.00s
Presolved: 356 rows, 306 columns, 1171 nonzeros
Found heuristic solution: objective -2595.947000
Variable types: 0 continuous, 306 integer (306 binary)

Root relaxation: objective -2.600185e+03, 432 iterations, 0.00 seconds (0.00 work units)

    Nodes    |    Current Node    |     Objective Bounds      |     Work
 Expl Unexpl |  Obj  Depth IntInf | Incumbent    BestBd   Gap | It/Node Time

     0     0 infeasible    0      -2595.9470 -2595.9470  0.00%     -    0s

Explored 1 nodes (432 simplex iterations) in 0.03 seconds (0.02 work units)
Thread count was 8 (of 8 available processors)

Solution count 1: -2595.95 
No other solutions better than -2595.95

Optimal solution found (tolerance 1.00e-04)
Best objective -2.595947000000e+03, best bound -2.595947000000e+03, gap 0.0000%

---------------------------------------------------------------------------
Multi-objectives: solved in 0.03 seconds (0.02 work units), solution count 3


Gurobi 11.0.1 (mac64[arm]) logging started Sat May  4 00:20:16 2024

Set parameter LogFile to value "../models/model_moo(May 04,0020).log"
Gurobi Optimizer version 11.0.1 build v11.0.1rc0 (mac64[arm] - Darwin 23.2.0 23C71)

CPU model: Apple M2
Thread count: 8 physical cores, 8 logical processors, using up to 8 threads

Optimize a model with 1832 rows, 1436 columns and 4534 nonzeros
Model fingerprint: 0x50ec49c8
Variable types: 1062 continuous, 374 integer (374 binary)
Coefficient statistics:
  Matrix range     [1e+00, 2e+25]
  Objective range  [1e-02, 2e+02]
  Bounds range     [1e+00, 1e+00]
  RHS range        [1e+00, 1e+12]
Warning: Model contains large matrix coefficient range
Warning: Model contains large rhs
         Consider reformulating model or setting NumericFocus parameter
         to avoid numerical issues.

---------------------------------------------------------------------------
Multi-objectives: starting optimization with 2 objectives ... 
---------------------------------------------------------------------------

Multi-objectives: applying initial presolve ...
---------------------------------------------------------------------------

Presolve removed 1337 rows and 708 columns
Presolve time: 0.00s
Presolved: 495 rows, 728 columns, 1477 nonzeros
---------------------------------------------------------------------------

Multi-objectives: optimize objective 1 (objective_re_1) ...
---------------------------------------------------------------------------

Found heuristic solution: objective 0.0000000
Presolve removed 79 rows and 373 columns
Presolve time: 0.00s
Presolved: 416 rows, 355 columns, 1025 nonzeros
Variable types: 0 continuous, 355 integer (355 binary)
Found heuristic solution: objective -836.5199555

Root relaxation: objective -1.006003e+03, 368 iterations, 0.00 seconds (0.00 work units)

    Nodes    |    Current Node    |     Objective Bounds      |     Work
 Expl Unexpl |  Obj  Depth IntInf | Incumbent    BestBd   Gap | It/Node Time

*    0     0               0    -1006.003020 -1006.0030  0.00%     -    0s

Explored 1 nodes (368 simplex iterations) in 0.02 seconds (0.01 work units)
Thread count was 8 (of 8 available processors)

Solution count 2: -1006 -836.52 
No other solutions better than -1006

Optimal solution found (tolerance 1.00e-04)
Best objective -1.006003020433e+03, best bound -1.006003020433e+03, gap 0.0000%
---------------------------------------------------------------------------

Multi-objectives: optimize objective 2 (objective_cost_2) ...
---------------------------------------------------------------------------


Loaded user MIP start with objective 525

Presolve removed 88 rows and 380 columns
Presolve time: 0.00s
Presolved: 408 rows, 348 columns, 1336 nonzeros
Found heuristic solution: objective -1228.640889
Variable types: 0 continuous, 348 integer (348 binary)

Root relaxation: objective -1.236024e+03, 542 iterations, 0.00 seconds (0.01 work units)

    Nodes    |    Current Node    |     Objective Bounds      |     Work
 Expl Unexpl |  Obj  Depth IntInf | Incumbent    BestBd   Gap | It/Node Time

     0     0 infeasible    0      -1228.6409 -1228.6409  0.00%     -    0s

Explored 1 nodes (542 simplex iterations) in 0.03 seconds (0.02 work units)
Thread count was 8 (of 8 available processors)

Solution count 1: -1228.64 
No other solutions better than -1228.64

Optimal solution found (tolerance 1.00e-04)
Best objective -1.228640888889e+03, best bound -1.228640888889e+03, gap 0.0000%

---------------------------------------------------------------------------
Multi-objectives: solved in 0.03 seconds (0.02 work units), solution count 3


Gurobi 11.0.1 (mac64[arm]) logging started Sat May  4 00:20:16 2024

Set parameter LogFile to value "../models/model_moo(May 04,0020).log"
Gurobi Optimizer version 11.0.1 build v11.0.1rc0 (mac64[arm] - Darwin 23.2.0 23C71)

CPU model: Apple M2
Thread count: 8 physical cores, 8 logical processors, using up to 8 threads

Optimize a model with 1832 rows, 1436 columns and 4534 nonzeros
Model fingerprint: 0x0a4343f2
Variable types: 1062 continuous, 374 integer (374 binary)
Coefficient statistics:
  Matrix range     [1e+00, 2e+25]
  Objective range  [1e-02, 2e+02]
  Bounds range     [1e+00, 1e+00]
  RHS range        [1e+00, 1e+12]
Warning: Model contains large matrix coefficient range
Warning: Model contains large rhs
         Consider reformulating model or setting NumericFocus parameter
         to avoid numerical issues.

---------------------------------------------------------------------------
Multi-objectives: starting optimization with 2 objectives ... 
---------------------------------------------------------------------------

Multi-objectives: applying initial presolve ...
---------------------------------------------------------------------------

Presolve removed 1337 rows and 708 columns
Presolve time: 0.00s
Presolved: 495 rows, 728 columns, 1477 nonzeros
---------------------------------------------------------------------------

Multi-objectives: optimize objective 1 (objective_re_1) ...
---------------------------------------------------------------------------

Found heuristic solution: objective 0.0000000
Presolve removed 79 rows and 373 columns
Presolve time: 0.00s
Presolved: 416 rows, 355 columns, 1025 nonzeros
Variable types: 0 continuous, 355 integer (355 binary)
Found heuristic solution: objective -395.4653120

Root relaxation: objective -6.403484e+02, 389 iterations, 0.00 seconds (0.00 work units)

    Nodes    |    Current Node    |     Objective Bounds      |     Work
 Expl Unexpl |  Obj  Depth IntInf | Incumbent    BestBd   Gap | It/Node Time

*    0     0               0    -640.3483754 -640.34838  0.00%     -    0s

Explored 1 nodes (389 simplex iterations) in 0.01 seconds (0.01 work units)
Thread count was 8 (of 8 available processors)

Solution count 2: -640.348 -395.465 
No other solutions better than -640.348

Optimal solution found (tolerance 1.00e-04)
Best objective -6.403483754114e+02, best bound -6.403483754114e+02, gap 0.0000%
---------------------------------------------------------------------------

Multi-objectives: optimize objective 2 (objective_cost_2) ...
---------------------------------------------------------------------------


Loaded user MIP start with objective 400

Presolve removed 79 rows and 373 columns
Presolve time: 0.00s
Presolved: 417 rows, 355 columns, 1362 nonzeros
Found heuristic solution: objective -1272.568806
Variable types: 0 continuous, 355 integer (355 binary)

Root relaxation: objective -1.273192e+03, 436 iterations, 0.00 seconds (0.00 work units)

    Nodes    |    Current Node    |     Objective Bounds      |     Work
 Expl Unexpl |  Obj  Depth IntInf | Incumbent    BestBd   Gap | It/Node Time

     0     0 infeasible    0      -1272.5688 -1272.5688  0.00%     -    0s

Explored 1 nodes (436 simplex iterations) in 0.02 seconds (0.02 work units)
Thread count was 8 (of 8 available processors)

Solution count 1: -1272.57 
No other solutions better than -1272.57

Optimal solution found (tolerance 1.00e-04)
Best objective -1.272568805556e+03, best bound -1.272568805556e+03, gap 0.0000%

---------------------------------------------------------------------------
Multi-objectives: solved in 0.03 seconds (0.02 work units), solution count 3


Gurobi 11.0.1 (mac64[arm]) logging started Sat May  4 00:20:16 2024

Set parameter LogFile to value "../models/model_moo(May 04,0020).log"
Gurobi Optimizer version 11.0.1 build v11.0.1rc0 (mac64[arm] - Darwin 23.2.0 23C71)

CPU model: Apple M2
Thread count: 8 physical cores, 8 logical processors, using up to 8 threads

Optimize a model with 1832 rows, 1436 columns and 4534 nonzeros
Model fingerprint: 0x261e7138
Variable types: 1062 continuous, 374 integer (374 binary)
Coefficient statistics:
  Matrix range     [1e+00, 2e+25]
  Objective range  [1e-02, 2e+02]
  Bounds range     [1e+00, 1e+00]
  RHS range        [1e+00, 1e+12]
Warning: Model contains large matrix coefficient range
Warning: Model contains large rhs
         Consider reformulating model or setting NumericFocus parameter
         to avoid numerical issues.

---------------------------------------------------------------------------
Multi-objectives: starting optimization with 2 objectives ... 
---------------------------------------------------------------------------

Multi-objectives: applying initial presolve ...
---------------------------------------------------------------------------

Presolve removed 1337 rows and 708 columns
Presolve time: 0.00s
Presolved: 495 rows, 728 columns, 1477 nonzeros
---------------------------------------------------------------------------

Multi-objectives: optimize objective 1 (objective_re_1) ...
---------------------------------------------------------------------------

Found heuristic solution: objective 0.0000000
Presolve removed 79 rows and 373 columns
Presolve time: 0.00s
Presolved: 416 rows, 355 columns, 1025 nonzeros
Variable types: 0 continuous, 355 integer (355 binary)
Found heuristic solution: objective -1149.010771

Root relaxation: objective -1.149476e+03, 24 iterations, 0.00 seconds (0.00 work units)

    Nodes    |    Current Node    |     Objective Bounds      |     Work
 Expl Unexpl |  Obj  Depth IntInf | Incumbent    BestBd   Gap | It/Node Time

*    0     0               0    -1149.476272 -1149.4763  0.00%     -    0s

Explored 1 nodes (24 simplex iterations) in 0.01 seconds (0.01 work units)
Thread count was 8 (of 8 available processors)

Solution count 2: -1149.48 -1149.01 
No other solutions better than -1149.48

Optimal solution found (tolerance 1.00e-04)
Best objective -1.149476272201e+03, best bound -1.149476272201e+03, gap 0.0000%
---------------------------------------------------------------------------

Multi-objectives: optimize objective 2 (objective_cost_2) ...
---------------------------------------------------------------------------


Loaded user MIP start with objective 2425

Presolve removed 140 rows and 422 columns
Presolve time: 0.00s
Presolved: 356 rows, 306 columns, 1171 nonzeros
Found heuristic solution: objective -8818.076028
Variable types: 0 continuous, 306 integer (306 binary)

Root relaxation: objective -1.062197e+04, 243 iterations, 0.00 seconds (0.00 work units)

    Nodes    |    Current Node    |     Objective Bounds      |     Work
 Expl Unexpl |  Obj  Depth IntInf | Incumbent    BestBd   Gap | It/Node Time

     0     0 -10621.971    0   26 -8818.0760 -10621.971  20.5%     -    0s
H    0     0                    -9929.690556 -10621.971  6.97%     -    0s
H    0     0                    -10254.34211 -10621.971  3.59%     -    0s
     0     0 -10620.429    0   30 -10254.342 -10620.429  3.57%     -    0s
H    0     0                    -10611.18428 -10620.429  0.09%     -    0s

Cutting planes:
  Gomory: 1
  GUB cover: 1
  Inf proof: 1

Explored 1 nodes (248 simplex iterations) in 0.04 seconds (0.02 work units)
Thread count was 8 (of 8 available processors)

Solution count 4: -10611.2 -10254.3 -9929.69 -8818.08 
No other solutions better than -10611.2

Optimal solution found (tolerance 1.00e-04)
Best objective -1.061118427778e+04, best bound -1.061118427778e+04, gap 0.0000%

---------------------------------------------------------------------------
Multi-objectives: solved in 0.04 seconds (0.02 work units), solution count 6


Gurobi 11.0.1 (mac64[arm]) logging started Sat May  4 00:20:16 2024

Set parameter LogFile to value "../models/model_moo(May 04,0020).log"
Gurobi Optimizer version 11.0.1 build v11.0.1rc0 (mac64[arm] - Darwin 23.2.0 23C71)

CPU model: Apple M2
Thread count: 8 physical cores, 8 logical processors, using up to 8 threads

Optimize a model with 1832 rows, 1436 columns and 4534 nonzeros
Model fingerprint: 0x69815406
Variable types: 1062 continuous, 374 integer (374 binary)
Coefficient statistics:
  Matrix range     [1e+00, 2e+25]
  Objective range  [1e-02, 2e+02]
  Bounds range     [1e+00, 1e+00]
  RHS range        [1e+00, 1e+12]
Warning: Model contains large matrix coefficient range
Warning: Model contains large rhs
         Consider reformulating model or setting NumericFocus parameter
         to avoid numerical issues.

---------------------------------------------------------------------------
Multi-objectives: starting optimization with 2 objectives ... 
---------------------------------------------------------------------------

Multi-objectives: applying initial presolve ...
---------------------------------------------------------------------------

Presolve removed 1337 rows and 708 columns
Presolve time: 0.00s
Presolved: 495 rows, 728 columns, 1477 nonzeros
---------------------------------------------------------------------------

Multi-objectives: optimize objective 1 (objective_re_1) ...
---------------------------------------------------------------------------

Found heuristic solution: objective 0.0000000
Presolve removed 79 rows and 373 columns
Presolve time: 0.00s
Presolved: 416 rows, 355 columns, 1025 nonzeros
Variable types: 0 continuous, 355 integer (355 binary)
Found heuristic solution: objective -1148.839482

Root relaxation: objective -1.149446e+03, 72 iterations, 0.00 seconds (0.00 work units)

    Nodes    |    Current Node    |     Objective Bounds      |     Work
 Expl Unexpl |  Obj  Depth IntInf | Incumbent    BestBd   Gap | It/Node Time

*    0     0               0    -1149.446228 -1149.4462  0.00%     -    0s

Explored 1 nodes (72 simplex iterations) in 0.02 seconds (0.01 work units)
Thread count was 8 (of 8 available processors)

Solution count 2: -1149.45 -1148.84 
No other solutions better than -1149.45

Optimal solution found (tolerance 1.00e-04)
Best objective -1.149446227852e+03, best bound -1.149446227852e+03, gap 0.0000%
---------------------------------------------------------------------------

Multi-objectives: optimize objective 2 (objective_cost_2) ...
---------------------------------------------------------------------------


Loaded user MIP start with objective 1950

Presolve removed 140 rows and 422 columns
Presolve time: 0.00s
Presolved: 356 rows, 306 columns, 1171 nonzeros
Found heuristic solution: objective -7391.099028
Variable types: 0 continuous, 306 integer (306 binary)

Root relaxation: objective -9.286616e+03, 247 iterations, 0.00 seconds (0.00 work units)

    Nodes    |    Current Node    |     Objective Bounds      |     Work
 Expl Unexpl |  Obj  Depth IntInf | Incumbent    BestBd   Gap | It/Node Time

     0     0 -9286.6156    0   18 -7391.0990 -9286.6156  25.6%     -    0s
H    0     0                    -8502.713556 -9286.6156  9.22%     -    0s
H    0     0                    -8991.741361 -9286.6156  3.28%     -    0s
H    0     0                    -9197.352806 -9286.6156  0.97%     -    0s
     0     0 -9233.0563    0   18 -9197.3528 -9233.0563  0.39%     -    0s
     0     0 -9233.0563    0   12 -9197.3528 -9233.0563  0.39%     -    0s
     0     0 -9233.0563    0   20 -9197.3528 -9233.0563  0.39%     -    0s
H    0     0                    -9204.389389 -9233.0563  0.31%     -    0s

Cutting planes:
  Gomory: 1
  RLT: 1

Explored 1 nodes (286 simplex iterations) in 0.04 seconds (0.02 work units)
Thread count was 8 (of 8 available processors)

Solution count 7: -9204.39 -9197.35 -9095.18 ... -7391.1
No other solutions better than -9204.39

Optimal solution found (tolerance 1.00e-04)
Best objective -9.204389388889e+03, best bound -9.204389388889e+03, gap 0.0000%

---------------------------------------------------------------------------
Multi-objectives: solved in 0.05 seconds (0.02 work units), solution count 9


Gurobi 11.0.1 (mac64[arm]) logging started Sat May  4 00:20:16 2024

Set parameter LogFile to value "../models/model_moo(May 04,0020).log"
Gurobi Optimizer version 11.0.1 build v11.0.1rc0 (mac64[arm] - Darwin 23.2.0 23C71)

CPU model: Apple M2
Thread count: 8 physical cores, 8 logical processors, using up to 8 threads

Optimize a model with 1832 rows, 1436 columns and 4534 nonzeros
Model fingerprint: 0xab6a17ca
Variable types: 1062 continuous, 374 integer (374 binary)
Coefficient statistics:
  Matrix range     [1e+00, 2e+25]
  Objective range  [1e-02, 2e+02]
  Bounds range     [1e+00, 1e+00]
  RHS range        [1e+00, 1e+12]
Warning: Model contains large matrix coefficient range
Warning: Model contains large rhs
         Consider reformulating model or setting NumericFocus parameter
         to avoid numerical issues.

---------------------------------------------------------------------------
Multi-objectives: starting optimization with 2 objectives ... 
---------------------------------------------------------------------------

Multi-objectives: applying initial presolve ...
---------------------------------------------------------------------------

Presolve removed 1337 rows and 708 columns
Presolve time: 0.00s
Presolved: 495 rows, 728 columns, 1477 nonzeros
---------------------------------------------------------------------------

Multi-objectives: optimize objective 1 (objective_re_1) ...
---------------------------------------------------------------------------

Found heuristic solution: objective 0.0000000
Presolve removed 79 rows and 373 columns
Presolve time: 0.00s
Presolved: 416 rows, 355 columns, 1025 nonzeros
Variable types: 0 continuous, 355 integer (355 binary)
Found heuristic solution: objective -1110.231430

Root relaxation: objective -1.149278e+03, 158 iterations, 0.00 seconds (0.00 work units)

    Nodes    |    Current Node    |     Objective Bounds      |     Work
 Expl Unexpl |  Obj  Depth IntInf | Incumbent    BestBd   Gap | It/Node Time

*    0     0               0    -1149.278387 -1149.2784  0.00%     -    0s

Explored 1 nodes (158 simplex iterations) in 0.01 seconds (0.01 work units)
Thread count was 8 (of 8 available processors)

Solution count 2: -1149.28 -1110.23 
No other solutions better than -1149.28

Optimal solution found (tolerance 1.00e-04)
Best objective -1.149278387075e+03, best bound -1.149278387075e+03, gap 0.0000%
---------------------------------------------------------------------------

Multi-objectives: optimize objective 2 (objective_cost_2) ...
---------------------------------------------------------------------------


Loaded user MIP start with objective 1400

Presolve removed 140 rows and 422 columns
Presolve time: 0.00s
Presolved: 356 rows, 306 columns, 1171 nonzeros
Found heuristic solution: objective -5592.989139
Variable types: 0 continuous, 306 integer (306 binary)

Root relaxation: objective -6.811992e+03, 409 iterations, 0.00 seconds (0.00 work units)

    Nodes    |    Current Node    |     Objective Bounds      |     Work
 Expl Unexpl |  Obj  Depth IntInf | Incumbent    BestBd   Gap | It/Node Time

     0     0 -6811.9919    0   30 -5592.9891 -6811.9919  21.8%     -    0s
H    0     0                    -6810.967528 -6811.9919  0.02%     -    0s

Explored 1 nodes (409 simplex iterations) in 0.03 seconds (0.02 work units)
Thread count was 8 (of 8 available processors)

Solution count 2: -6810.97 -5592.99 
No other solutions better than -6810.97

Optimal solution found (tolerance 1.00e-04)
Best objective -6.810967527778e+03, best bound -6.810967527778e+03, gap 0.0000%

---------------------------------------------------------------------------
Multi-objectives: solved in 0.03 seconds (0.02 work units), solution count 4


Gurobi 11.0.1 (mac64[arm]) logging started Sat May  4 00:20:16 2024

Set parameter LogFile to value "../models/model_moo(May 04,0020).log"
Gurobi Optimizer version 11.0.1 build v11.0.1rc0 (mac64[arm] - Darwin 23.2.0 23C71)

CPU model: Apple M2
Thread count: 8 physical cores, 8 logical processors, using up to 8 threads

Optimize a model with 1832 rows, 1436 columns and 4534 nonzeros
Model fingerprint: 0x54c1152a
Variable types: 1062 continuous, 374 integer (374 binary)
Coefficient statistics:
  Matrix range     [1e+00, 2e+25]
  Objective range  [1e-02, 2e+02]
  Bounds range     [1e+00, 1e+00]
  RHS range        [1e+00, 1e+12]
Warning: Model contains large matrix coefficient range
Warning: Model contains large rhs
         Consider reformulating model or setting NumericFocus parameter
         to avoid numerical issues.

---------------------------------------------------------------------------
Multi-objectives: starting optimization with 2 objectives ... 
---------------------------------------------------------------------------

Multi-objectives: applying initial presolve ...
---------------------------------------------------------------------------

Presolve removed 1337 rows and 708 columns
Presolve time: 0.00s
Presolved: 495 rows, 728 columns, 1477 nonzeros
---------------------------------------------------------------------------

Multi-objectives: optimize objective 1 (objective_re_1) ...
---------------------------------------------------------------------------

Found heuristic solution: objective 0.0000000
Presolve removed 79 rows and 373 columns
Presolve time: 0.00s
Presolved: 416 rows, 355 columns, 1025 nonzeros
Variable types: 0 continuous, 355 integer (355 binary)
Found heuristic solution: objective -898.2544191

Root relaxation: objective -1.127227e+03, 263 iterations, 0.00 seconds (0.00 work units)

    Nodes    |    Current Node    |     Objective Bounds      |     Work
 Expl Unexpl |  Obj  Depth IntInf | Incumbent    BestBd   Gap | It/Node Time

*    0     0               0    -1127.227354 -1127.2274  0.00%     -    0s

Explored 1 nodes (263 simplex iterations) in 0.01 seconds (0.01 work units)
Thread count was 8 (of 8 available processors)

Solution count 2: -1127.23 -898.254 
No other solutions better than -1127.23

Optimal solution found (tolerance 1.00e-04)
Best objective -1.127227353674e+03, best bound -1.127227353674e+03, gap 0.0000%
---------------------------------------------------------------------------

Multi-objectives: optimize objective 2 (objective_cost_2) ...
---------------------------------------------------------------------------


Loaded user MIP start with objective 625

Presolve removed 140 rows and 422 columns
Presolve time: 0.00s
Presolved: 356 rows, 306 columns, 1171 nonzeros
Found heuristic solution: objective -2595.947000
Variable types: 0 continuous, 306 integer (306 binary)

Root relaxation: objective -2.600185e+03, 432 iterations, 0.00 seconds (0.00 work units)

    Nodes    |    Current Node    |     Objective Bounds      |     Work
 Expl Unexpl |  Obj  Depth IntInf | Incumbent    BestBd   Gap | It/Node Time

     0     0 infeasible    0      -2595.9470 -2595.9470  0.00%     -    0s

Explored 1 nodes (432 simplex iterations) in 0.03 seconds (0.02 work units)
Thread count was 8 (of 8 available processors)

Solution count 1: -2595.95 
No other solutions better than -2595.95

Optimal solution found (tolerance 1.00e-04)
Best objective -2.595947000000e+03, best bound -2.595947000000e+03, gap 0.0000%

---------------------------------------------------------------------------
Multi-objectives: solved in 0.03 seconds (0.02 work units), solution count 3


Gurobi 11.0.1 (mac64[arm]) logging started Sat May  4 00:20:16 2024

Set parameter LogFile to value "../models/model_moo(May 04,0020).log"
Gurobi Optimizer version 11.0.1 build v11.0.1rc0 (mac64[arm] - Darwin 23.2.0 23C71)

CPU model: Apple M2
Thread count: 8 physical cores, 8 logical processors, using up to 8 threads

Optimize a model with 1832 rows, 1436 columns and 4534 nonzeros
Model fingerprint: 0x50ec49c8
Variable types: 1062 continuous, 374 integer (374 binary)
Coefficient statistics:
  Matrix range     [1e+00, 2e+25]
  Objective range  [1e-02, 2e+02]
  Bounds range     [1e+00, 1e+00]
  RHS range        [1e+00, 1e+12]
Warning: Model contains large matrix coefficient range
Warning: Model contains large rhs
         Consider reformulating model or setting NumericFocus parameter
         to avoid numerical issues.

---------------------------------------------------------------------------
Multi-objectives: starting optimization with 2 objectives ... 
---------------------------------------------------------------------------

Multi-objectives: applying initial presolve ...
---------------------------------------------------------------------------

Presolve removed 1337 rows and 708 columns
Presolve time: 0.00s
Presolved: 495 rows, 728 columns, 1477 nonzeros
---------------------------------------------------------------------------

Multi-objectives: optimize objective 1 (objective_re_1) ...
---------------------------------------------------------------------------

Found heuristic solution: objective 0.0000000
Presolve removed 79 rows and 373 columns
Presolve time: 0.00s
Presolved: 416 rows, 355 columns, 1025 nonzeros
Variable types: 0 continuous, 355 integer (355 binary)
Found heuristic solution: objective -836.5199555

Root relaxation: objective -1.006003e+03, 368 iterations, 0.00 seconds (0.00 work units)

    Nodes    |    Current Node    |     Objective Bounds      |     Work
 Expl Unexpl |  Obj  Depth IntInf | Incumbent    BestBd   Gap | It/Node Time

*    0     0               0    -1006.003020 -1006.0030  0.00%     -    0s

Explored 1 nodes (368 simplex iterations) in 0.02 seconds (0.01 work units)
Thread count was 8 (of 8 available processors)

Solution count 2: -1006 -836.52 
No other solutions better than -1006

Optimal solution found (tolerance 1.00e-04)
Best objective -1.006003020433e+03, best bound -1.006003020433e+03, gap 0.0000%
---------------------------------------------------------------------------

Multi-objectives: optimize objective 2 (objective_cost_2) ...
---------------------------------------------------------------------------


Loaded user MIP start with objective 525

Presolve removed 88 rows and 380 columns
Presolve time: 0.00s
Presolved: 408 rows, 348 columns, 1336 nonzeros
Found heuristic solution: objective -1228.640889
Variable types: 0 continuous, 348 integer (348 binary)

Root relaxation: objective -1.236024e+03, 542 iterations, 0.00 seconds (0.01 work units)

    Nodes    |    Current Node    |     Objective Bounds      |     Work
 Expl Unexpl |  Obj  Depth IntInf | Incumbent    BestBd   Gap | It/Node Time

     0     0 infeasible    0      -1228.6409 -1228.6409  0.00%     -    0s

Explored 1 nodes (542 simplex iterations) in 0.04 seconds (0.02 work units)
Thread count was 8 (of 8 available processors)

Solution count 1: -1228.64 
No other solutions better than -1228.64

Optimal solution found (tolerance 1.00e-04)
Best objective -1.228640888889e+03, best bound -1.228640888889e+03, gap 0.0000%

---------------------------------------------------------------------------
Multi-objectives: solved in 0.04 seconds (0.02 work units), solution count 3


Gurobi 11.0.1 (mac64[arm]) logging started Sat May  4 00:20:16 2024

Set parameter LogFile to value "../models/model_moo(May 04,0020).log"
Gurobi Optimizer version 11.0.1 build v11.0.1rc0 (mac64[arm] - Darwin 23.2.0 23C71)

CPU model: Apple M2
Thread count: 8 physical cores, 8 logical processors, using up to 8 threads

Optimize a model with 1832 rows, 1436 columns and 4534 nonzeros
Model fingerprint: 0x0a4343f2
Variable types: 1062 continuous, 374 integer (374 binary)
Coefficient statistics:
  Matrix range     [1e+00, 2e+25]
  Objective range  [1e-02, 2e+02]
  Bounds range     [1e+00, 1e+00]
  RHS range        [1e+00, 1e+12]
Warning: Model contains large matrix coefficient range
Warning: Model contains large rhs
         Consider reformulating model or setting NumericFocus parameter
         to avoid numerical issues.

---------------------------------------------------------------------------
Multi-objectives: starting optimization with 2 objectives ... 
---------------------------------------------------------------------------

Multi-objectives: applying initial presolve ...
---------------------------------------------------------------------------

Presolve removed 1337 rows and 708 columns
Presolve time: 0.00s
Presolved: 495 rows, 728 columns, 1477 nonzeros
---------------------------------------------------------------------------

Multi-objectives: optimize objective 1 (objective_re_1) ...
---------------------------------------------------------------------------

Found heuristic solution: objective 0.0000000
Presolve removed 79 rows and 373 columns
Presolve time: 0.00s
Presolved: 416 rows, 355 columns, 1025 nonzeros
Variable types: 0 continuous, 355 integer (355 binary)
Found heuristic solution: objective -395.4653120

Root relaxation: objective -6.403484e+02, 389 iterations, 0.00 seconds (0.00 work units)

    Nodes    |    Current Node    |     Objective Bounds      |     Work
 Expl Unexpl |  Obj  Depth IntInf | Incumbent    BestBd   Gap | It/Node Time

*    0     0               0    -640.3483754 -640.34838  0.00%     -    0s

Explored 1 nodes (389 simplex iterations) in 0.01 seconds (0.01 work units)
Thread count was 8 (of 8 available processors)

Solution count 2: -640.348 -395.465 
No other solutions better than -640.348

Optimal solution found (tolerance 1.00e-04)
Best objective -6.403483754114e+02, best bound -6.403483754114e+02, gap 0.0000%
---------------------------------------------------------------------------

Multi-objectives: optimize objective 2 (objective_cost_2) ...
---------------------------------------------------------------------------


Loaded user MIP start with objective 400

Presolve removed 79 rows and 373 columns
Presolve time: 0.00s
Presolved: 417 rows, 355 columns, 1362 nonzeros
Found heuristic solution: objective -1272.568806
Variable types: 0 continuous, 355 integer (355 binary)

Root relaxation: objective -1.273192e+03, 436 iterations, 0.00 seconds (0.00 work units)

    Nodes    |    Current Node    |     Objective Bounds      |     Work
 Expl Unexpl |  Obj  Depth IntInf | Incumbent    BestBd   Gap | It/Node Time

     0     0 infeasible    0      -1272.5688 -1272.5688  0.00%     -    0s

Explored 1 nodes (436 simplex iterations) in 0.02 seconds (0.02 work units)
Thread count was 8 (of 8 available processors)

Solution count 1: -1272.57 
No other solutions better than -1272.57

Optimal solution found (tolerance 1.00e-04)
Best objective -1.272568805556e+03, best bound -1.272568805556e+03, gap 0.0000%

---------------------------------------------------------------------------
Multi-objectives: solved in 0.03 seconds (0.02 work units), solution count 3

